2023-03-21 13:21:45,729 [INFO] ---Starting the Application---
2023-03-21 13:21:45,767 [INFO] ---Initialize testbed file---
2023-03-21 13:21:45,772 [INFO] ---testbed file ready---
2023-03-21 13:21:48,453 [INFO] ---Opening Main Menu Application---
2023-03-21 13:21:52,907 [INFO] ---Get Healty Check / Environtment Device ---
2023-03-21 13:22:15,770 [INFO] ---Starting the Application---
2023-03-21 13:22:15,803 [INFO] ---Initialize testbed file---
2023-03-21 13:22:15,807 [INFO] ---testbed file ready---
2023-03-21 13:22:16,934 [INFO] ---Opening Main Menu Application---
2023-03-21 13:22:18,812 [INFO] ---Get Healty Check / Environtment Device ---
2023-03-21 13:22:35,287 [ERROR] Exception (client): Error reading SSH protocol banner
2023-03-21 13:22:35,288 [ERROR] Exception (client): Error reading SSH protocol banner
2023-03-21 13:22:35,297 [ERROR] Traceback (most recent call last):
2023-03-21 13:22:35,297 [ERROR]   File "/usr/local/lib/python3.9/site-packages/paramiko/transport.py", line 2270, in _check_banner
2023-03-21 13:22:35,297 [ERROR]     buf = self.packetizer.readline(timeout)
2023-03-21 13:22:35,298 [ERROR]   File "/usr/local/lib/python3.9/site-packages/paramiko/packet.py", line 374, in readline
2023-03-21 13:22:35,298 [ERROR]     buf += self._read_timeout(timeout)
2023-03-21 13:22:35,298 [ERROR]   File "/usr/local/lib/python3.9/site-packages/paramiko/packet.py", line 603, in _read_timeout
2023-03-21 13:22:35,298 [ERROR]     raise EOFError()
2023-03-21 13:22:35,298 [ERROR] EOFError
2023-03-21 13:22:35,298 [ERROR] 
2023-03-21 13:22:35,299 [ERROR] During handling of the above exception, another exception occurred:
2023-03-21 13:22:35,299 [ERROR] 
2023-03-21 13:22:35,299 [ERROR] Traceback (most recent call last):
2023-03-21 13:22:35,299 [ERROR]   File "/usr/local/lib/python3.9/site-packages/paramiko/transport.py", line 2093, in run
2023-03-21 13:22:35,299 [ERROR]     self._check_banner()
2023-03-21 13:22:35,299 [ERROR]   File "/usr/local/lib/python3.9/site-packages/paramiko/transport.py", line 2274, in _check_banner
2023-03-21 13:22:35,299 [ERROR]     raise SSHException(
2023-03-21 13:22:35,300 [ERROR] paramiko.ssh_exception.SSHException: Error reading SSH protocol banner
2023-03-21 13:22:35,300 [ERROR] 
2023-03-21 13:22:35,300 [ERROR] 10.3.123.10: Failed to connect
2023-03-21 13:22:35,310 [ERROR] Traceback (most recent call last):
2023-03-21 13:22:35,311 [ERROR]   File "/usr/local/lib/python3.9/site-packages/paramiko/transport.py", line 2270, in _check_banner
2023-03-21 13:22:35,311 [ERROR]     buf = self.packetizer.readline(timeout)
2023-03-21 13:22:35,311 [ERROR]   File "/usr/local/lib/python3.9/site-packages/paramiko/packet.py", line 374, in readline
2023-03-21 13:22:35,311 [ERROR]     buf += self._read_timeout(timeout)
2023-03-21 13:22:35,311 [ERROR]   File "/usr/local/lib/python3.9/site-packages/paramiko/packet.py", line 603, in _read_timeout
2023-03-21 13:22:35,312 [ERROR]     raise EOFError()
2023-03-21 13:22:35,312 [ERROR] EOFError
2023-03-21 13:22:35,312 [ERROR] 
2023-03-21 13:22:35,312 [ERROR] During handling of the above exception, another exception occurred:
2023-03-21 13:22:35,312 [ERROR] 
2023-03-21 13:22:35,312 [ERROR] Traceback (most recent call last):
2023-03-21 13:22:35,313 [ERROR]   File "/usr/local/lib/python3.9/site-packages/paramiko/transport.py", line 2093, in run
2023-03-21 13:22:35,313 [ERROR]     self._check_banner()
2023-03-21 13:22:35,313 [ERROR]   File "/usr/local/lib/python3.9/site-packages/paramiko/transport.py", line 2274, in _check_banner
2023-03-21 13:22:35,313 [ERROR]     raise SSHException(
2023-03-21 13:22:35,313 [ERROR] paramiko.ssh_exception.SSHException: Error reading SSH protocol banner
2023-03-21 13:22:35,313 [ERROR] 
2023-03-21 13:22:35,314 [ERROR] 10.22.123.10: Failed to connect
<<<<<<< HEAD
<<<<<<< HEAD
2023-03-24 14:09:28,723 [INFO] ---Starting the Application---
2023-03-24 14:09:28,749 [INFO] ---Initialize testbed file---
2023-03-24 14:09:28,751 [INFO] ---testbed file ready---
2023-03-24 14:10:23,268 [INFO] ---Starting the Application---
2023-03-24 14:10:23,296 [INFO] ---Initialize testbed file---
2023-03-24 14:10:23,300 [INFO] ---testbed file ready---
2023-03-24 14:10:24,932 [INFO] ---Opening Main Menu Application---
2023-03-24 14:10:30,867 [INFO] ---Get Configuration Device---
2023-03-24 14:10:30,870 [INFO] Proccesing menu1
2023-03-24 14:10:30,977 [INFO] ---Get Memmory Utilization---
2023-03-24 14:10:30,984 [INFO] Proccesing menu3
2023-03-24 14:10:31,139 [INFO] ---Get CPU Utilization---
2023-03-24 14:10:31,142 [INFO] Proccesing menu4
2023-03-24 14:10:31,589 [INFO] Connecting to device xe1
2023-03-24 14:10:31,599 [INFO] ===== processing xe1 =====
2023-03-24 14:10:31,710 [INFO] ===== processing xe2 =====
2023-03-24 14:10:31,727 [INFO] Connecting to device xe2
2023-03-24 14:10:31,885 [INFO] ===== processing xe3 =====
2023-03-24 14:10:31,893 [INFO] Connecting to device xe3
2023-03-24 14:10:32,010 [INFO] ===== processing xr1 =====
2023-03-24 14:10:32,280 [INFO] Connecting to device xr1
2023-03-24 14:10:32,384 [INFO] ===== processing xr2 =====
2023-03-24 14:10:32,512 [INFO] Connecting to device xr2
2023-03-24 14:10:32,593 [INFO] ===== processing xr3 =====
2023-03-24 14:10:32,649 [INFO] Connecting to device xr3
2023-03-24 14:10:33,164 [INFO] Device: xe1
2023-03-24 14:10:33,395 [INFO] Device: xe3
2023-03-24 14:10:33,431 [INFO] Device: xe2
2023-03-24 14:10:34,273 [INFO] Device: xr1
2023-03-24 14:10:34,274 [INFO] Device: xr2
2023-03-24 14:10:34,992 [INFO] ---getting capture config from device xe2---
2023-03-24 14:10:35,237 [INFO] ---getting capture config from device xe1---
2023-03-24 14:10:35,525 [INFO] ---getting capture config from device xe3---
2023-03-24 14:10:35,637 [INFO] xe2_24-03-23_14_10_34.txt
2023-03-24 14:10:36,061 [INFO] xe1_24-03-23_14_10_35.txt
2023-03-24 14:10:36,114 [INFO] xe3_24-03-23_14_10_35.txt
2023-03-24 14:10:38,255 [INFO] 2, xe2, 1%, 99%, low
2023-03-24 14:10:38,262 [INFO] 1, xe1, 1%, 99%, low
2023-03-24 14:10:38,281 [INFO] 3, xe3, 1%, 99%, low
2023-03-24 14:10:43,775 [ERROR] Unexpected error occurred: failed to connect to xr1
Failed while bringing device to "any" state
2023-03-24 14:10:44,285 [ERROR] Error connecting to device xr1: failed to connect to xr1
Failed while bringing device to "any" state
2023-03-24 14:10:44,448 [ERROR] Error connecting to device xr2: failed to connect to xr2
Failed while bringing device to "any" state
2023-03-24 14:10:44,455 [ERROR] Unexpected error occurred: failed to connect to xr2
Failed while bringing device to "any" state
2023-03-24 14:11:09,844 [ERROR] Unexpected error occurred: failed to connect to xr3
Failed while bringing device to "any" state
2023-03-24 14:11:09,847 [INFO] Script execution completed successfully.
2023-03-24 14:11:09,852 [ERROR] Error connecting to device xr3: failed to connect to xr3
Failed while bringing device to "any" state
2023-03-24 14:11:09,855 [ERROR] Error connecting to device xr3: failed to connect to xr3
Failed while bringing device to "any" state
2023-03-24 14:11:09,860 [INFO] Script execution completed successfully.
2023-03-24 14:11:09,864 [INFO] Script execution completed successfully.
2023-03-24 14:20:05,643 [INFO] ---Starting the Application---
2023-03-24 14:20:05,668 [INFO] ---Initialize testbed file---
2023-03-24 14:20:05,670 [INFO] ---testbed file ready---
2023-03-24 14:20:07,053 [INFO] ---Opening Main Menu Application---
2023-03-24 14:20:15,929 [INFO] ---Get CDP Neighbours ---
2023-03-24 14:20:16,194 [INFO] getting CDP neighbours information from Device: xe1
2023-03-24 14:20:16,311 [INFO] getting CDP neighbours information from Device: xe2
2023-03-24 14:20:16,436 [INFO] getting CDP neighbours information from Device: xe3
2023-03-24 14:20:18,527 [INFO] Connecting to Device: xe2
2023-03-24 14:20:20,153 [INFO] Connecting to Device: xe1
2023-03-24 14:20:21,523 [INFO] Connecting to Device: xe3
2023-03-24 14:21:34,309 [INFO] ---Starting the Application---
2023-03-24 14:21:34,327 [INFO] ---Initialize testbed file---
2023-03-24 14:21:34,330 [INFO] ---testbed file ready---
2023-03-24 14:21:36,102 [INFO] ---Opening Main Menu Application---
2023-03-24 14:21:49,343 [INFO] ---Get Memmory Utilization---
2023-03-24 14:21:49,346 [INFO] Proccesing menu: Get CPU Utils
2023-03-24 14:21:49,575 [INFO] ---Get CPU Utilization---
2023-03-24 14:21:49,578 [INFO] Proccesing menu: Get Logging Device
2023-03-24 14:21:49,720 [INFO] ---Get Logging device---
2023-03-24 14:21:49,725 [INFO] Proccesing menu: Interface CRC
2023-03-24 14:21:49,885 [INFO] Connecting to device xe1
2023-03-24 14:21:49,903 [INFO] ---Get Interface CRC device---
2023-03-24 14:21:49,906 [INFO] Proccesing menu: CDP Neighbours
2023-03-24 14:21:50,033 [INFO] ---Get CDP Neighbours ---
2023-03-24 14:21:50,023 [INFO] Connecting to device xe2
2023-03-24 14:21:50,041 [INFO] Proccesing menu: Get Environtment
2023-03-24 14:21:50,056 [INFO] getting CRC information from Device: xe1
2023-03-24 14:21:50,060 [INFO] ===== processing xe1 =====
2023-03-24 14:21:50,228 [INFO] Connecting to device xe3
2023-03-24 14:21:50,260 [INFO] getting CDP neighbours information from Device: xe1
2023-03-24 14:21:50,393 [INFO] getting CRC information from Device: xe2
2023-03-24 14:21:50,409 [INFO] ===== processing xe2 =====
2023-03-24 14:21:50,466 [INFO] getting CDP neighbours information from Device: xe2
2023-03-24 14:21:50,497 [INFO] Connecting to device xr1
2023-03-24 14:21:50,523 [INFO] getting CRC information from Device: xe3
2023-03-24 14:21:50,604 [INFO] ===== processing xe3 =====
2023-03-24 14:21:50,621 [INFO] getting CDP neighbours information from Device: xe3
2023-03-24 14:21:50,661 [INFO] Connecting to device xr2
2023-03-24 14:21:50,782 [INFO] ===== processing xr1 =====
2023-03-24 14:21:50,923 [INFO] Connecting to device xr3
2023-03-24 14:21:50,998 [INFO] ===== processing xr2 =====
2023-03-24 14:21:51,151 [INFO] ===== processing xr3 =====
2023-03-24 14:21:51,356 [INFO] Device: xe2
2023-03-24 14:21:51,532 [INFO] Device: xe1
2023-03-24 14:21:51,536 [INFO] Device: xe3
2023-03-24 14:21:51,782 [INFO] Connecting to Device: xe2
2023-03-24 14:21:51,927 [INFO] Connecting to Device: xe1
2023-03-24 14:21:52,288 [INFO] Connecting to Device: xe3
2023-03-24 14:21:52,312 [INFO] Device: xr1
2023-03-24 14:21:52,409 [INFO] Device: xr2
2023-03-24 14:21:53,091 [INFO] ---getting capture logging from device xe2---
2023-03-24 14:21:53,436 [INFO] ---getting capture logging from device xe1---
2023-03-24 14:21:53,527 [INFO] ---getting capture logging from device xe3---
2023-03-24 14:21:54,561 [INFO] Connecting to Device: xe2
2023-03-24 14:21:54,664 [INFO] xe2_24-03-23_14_21_53.txt
2023-03-24 14:21:54,673 [INFO] Connecting to Device: xe1
2023-03-24 14:21:54,977 [INFO] xe1_24-03-23_14_21_53.txt
2023-03-24 14:21:55,044 [INFO] xe3_24-03-23_14_21_54.txt
2023-03-24 14:21:55,089 [INFO] 1, xe1, 2%, 98%, low
2023-03-24 14:21:55,092 [INFO] Connecting to Device: xe3
2023-03-24 14:21:55,141 [INFO] 2, xe2, 1%, 99%, low
2023-03-24 14:21:55,169 [INFO] 3, xe3, 1%, 99%, low
2023-03-24 14:21:56,076 [INFO] Get Interface CRC -  execution completed successfully.
2023-03-24 14:22:02,065 [ERROR] Error connecting to device xr1: failed to connect to xr1
Failed while bringing device to "any" state
2023-03-24 14:22:02,344 [ERROR] Error connecting to device xr2: failed to connect to xr2
Failed while bringing device to "any" state
2023-03-24 14:22:02,447 [ERROR] Unexpected error occurred: failed to connect to xr1
Failed while bringing device to "any" state
2023-03-24 14:22:02,548 [ERROR] Unexpected error occurred: failed to connect to xr2
Failed while bringing device to "any" state
2023-03-24 14:22:23,215 [ERROR] Error connecting to device xr3: failed to connect to xr3
Failed while bringing device to "any" state
2023-03-24 14:22:23,222 [INFO] Get Memmory Utilization - execution completed successfully.
2023-03-24 14:22:23,331 [ERROR] Error connecting to device xr3: failed to connect to xr3
Failed while bringing device to "any" state
2023-03-24 14:22:23,336 [INFO] Get Logging Device - execution completed successfully.
2023-03-24 14:22:23,457 [ERROR] Unexpected error occurred: failed to connect to xr3
Failed while bringing device to "any" state
2023-03-24 14:22:23,461 [INFO] Get CPU Utilization -  execution completed successfully.
2023-03-24 14:23:48,818 [INFO] ---Starting the Application---
2023-03-24 14:23:48,835 [INFO] ---Initialize testbed file---
2023-03-24 14:23:48,837 [INFO] ---testbed file ready---
2023-03-24 14:23:50,530 [INFO] ---Opening Main Menu Application---
2023-03-24 14:23:53,687 [INFO] ---Get Memmory Utilization---
2023-03-24 14:23:53,689 [INFO] Proccesing menu: Get Logging Device
2023-03-24 14:23:53,864 [INFO] ---Get CPU Utilization---
2023-03-24 14:23:53,873 [INFO] Proccesing menu: Interface CRC
2023-03-24 14:23:54,200 [INFO] ===== processing xe1 =====
2023-03-24 14:23:54,320 [INFO] ===== processing xe2 =====
2023-03-24 14:23:54,451 [INFO] ===== processing xe3 =====
2023-03-24 14:23:54,562 [INFO] ===== processing xr1 =====
2023-03-24 14:23:54,684 [INFO] ===== processing xr2 =====
2023-03-24 14:23:54,799 [INFO] ===== processing xr3 =====
2023-03-24 14:23:55,190 [INFO] Device: xe2
2023-03-24 14:23:55,210 [INFO] Device: xe3
2023-03-24 14:23:55,233 [INFO] Device: xe1
2023-03-24 14:23:56,037 [INFO] Device: xr1
2023-03-24 14:23:56,054 [INFO] Device: xr2
2023-03-24 14:23:57,922 [INFO] 1, xe1, 2%, 98%, low
2023-03-24 14:23:57,931 [INFO] 2, xe2, 1%, 99%, low
2023-03-24 14:23:57,938 [INFO] 3, xe3, 1%, 99%, low
2023-03-24 14:24:05,707 [ERROR] Unexpected error occurred: failed to connect to xr1
Failed while bringing device to "any" state
2023-03-24 14:24:05,830 [ERROR] Unexpected error occurred: failed to connect to xr2
Failed while bringing device to "any" state
2023-03-24 14:24:26,884 [ERROR] Error connecting to device xr3: failed to connect to xr3
Failed while bringing device to "any" state
2023-03-24 14:24:26,892 [INFO] Get Memmory Utilization - execution completed successfully.
2023-03-24 14:24:26,997 [ERROR] Unexpected error occurred: failed to connect to xr3
Failed while bringing device to "any" state
2023-03-24 14:24:27,000 [INFO] Get CPU Utilization -  execution completed successfully.
2023-03-24 14:24:44,673 [INFO] ---Starting the Application---
2023-03-24 14:24:44,697 [INFO] ---Initialize testbed file---
2023-03-24 14:24:44,699 [INFO] ---testbed file ready---
2023-03-24 14:24:47,402 [INFO] ---Opening Main Menu Application---
2023-03-24 14:24:50,980 [INFO] ---Get Memmory Utilization---
2023-03-24 14:24:50,981 [INFO] Proccesing menu: Get Memmory Utils
2023-03-24 14:24:51,158 [INFO] ---Get CPU Utilization---
2023-03-24 14:24:51,162 [INFO] Proccesing menu: Get CPU Utils
2023-03-24 14:24:51,315 [INFO] ---Get Logging device---
2023-03-24 14:24:51,318 [INFO] Proccesing menu: Get Logging Device
2023-03-24 14:24:51,461 [INFO] Connecting to device xe1
2023-03-24 14:24:51,532 [INFO] ===== processing xe1 =====
2023-03-24 14:24:51,590 [INFO] Connecting to device xe2
2023-03-24 14:24:51,663 [INFO] ===== processing xe2 =====
2023-03-24 14:24:51,741 [INFO] Connecting to device xe3
2023-03-24 14:24:51,786 [INFO] ===== processing xe3 =====
2023-03-24 14:24:51,871 [INFO] Connecting to device xr1
2023-03-24 14:24:51,946 [INFO] ===== processing xr1 =====
2023-03-24 14:24:52,135 [INFO] ===== processing xr2 =====
2023-03-24 14:24:52,290 [INFO] Connecting to device xr2
2023-03-24 14:24:52,563 [INFO] Connecting to device xr3
2023-03-24 14:24:52,617 [INFO] ===== processing xr3 =====
2023-03-24 14:24:52,919 [INFO] Device: xe1
2023-03-24 14:24:53,030 [INFO] Device: xe3
2023-03-24 14:24:53,051 [INFO] Device: xe2
2023-03-24 14:24:53,875 [INFO] Device: xr2
2023-03-24 14:24:54,800 [INFO] ---getting capture logging from device xe1---
2023-03-24 14:24:54,825 [INFO] ---getting capture logging from device xe3---
2023-03-24 14:24:54,825 [INFO] ---getting capture logging from device xe2---
2023-03-24 14:24:55,912 [INFO] xe3_24-03-23_14_24_54.txt
2023-03-24 14:24:56,026 [INFO] xe2_24-03-23_14_24_54.txt
2023-03-24 14:24:56,030 [INFO] xe1_24-03-23_14_24_54.txt
2023-03-24 14:24:56,160 [INFO] 1, xe1, 2%, 98%, low
2023-03-24 14:24:56,166 [INFO] 3, xe3, 1%, 99%, low
2023-03-24 14:24:56,200 [INFO] 2, xe2, 1%, 99%, low
2023-03-24 14:24:58,325 [INFO] ---getting capture logging from device xr1---
2023-03-24 14:24:59,392 [INFO] xr1_24-03-23_14_24_58.txt
2023-03-24 14:25:03,685 [ERROR] Error connecting to device xr1: failed to connect to xr1
Failed while bringing device to "any" state
2023-03-24 14:25:03,724 [ERROR] Unexpected error occurred: failed to connect to xr1
Failed while bringing device to "any" state
2023-03-24 14:25:03,955 [ERROR] Error connecting to device xr2: failed to connect to xr2
Failed while bringing device to "any" state
2023-03-24 14:25:04,028 [ERROR] Unexpected error occurred: failed to connect to xr2
Failed while bringing device to "any" state
2023-03-24 14:25:24,661 [ERROR] Error connecting to device xr3: failed to connect to xr3
Failed while bringing device to "any" state
2023-03-24 14:25:24,668 [INFO] Get Memmory Utilization - execution completed successfully.
2023-03-24 14:25:25,030 [ERROR] Error connecting to device xr3: failed to connect to xr3
Failed while bringing device to "any" state
2023-03-24 14:25:25,035 [INFO] Get Logging Device - execution completed successfully.
2023-03-24 14:25:25,075 [ERROR] Unexpected error occurred: failed to connect to xr3
Failed while bringing device to "any" state
2023-03-24 14:25:25,083 [INFO] Get CPU Utilization -  execution completed successfully.
=======
=======
>>>>>>> aa05144dc5b09034697ecdc17e7a57426bef14db
2023-03-21 22:45:16,686 [INFO] ---Starting the Application---
2023-03-21 22:45:16,693 [INFO] ---Initialize testbed file---
2023-03-21 22:45:16,694 [INFO] ---testbed file ready---
2023-03-21 22:45:20,613 [INFO] ---Opening Main Menu Application---
2023-03-21 22:45:32,400 [INFO] ---Get Healty Check / Environtment Device ---
2023-03-21 22:45:42,408 [ERROR] 10.22.123.10: Failed to connect
2023-03-21 22:45:42,408 [ERROR] 10.3.123.10: Failed to connect
2023-03-21 22:45:55,698 [INFO] ---Starting the Application---
2023-03-21 22:45:55,705 [INFO] ---Initialize testbed file---
2023-03-21 22:45:55,706 [INFO] ---testbed file ready---
2023-03-21 22:45:57,852 [INFO] ---Opening Main Menu Application---
2023-03-21 22:46:00,252 [INFO] ---Get Healty Check / Environtment Device ---
2023-03-21 22:46:00,318 [INFO] Connected (version 1.99, client Cisco-1.25)
2023-03-21 22:46:00,778 [INFO] Connected (version 1.99, client Cisco-1.25)
2023-03-21 22:46:00,917 [INFO] Authentication (password) successful!
2023-03-21 22:46:01,412 [INFO] Authentication (password) successful!
2023-03-21 22:46:01,497 [INFO] 10.3.123.10 : Connected 
2023-03-21 22:46:01,933 [INFO] 10.3.123.10 : Entered enable mode 
2023-03-21 22:46:02,066 [INFO] 10.3.123.10 : Command 'show environment' sent
2023-03-21 22:46:02,126 [INFO] 10.3.123.10 : Command 'show environment' parsed
2023-03-21 22:46:02,126 [ERROR] 10.3.123.10 : Output saving for show environment failed
2023-03-21 22:46:02,126 [ERROR] 10.3.123.10 : Output saving for show environment summary failed
2023-03-21 22:46:02,152 [INFO] 10.3.123.10 : Disconnected succcessfully
2023-03-21 22:46:02,243 [INFO] 10.22.123.10 : Connected 
2023-03-21 22:46:02,643 [INFO] 10.22.123.10 : Entered enable mode 
2023-03-21 22:46:02,915 [INFO] 10.22.123.10 : Command 'show environment' sent
2023-03-21 22:46:02,924 [INFO] 10.22.123.10 : Command 'show environment' parsed
2023-03-21 22:46:02,924 [ERROR] 10.22.123.10 : Output saving for show environment failed
2023-03-21 22:46:02,924 [ERROR] 10.22.123.10 : Output saving for show environment summary failed
2023-03-21 22:46:02,999 [INFO] 10.22.123.10 : Disconnected succcessfully
2023-03-21 22:49:15,646 [INFO] ---Starting the Application---
2023-03-21 22:49:15,653 [INFO] ---Initialize testbed file---
2023-03-21 22:49:15,654 [INFO] ---testbed file ready---
2023-03-21 22:49:17,767 [INFO] ---Opening Main Menu Application---
2023-03-21 22:49:22,989 [INFO] ---Get Healty Check / Environtment Device ---
2023-03-21 22:49:23,088 [INFO] Connected (version 1.99, client Cisco-1.25)
2023-03-21 22:49:23,178 [INFO] Connected (version 1.99, client Cisco-1.25)
2023-03-21 22:49:23,729 [INFO] Authentication (password) successful!
2023-03-21 22:49:23,931 [INFO] Authentication (password) successful!
2023-03-21 22:49:24,281 [INFO] 10.3.123.10 : Connected 
2023-03-21 22:49:24,506 [INFO] 10.3.123.10 : Entered enable mode 
2023-03-21 22:49:24,566 [INFO] 10.22.123.10 : Connected 
2023-03-21 22:49:24,707 [INFO] 10.3.123.10 : Command 'show environment' sent
2023-03-21 22:49:24,753 [INFO] 10.3.123.10 : Command 'show environment' parsed
2023-03-21 22:49:24,753 [INFO] 10.3.123.10 : Output saved to JKT-CC-VG_show environment.csv
2023-03-21 22:49:24,753 [INFO] 10.3.123.10 : Output saved to show environment_summary.csv
2023-03-21 22:49:24,778 [INFO] 10.3.123.10 : Disconnected succcessfully
2023-03-21 22:49:25,290 [INFO] 10.22.123.10 : Entered enable mode 
2023-03-21 22:49:25,584 [INFO] 10.22.123.10 : Command 'show environment' sent
2023-03-21 22:49:25,592 [INFO] 10.22.123.10 : Command 'show environment' parsed
2023-03-21 22:49:25,593 [INFO] 10.22.123.10 : Output saved to MKS-CC-VG_show environment.csv
2023-03-21 22:49:25,593 [INFO] 10.22.123.10 : Output saved to show environment_summary.csv
2023-03-21 22:49:25,694 [INFO] 10.22.123.10 : Disconnected succcessfully
2023-03-21 22:50:15,738 [INFO] ---Starting the Application---
2023-03-21 22:50:15,745 [INFO] ---Initialize testbed file---
2023-03-21 22:50:15,745 [INFO] ---testbed file ready---
2023-03-21 22:50:18,058 [INFO] ---Opening Main Menu Application---
2023-03-21 22:50:21,774 [INFO] ---Get Healty Check / Environtment Device ---
2023-03-21 22:50:21,873 [INFO] Connected (version 1.99, client Cisco-1.25)
2023-03-21 22:50:21,921 [INFO] Connected (version 1.99, client Cisco-1.25)
2023-03-21 22:50:22,265 [INFO] Authentication (password) successful!
2023-03-21 22:50:22,688 [INFO] 10.3.123.10 : Connected 
2023-03-21 22:50:22,830 [INFO] Authentication (password) successful!
2023-03-21 22:50:22,960 [INFO] 10.3.123.10 : Entered enable mode 
2023-03-21 22:50:23,130 [INFO] 10.3.123.10 : Command 'show environment' sent
2023-03-21 22:50:23,189 [INFO] 10.3.123.10 : Command 'show environment' parsed
2023-03-21 22:50:23,190 [INFO] 10.3.123.10 : Output saved to JKT-CC-VG_show environment.csv
2023-03-21 22:50:23,190 [INFO] 10.3.123.10 : Output saved to show environment_summary.csv
2023-03-21 22:50:23,203 [INFO] 10.3.123.10 : Disconnected succcessfully
2023-03-21 22:50:23,456 [INFO] 10.22.123.10 : Connected 
2023-03-21 22:50:23,824 [INFO] 10.22.123.10 : Entered enable mode 
2023-03-21 22:50:24,109 [INFO] 10.22.123.10 : Command 'show environment' sent
2023-03-21 22:50:24,118 [INFO] 10.22.123.10 : Command 'show environment' parsed
2023-03-21 22:50:24,119 [INFO] 10.22.123.10 : Output saved to MKS-CC-VG_show environment.csv
2023-03-21 22:50:24,119 [INFO] 10.22.123.10 : Output saved to show environment_summary.csv
2023-03-21 22:50:24,208 [INFO] 10.22.123.10 : Disconnected succcessfully
2023-03-21 22:50:41,903 [INFO] ---Starting the Application---
2023-03-21 22:50:41,910 [INFO] ---Initialize testbed file---
2023-03-21 22:50:41,910 [INFO] ---testbed file ready---
2023-03-21 22:50:44,036 [INFO] ---Opening Main Menu Application---
2023-03-21 22:50:47,134 [INFO] ---Get Healty Check / Environtment Device ---
2023-03-21 22:50:47,352 [INFO] Connected (version 1.99, client Cisco-1.25)
2023-03-21 22:50:47,392 [INFO] Connected (version 1.99, client Cisco-1.25)
2023-03-21 22:50:48,189 [INFO] Authentication (password) successful!
2023-03-21 22:50:48,208 [INFO] Authentication (password) successful!
2023-03-21 22:50:48,640 [INFO] 10.3.123.10 : Connected 
2023-03-21 22:50:48,726 [INFO] 10.22.123.10 : Connected 
2023-03-21 22:50:48,886 [INFO] 10.3.123.10 : Entered enable mode 
2023-03-21 22:50:49,035 [INFO] 10.22.123.10 : Entered enable mode 
2023-03-21 22:50:49,049 [INFO] 10.3.123.10 : Command 'show environment' sent
2023-03-21 22:50:49,103 [INFO] 10.3.123.10 : Command 'show environment' parsed
2023-03-21 22:50:49,103 [INFO] 10.3.123.10 : Output saved to JKT-CC-VG_show environment.csv
2023-03-21 22:50:49,103 [INFO] 10.3.123.10 : Output saved to show environment_summary.csv
2023-03-21 22:50:49,116 [INFO] 10.3.123.10 : Disconnected succcessfully
2023-03-21 22:50:49,283 [INFO] 10.22.123.10 : Command 'show environment' sent
2023-03-21 22:50:49,291 [INFO] 10.22.123.10 : Command 'show environment' parsed
2023-03-21 22:50:49,292 [INFO] 10.22.123.10 : Output saved to MKS-CC-VG_show environment.csv
2023-03-21 22:50:49,292 [INFO] 10.22.123.10 : Output saved to show environment_summary.csv
2023-03-21 22:50:49,344 [INFO] 10.22.123.10 : Disconnected succcessfully
<<<<<<< HEAD
>>>>>>> b554fdf2f377bf86adf48757aa5b6cd980b07b9d
=======
2023-03-23 19:46:49,140 [INFO] ---Starting the Application---
2023-03-23 19:46:49,148 [INFO] ---Initialize testbed file---
2023-03-23 19:46:49,149 [INFO] ---testbed file ready---
2023-03-23 19:46:53,644 [INFO] ---Opening Main Menu Application---
2023-03-23 19:46:58,815 [INFO] ---Get Healty Check / Environtment Device ---
2023-03-23 19:46:58,881 [INFO] Connected (version 1.99, client Cisco-1.25)
2023-03-23 19:46:58,925 [INFO] Connected (version 1.99, client Cisco-1.25)
2023-03-23 19:46:59,721 [INFO] Authentication (password) successful!
2023-03-23 19:46:59,839 [INFO] Authentication (password) successful!
2023-03-23 19:47:00,104 [INFO] 10.3.123.10 : Connected 
2023-03-23 19:47:00,276 [INFO] 10.3.123.10 : Entered enable mode 
2023-03-23 19:47:00,319 [INFO] 10.22.123.10 : Connected 
2023-03-23 19:47:00,446 [INFO] 10.3.123.10 : Command 'show environment' sent
2023-03-23 19:47:00,506 [INFO] 10.3.123.10 : Command 'show environment' parsed
2023-03-23 19:47:00,507 [INFO] 10.3.123.10 : Output saved to JKT-CC-VG_show environment.csv
2023-03-23 19:47:00,507 [INFO] 10.3.123.10 : Output saved to show environment_summary.csv
2023-03-23 19:47:00,557 [INFO] 10.3.123.10 : Disconnected succcessfully
2023-03-23 19:47:00,740 [INFO] 10.22.123.10 : Entered enable mode 
2023-03-23 19:47:01,012 [INFO] 10.22.123.10 : Command 'show environment' sent
2023-03-23 19:47:01,020 [INFO] 10.22.123.10 : Command 'show environment' parsed
2023-03-23 19:47:01,021 [INFO] 10.22.123.10 : Output saved to MKS-CC-VG_show environment.csv
2023-03-23 19:47:01,021 [INFO] 10.22.123.10 : Output saved to show environment_summary.csv
2023-03-23 19:47:01,083 [INFO] 10.22.123.10 : Disconnected succcessfully
2023-03-23 19:47:14,541 [INFO] ---Starting the Application---
2023-03-23 19:47:14,548 [INFO] ---Initialize testbed file---
2023-03-23 19:47:14,549 [INFO] ---testbed file ready---
2023-03-23 19:47:16,339 [INFO] ---Opening Main Menu Application---
2023-03-23 19:47:19,373 [INFO] ---Get Healty Check / Environtment Device ---
2023-03-23 19:47:19,438 [INFO] Connected (version 1.99, client Cisco-1.25)
2023-03-23 19:47:19,483 [INFO] Connected (version 1.99, client Cisco-1.25)
2023-03-23 19:47:19,906 [INFO] Authentication (password) successful!
2023-03-23 19:47:20,610 [INFO] 10.3.123.10 : Connected 
2023-03-23 19:47:20,760 [INFO] Authentication (password) successful!
2023-03-23 19:47:20,823 [INFO] 10.3.123.10 : Entered enable mode 
2023-03-23 19:47:21,047 [INFO] 10.3.123.10 : Command 'show environment' sent
2023-03-23 19:47:21,108 [INFO] 10.3.123.10 : Command 'show environment' parsed
2023-03-23 19:47:21,108 [INFO] 10.3.123.10 : Output saved to JKT-CC-VG_show environment.csv
2023-03-23 19:47:21,108 [INFO] 10.3.123.10 : Output saved to show environment_summary.csv
2023-03-23 19:47:21,133 [INFO] 10.3.123.10 : Disconnected succcessfully
2023-03-23 19:47:21,391 [INFO] 10.22.123.10 : Connected 
2023-03-23 19:47:21,727 [INFO] 10.22.123.10 : Entered enable mode 
2023-03-23 19:47:21,936 [INFO] 10.22.123.10 : Command 'show environment' sent
2023-03-23 19:47:21,945 [INFO] 10.22.123.10 : Command 'show environment' parsed
2023-03-23 19:47:21,946 [INFO] 10.22.123.10 : Output saved to MKS-CC-VG_show environment.csv
2023-03-23 19:47:21,946 [INFO] 10.22.123.10 : Output saved to show environment_summary.csv
2023-03-23 19:47:22,033 [INFO] 10.22.123.10 : Disconnected succcessfully
2023-03-23 20:45:30,576 [INFO] ---Starting the Application---
2023-03-23 20:45:30,584 [INFO] ---Initialize testbed file---
2023-03-23 20:45:30,585 [INFO] ---testbed file ready---
2023-03-23 20:45:32,581 [INFO] ---Opening Main Menu Application---
2023-03-23 20:45:36,120 [INFO] ---Get CPU Utilization---
2023-03-23 20:46:14,693 [INFO] ---Starting the Application---
2023-03-23 20:46:14,701 [INFO] ---Initialize testbed file---
2023-03-23 20:46:14,701 [INFO] ---testbed file ready---
2023-03-23 20:46:16,740 [INFO] ---Opening Main Menu Application---
2023-03-23 20:46:20,150 [INFO] ---Get CPU Utilization---
2023-03-23 20:46:20,280 [INFO] ===== processing xe1 =====
2023-03-23 20:46:20,386 [INFO] ===== processing xe2 =====
2023-03-23 20:46:20,495 [INFO] ===== processing xe3 =====
2023-03-23 20:46:20,605 [INFO] ===== processing xr1 =====
2023-03-23 20:46:20,715 [INFO] ===== processing xr2 =====
2023-03-23 20:46:20,828 [INFO] ===== processing xr3 =====
2023-03-23 20:46:22,352 [INFO] 1, xe1, 1%, 99%, low
2023-03-23 20:46:22,387 [INFO] 2, xe2, 1%, 99%, low
2023-03-23 20:46:22,403 [INFO] 3, xe3, 1%, 99%, low
2023-03-23 20:46:23,554 [INFO] 4, xr1, 1%, 99%, low
2023-03-23 20:46:23,717 [INFO] 5, xr2, 1%, 99%, low
>>>>>>> aa05144dc5b09034697ecdc17e7a57426bef14db
