2023-03-21 13:21:45,729 [INFO] ---Starting the Application---
2023-03-21 13:21:45,767 [INFO] ---Initialize testbed file---
2023-03-21 13:21:45,772 [INFO] ---testbed file ready---
2023-03-21 13:21:48,453 [INFO] ---Opening Main Menu Application---
2023-03-21 13:21:52,907 [INFO] ---Get Healty Check / Environtment Device ---
2023-03-21 13:22:15,770 [INFO] ---Starting the Application---
2023-03-21 13:22:15,803 [INFO] ---Initialize testbed file---
2023-03-21 13:22:15,807 [INFO] ---testbed file ready---
2023-03-21 13:22:16,934 [INFO] ---Opening Main Menu Application---
2023-03-21 13:22:18,812 [INFO] ---Get Healty Check / Environtment Device ---
2023-03-21 13:22:35,287 [ERROR] Exception (client): Error reading SSH protocol banner
2023-03-21 13:22:35,288 [ERROR] Exception (client): Error reading SSH protocol banner
2023-03-21 13:22:35,297 [ERROR] Traceback (most recent call last):
2023-03-21 13:22:35,297 [ERROR]   File "/usr/local/lib/python3.9/site-packages/paramiko/transport.py", line 2270, in _check_banner
2023-03-21 13:22:35,297 [ERROR]     buf = self.packetizer.readline(timeout)
2023-03-21 13:22:35,298 [ERROR]   File "/usr/local/lib/python3.9/site-packages/paramiko/packet.py", line 374, in readline
2023-03-21 13:22:35,298 [ERROR]     buf += self._read_timeout(timeout)
2023-03-21 13:22:35,298 [ERROR]   File "/usr/local/lib/python3.9/site-packages/paramiko/packet.py", line 603, in _read_timeout
2023-03-21 13:22:35,298 [ERROR]     raise EOFError()
2023-03-21 13:22:35,298 [ERROR] EOFError
2023-03-21 13:22:35,298 [ERROR] 
2023-03-21 13:22:35,299 [ERROR] During handling of the above exception, another exception occurred:
2023-03-21 13:22:35,299 [ERROR] 
2023-03-21 13:22:35,299 [ERROR] Traceback (most recent call last):
2023-03-21 13:22:35,299 [ERROR]   File "/usr/local/lib/python3.9/site-packages/paramiko/transport.py", line 2093, in run
2023-03-21 13:22:35,299 [ERROR]     self._check_banner()
2023-03-21 13:22:35,299 [ERROR]   File "/usr/local/lib/python3.9/site-packages/paramiko/transport.py", line 2274, in _check_banner
2023-03-21 13:22:35,299 [ERROR]     raise SSHException(
2023-03-21 13:22:35,300 [ERROR] paramiko.ssh_exception.SSHException: Error reading SSH protocol banner
2023-03-21 13:22:35,300 [ERROR] 
2023-03-21 13:22:35,300 [ERROR] 10.3.123.10: Failed to connect
2023-03-21 13:22:35,310 [ERROR] Traceback (most recent call last):
2023-03-21 13:22:35,311 [ERROR]   File "/usr/local/lib/python3.9/site-packages/paramiko/transport.py", line 2270, in _check_banner
2023-03-21 13:22:35,311 [ERROR]     buf = self.packetizer.readline(timeout)
2023-03-21 13:22:35,311 [ERROR]   File "/usr/local/lib/python3.9/site-packages/paramiko/packet.py", line 374, in readline
2023-03-21 13:22:35,311 [ERROR]     buf += self._read_timeout(timeout)
2023-03-21 13:22:35,311 [ERROR]   File "/usr/local/lib/python3.9/site-packages/paramiko/packet.py", line 603, in _read_timeout
2023-03-21 13:22:35,312 [ERROR]     raise EOFError()
2023-03-21 13:22:35,312 [ERROR] EOFError
2023-03-21 13:22:35,312 [ERROR] 
2023-03-21 13:22:35,312 [ERROR] During handling of the above exception, another exception occurred:
2023-03-21 13:22:35,312 [ERROR] 
2023-03-21 13:22:35,312 [ERROR] Traceback (most recent call last):
2023-03-21 13:22:35,313 [ERROR]   File "/usr/local/lib/python3.9/site-packages/paramiko/transport.py", line 2093, in run
2023-03-21 13:22:35,313 [ERROR]     self._check_banner()
2023-03-21 13:22:35,313 [ERROR]   File "/usr/local/lib/python3.9/site-packages/paramiko/transport.py", line 2274, in _check_banner
2023-03-21 13:22:35,313 [ERROR]     raise SSHException(
2023-03-21 13:22:35,313 [ERROR] paramiko.ssh_exception.SSHException: Error reading SSH protocol banner
2023-03-21 13:22:35,313 [ERROR] 
2023-03-21 13:22:35,314 [ERROR] 10.22.123.10: Failed to connect
2023-03-21 22:45:16,686 [INFO] ---Starting the Application---
2023-03-21 22:45:16,693 [INFO] ---Initialize testbed file---
2023-03-21 22:45:16,694 [INFO] ---testbed file ready---
2023-03-21 22:45:20,613 [INFO] ---Opening Main Menu Application---
2023-03-21 22:45:32,400 [INFO] ---Get Healty Check / Environtment Device ---
2023-03-21 22:45:42,408 [ERROR] 10.22.123.10: Failed to connect
2023-03-21 22:45:42,408 [ERROR] 10.3.123.10: Failed to connect
2023-03-21 22:45:55,698 [INFO] ---Starting the Application---
2023-03-21 22:45:55,705 [INFO] ---Initialize testbed file---
2023-03-21 22:45:55,706 [INFO] ---testbed file ready---
2023-03-21 22:45:57,852 [INFO] ---Opening Main Menu Application---
2023-03-21 22:46:00,252 [INFO] ---Get Healty Check / Environtment Device ---
2023-03-21 22:46:00,318 [INFO] Connected (version 1.99, client Cisco-1.25)
2023-03-21 22:46:00,778 [INFO] Connected (version 1.99, client Cisco-1.25)
2023-03-21 22:46:00,917 [INFO] Authentication (password) successful!
2023-03-21 22:46:01,412 [INFO] Authentication (password) successful!
2023-03-21 22:46:01,497 [INFO] 10.3.123.10 : Connected 
2023-03-21 22:46:01,933 [INFO] 10.3.123.10 : Entered enable mode 
2023-03-21 22:46:02,066 [INFO] 10.3.123.10 : Command 'show environment' sent
2023-03-21 22:46:02,126 [INFO] 10.3.123.10 : Command 'show environment' parsed
2023-03-21 22:46:02,126 [ERROR] 10.3.123.10 : Output saving for show environment failed
2023-03-21 22:46:02,126 [ERROR] 10.3.123.10 : Output saving for show environment summary failed
2023-03-21 22:46:02,152 [INFO] 10.3.123.10 : Disconnected succcessfully
2023-03-21 22:46:02,243 [INFO] 10.22.123.10 : Connected 
2023-03-21 22:46:02,643 [INFO] 10.22.123.10 : Entered enable mode 
2023-03-21 22:46:02,915 [INFO] 10.22.123.10 : Command 'show environment' sent
2023-03-21 22:46:02,924 [INFO] 10.22.123.10 : Command 'show environment' parsed
2023-03-21 22:46:02,924 [ERROR] 10.22.123.10 : Output saving for show environment failed
2023-03-21 22:46:02,924 [ERROR] 10.22.123.10 : Output saving for show environment summary failed
2023-03-21 22:46:02,999 [INFO] 10.22.123.10 : Disconnected succcessfully
2023-03-21 22:49:15,646 [INFO] ---Starting the Application---
2023-03-21 22:49:15,653 [INFO] ---Initialize testbed file---
2023-03-21 22:49:15,654 [INFO] ---testbed file ready---
2023-03-21 22:49:17,767 [INFO] ---Opening Main Menu Application---
2023-03-21 22:49:22,989 [INFO] ---Get Healty Check / Environtment Device ---
2023-03-21 22:49:23,088 [INFO] Connected (version 1.99, client Cisco-1.25)
2023-03-21 22:49:23,178 [INFO] Connected (version 1.99, client Cisco-1.25)
2023-03-21 22:49:23,729 [INFO] Authentication (password) successful!
2023-03-21 22:49:23,931 [INFO] Authentication (password) successful!
2023-03-21 22:49:24,281 [INFO] 10.3.123.10 : Connected 
2023-03-21 22:49:24,506 [INFO] 10.3.123.10 : Entered enable mode 
2023-03-21 22:49:24,566 [INFO] 10.22.123.10 : Connected 
2023-03-21 22:49:24,707 [INFO] 10.3.123.10 : Command 'show environment' sent
2023-03-21 22:49:24,753 [INFO] 10.3.123.10 : Command 'show environment' parsed
2023-03-21 22:49:24,753 [INFO] 10.3.123.10 : Output saved to JKT-CC-VG_show environment.csv
2023-03-21 22:49:24,753 [INFO] 10.3.123.10 : Output saved to show environment_summary.csv
2023-03-21 22:49:24,778 [INFO] 10.3.123.10 : Disconnected succcessfully
2023-03-21 22:49:25,290 [INFO] 10.22.123.10 : Entered enable mode 
2023-03-21 22:49:25,584 [INFO] 10.22.123.10 : Command 'show environment' sent
2023-03-21 22:49:25,592 [INFO] 10.22.123.10 : Command 'show environment' parsed
2023-03-21 22:49:25,593 [INFO] 10.22.123.10 : Output saved to MKS-CC-VG_show environment.csv
2023-03-21 22:49:25,593 [INFO] 10.22.123.10 : Output saved to show environment_summary.csv
2023-03-21 22:49:25,694 [INFO] 10.22.123.10 : Disconnected succcessfully
2023-03-21 22:50:15,738 [INFO] ---Starting the Application---
2023-03-21 22:50:15,745 [INFO] ---Initialize testbed file---
2023-03-21 22:50:15,745 [INFO] ---testbed file ready---
2023-03-21 22:50:18,058 [INFO] ---Opening Main Menu Application---
2023-03-21 22:50:21,774 [INFO] ---Get Healty Check / Environtment Device ---
2023-03-21 22:50:21,873 [INFO] Connected (version 1.99, client Cisco-1.25)
2023-03-21 22:50:21,921 [INFO] Connected (version 1.99, client Cisco-1.25)
2023-03-21 22:50:22,265 [INFO] Authentication (password) successful!
2023-03-21 22:50:22,688 [INFO] 10.3.123.10 : Connected 
2023-03-21 22:50:22,830 [INFO] Authentication (password) successful!
2023-03-21 22:50:22,960 [INFO] 10.3.123.10 : Entered enable mode 
2023-03-21 22:50:23,130 [INFO] 10.3.123.10 : Command 'show environment' sent
2023-03-21 22:50:23,189 [INFO] 10.3.123.10 : Command 'show environment' parsed
2023-03-21 22:50:23,190 [INFO] 10.3.123.10 : Output saved to JKT-CC-VG_show environment.csv
2023-03-21 22:50:23,190 [INFO] 10.3.123.10 : Output saved to show environment_summary.csv
2023-03-21 22:50:23,203 [INFO] 10.3.123.10 : Disconnected succcessfully
2023-03-21 22:50:23,456 [INFO] 10.22.123.10 : Connected 
2023-03-21 22:50:23,824 [INFO] 10.22.123.10 : Entered enable mode 
2023-03-21 22:50:24,109 [INFO] 10.22.123.10 : Command 'show environment' sent
2023-03-21 22:50:24,118 [INFO] 10.22.123.10 : Command 'show environment' parsed
2023-03-21 22:50:24,119 [INFO] 10.22.123.10 : Output saved to MKS-CC-VG_show environment.csv
2023-03-21 22:50:24,119 [INFO] 10.22.123.10 : Output saved to show environment_summary.csv
2023-03-21 22:50:24,208 [INFO] 10.22.123.10 : Disconnected succcessfully
2023-03-21 22:50:41,903 [INFO] ---Starting the Application---
2023-03-21 22:50:41,910 [INFO] ---Initialize testbed file---
2023-03-21 22:50:41,910 [INFO] ---testbed file ready---
2023-03-21 22:50:44,036 [INFO] ---Opening Main Menu Application---
2023-03-21 22:50:47,134 [INFO] ---Get Healty Check / Environtment Device ---
2023-03-21 22:50:47,352 [INFO] Connected (version 1.99, client Cisco-1.25)
2023-03-21 22:50:47,392 [INFO] Connected (version 1.99, client Cisco-1.25)
2023-03-21 22:50:48,189 [INFO] Authentication (password) successful!
2023-03-21 22:50:48,208 [INFO] Authentication (password) successful!
2023-03-21 22:50:48,640 [INFO] 10.3.123.10 : Connected 
2023-03-21 22:50:48,726 [INFO] 10.22.123.10 : Connected 
2023-03-21 22:50:48,886 [INFO] 10.3.123.10 : Entered enable mode 
2023-03-21 22:50:49,035 [INFO] 10.22.123.10 : Entered enable mode 
2023-03-21 22:50:49,049 [INFO] 10.3.123.10 : Command 'show environment' sent
2023-03-21 22:50:49,103 [INFO] 10.3.123.10 : Command 'show environment' parsed
2023-03-21 22:50:49,103 [INFO] 10.3.123.10 : Output saved to JKT-CC-VG_show environment.csv
2023-03-21 22:50:49,103 [INFO] 10.3.123.10 : Output saved to show environment_summary.csv
2023-03-21 22:50:49,116 [INFO] 10.3.123.10 : Disconnected succcessfully
2023-03-21 22:50:49,283 [INFO] 10.22.123.10 : Command 'show environment' sent
2023-03-21 22:50:49,291 [INFO] 10.22.123.10 : Command 'show environment' parsed
2023-03-21 22:50:49,292 [INFO] 10.22.123.10 : Output saved to MKS-CC-VG_show environment.csv
2023-03-21 22:50:49,292 [INFO] 10.22.123.10 : Output saved to show environment_summary.csv
2023-03-21 22:50:49,344 [INFO] 10.22.123.10 : Disconnected succcessfully
2023-03-23 19:46:49,140 [INFO] ---Starting the Application---
2023-03-23 19:46:49,148 [INFO] ---Initialize testbed file---
2023-03-23 19:46:49,149 [INFO] ---testbed file ready---
2023-03-23 19:46:53,644 [INFO] ---Opening Main Menu Application---
2023-03-23 19:46:58,815 [INFO] ---Get Healty Check / Environtment Device ---
2023-03-23 19:46:58,881 [INFO] Connected (version 1.99, client Cisco-1.25)
2023-03-23 19:46:58,925 [INFO] Connected (version 1.99, client Cisco-1.25)
2023-03-23 19:46:59,721 [INFO] Authentication (password) successful!
2023-03-23 19:46:59,839 [INFO] Authentication (password) successful!
2023-03-23 19:47:00,104 [INFO] 10.3.123.10 : Connected 
2023-03-23 19:47:00,276 [INFO] 10.3.123.10 : Entered enable mode 
2023-03-23 19:47:00,319 [INFO] 10.22.123.10 : Connected 
2023-03-23 19:47:00,446 [INFO] 10.3.123.10 : Command 'show environment' sent
2023-03-23 19:47:00,506 [INFO] 10.3.123.10 : Command 'show environment' parsed
2023-03-23 19:47:00,507 [INFO] 10.3.123.10 : Output saved to JKT-CC-VG_show environment.csv
2023-03-23 19:47:00,507 [INFO] 10.3.123.10 : Output saved to show environment_summary.csv
2023-03-23 19:47:00,557 [INFO] 10.3.123.10 : Disconnected succcessfully
2023-03-23 19:47:00,740 [INFO] 10.22.123.10 : Entered enable mode 
2023-03-23 19:47:01,012 [INFO] 10.22.123.10 : Command 'show environment' sent
2023-03-23 19:47:01,020 [INFO] 10.22.123.10 : Command 'show environment' parsed
2023-03-23 19:47:01,021 [INFO] 10.22.123.10 : Output saved to MKS-CC-VG_show environment.csv
2023-03-23 19:47:01,021 [INFO] 10.22.123.10 : Output saved to show environment_summary.csv
2023-03-23 19:47:01,083 [INFO] 10.22.123.10 : Disconnected succcessfully
2023-03-23 19:47:14,541 [INFO] ---Starting the Application---
2023-03-23 19:47:14,548 [INFO] ---Initialize testbed file---
2023-03-23 19:47:14,549 [INFO] ---testbed file ready---
2023-03-23 19:47:16,339 [INFO] ---Opening Main Menu Application---
2023-03-23 19:47:19,373 [INFO] ---Get Healty Check / Environtment Device ---
2023-03-23 19:47:19,438 [INFO] Connected (version 1.99, client Cisco-1.25)
2023-03-23 19:47:19,483 [INFO] Connected (version 1.99, client Cisco-1.25)
2023-03-23 19:47:19,906 [INFO] Authentication (password) successful!
2023-03-23 19:47:20,610 [INFO] 10.3.123.10 : Connected 
2023-03-23 19:47:20,760 [INFO] Authentication (password) successful!
2023-03-23 19:47:20,823 [INFO] 10.3.123.10 : Entered enable mode 
2023-03-23 19:47:21,047 [INFO] 10.3.123.10 : Command 'show environment' sent
2023-03-23 19:47:21,108 [INFO] 10.3.123.10 : Command 'show environment' parsed
2023-03-23 19:47:21,108 [INFO] 10.3.123.10 : Output saved to JKT-CC-VG_show environment.csv
2023-03-23 19:47:21,108 [INFO] 10.3.123.10 : Output saved to show environment_summary.csv
2023-03-23 19:47:21,133 [INFO] 10.3.123.10 : Disconnected succcessfully
2023-03-23 19:47:21,391 [INFO] 10.22.123.10 : Connected 
2023-03-23 19:47:21,727 [INFO] 10.22.123.10 : Entered enable mode 
2023-03-23 19:47:21,936 [INFO] 10.22.123.10 : Command 'show environment' sent
2023-03-23 19:47:21,945 [INFO] 10.22.123.10 : Command 'show environment' parsed
2023-03-23 19:47:21,946 [INFO] 10.22.123.10 : Output saved to MKS-CC-VG_show environment.csv
2023-03-23 19:47:21,946 [INFO] 10.22.123.10 : Output saved to show environment_summary.csv
2023-03-23 19:47:22,033 [INFO] 10.22.123.10 : Disconnected succcessfully
