2023-03-25 12:57:46,099 [INFO] ---Starting the Application---
2023-03-25 12:57:46,106 [INFO] ---Initialize testbed file---
2023-03-25 12:57:46,107 [INFO] ---testbed file ready---
2023-03-25 12:57:47,886 [INFO] ---Opening Main Menu Application---
2023-03-25 12:57:50,976 [INFO] ---Get CPU Utilization---
2023-03-25 12:58:16,982 [INFO] ---Starting the Application---
2023-03-25 12:58:16,988 [INFO] ---Initialize testbed file---
2023-03-25 12:58:16,988 [INFO] ---testbed file ready---
2023-03-25 12:58:19,680 [INFO] ---Opening Main Menu Application---
2023-03-25 12:58:22,192 [INFO] ---Get CPU Utilization---
2023-03-25 13:00:56,792 [INFO] ---Starting the Application---
2023-03-25 13:00:56,798 [INFO] ---Initialize testbed file---
2023-03-25 13:00:56,799 [INFO] ---testbed file ready---
2023-03-25 13:00:58,469 [INFO] ---Opening Main Menu Application---
2023-03-25 13:01:01,247 [INFO] ---Get CPU Utilization---
2023-03-25 13:01:02,398 [INFO] Connected (version 2.0, client Cisco-2.0)
2023-03-25 13:01:02,794 [INFO] Connected (version 2.0, client Cisco-2.0)
2023-03-25 13:01:03,026 [INFO] Connected (version 2.0, client Cisco-1.25)
2023-03-25 13:01:03,026 [INFO] Connected (version 2.0, client Cisco-1.25)
2023-03-25 13:01:03,027 [INFO] Connected (version 2.0, client Cisco-1.25)
2023-03-25 13:01:04,143 [INFO] Authentication (password) successful!
2023-03-25 13:01:04,243 [INFO] Authentication (password) successful!
2023-03-25 13:01:04,254 [INFO] Authentication (password) successful!
2023-03-25 13:01:04,283 [INFO] Authentication (password) successful!
2023-03-25 13:01:04,411 [INFO] Authentication (password) successful!
2023-03-25 13:01:05,544 [INFO] 198.18.0.132 : Connected 
2023-03-25 13:01:05,861 [INFO] 198.18.0.132 : Entered enable mode 
2023-03-25 13:01:06,513 [INFO] 198.18.0.123 : Connected 
2023-03-25 13:01:06,757 [INFO] 198.18.0.122 : Connected 
2023-03-25 13:01:06,759 [INFO] 198.18.0.121 : Connected 
2023-03-25 13:01:08,611 [INFO] 198.18.0.131 : Connected 
2023-03-25 13:01:08,963 [INFO] 198.18.0.131 : Entered enable mode 
2023-03-25 13:01:09,239 [INFO] 198.18.0.123 : Entered enable mode 
2023-03-25 13:01:09,302 [INFO] 198.18.0.122 : Entered enable mode 
2023-03-25 13:01:09,302 [INFO] 198.18.0.121 : Entered enable mode 
2023-03-25 13:01:09,506 [INFO] 198.18.0.132 : Command 'show processes cpu' sent
2023-03-25 13:01:09,565 [INFO] 198.18.0.132 : Command 'show processes cpu' parsed
2023-03-25 13:01:09,565 [INFO] 198.18.0.132 : Output saved to out/getCPUxr2_show processes cpu_2023-03-25 13-00-56.csv
2023-03-25 13:01:09,565 [INFO] 198.18.0.132 : Output saved to out/getCPUxr2_show processes cpu_summary_2023-03-25 13-00-56.csv
2023-03-25 13:01:09,803 [INFO] 198.18.0.132 : Disconnected succcessfully
2023-03-25 13:01:10,563 [INFO] 198.18.0.131 : Command 'show processes cpu' sent
2023-03-25 13:01:10,567 [INFO] 198.18.0.131 : Command 'show processes cpu' parsed
2023-03-25 13:01:10,569 [INFO] 198.18.0.131 : Output saved to out/getCPUxr1_show processes cpu_2023-03-25 13-00-56.csv
2023-03-25 13:01:10,569 [INFO] 198.18.0.131 : Output saved to out/getCPUxr1_show processes cpu_summary_2023-03-25 13-00-56.csv
2023-03-25 13:01:10,864 [INFO] 198.18.0.131 : Disconnected succcessfully
2023-03-25 13:01:11,253 [ERROR] 198.18.0.133: Failed to connect
2023-03-25 13:01:11,315 [INFO] 198.18.0.123 : Command 'show processes cpu' sent
2023-03-25 13:01:11,318 [INFO] 198.18.0.123 : Command 'show processes cpu' parsed
2023-03-25 13:01:11,319 [INFO] 198.18.0.123 : Output saved to out/getCPUxe3_show processes cpu_2023-03-25 13-00-56.csv
2023-03-25 13:01:11,319 [INFO] 198.18.0.123 : Output saved to out/getCPUxe3_show processes cpu_summary_2023-03-25 13-00-56.csv
2023-03-25 13:01:11,518 [INFO] 198.18.0.123 : Disconnected succcessfully
2023-03-25 13:01:11,568 [INFO] 198.18.0.122 : Command 'show processes cpu' sent
2023-03-25 13:01:11,567 [INFO] 198.18.0.121 : Command 'show processes cpu' sent
2023-03-25 13:01:11,573 [INFO] 198.18.0.122 : Command 'show processes cpu' parsed
2023-03-25 13:01:11,575 [INFO] 198.18.0.121 : Command 'show processes cpu' parsed
2023-03-25 13:01:11,576 [INFO] 198.18.0.121 : Output saved to out/getCPUxe1_show processes cpu_2023-03-25 13-00-56.csv
2023-03-25 13:01:11,576 [INFO] 198.18.0.122 : Output saved to out/getCPUxe2_show processes cpu_2023-03-25 13-00-56.csv
2023-03-25 13:01:11,577 [INFO] 198.18.0.122 : Output saved to out/getCPUxe2_show processes cpu_summary_2023-03-25 13-00-56.csv
2023-03-25 13:01:11,576 [INFO] 198.18.0.121 : Output saved to out/getCPUxe1_show processes cpu_summary_2023-03-25 13-00-56.csv
2023-03-25 13:01:11,701 [INFO] 198.18.0.121 : Disconnected succcessfully
2023-03-25 13:01:11,701 [INFO] 198.18.0.122 : Disconnected succcessfully
2023-03-25 13:01:40,508 [INFO] ---Starting the Application---
2023-03-25 13:01:40,515 [INFO] ---Initialize testbed file---
2023-03-25 13:01:40,516 [INFO] ---testbed file ready---
2023-03-25 13:01:42,115 [INFO] ---Opening Main Menu Application---
2023-03-25 13:01:44,386 [INFO] ---Get CPU Utilization---
2023-03-25 13:01:44,498 [INFO] Connected (version 2.0, client Cisco-1.25)
2023-03-25 13:01:44,498 [INFO] Connected (version 2.0, client Cisco-1.25)
2023-03-25 13:01:44,500 [INFO] Connected (version 2.0, client Cisco-1.25)
2023-03-25 13:01:44,678 [INFO] Connected (version 2.0, client Cisco-2.0)
2023-03-25 13:01:44,732 [INFO] Connected (version 2.0, client Cisco-2.0)
2023-03-25 13:01:45,192 [INFO] Authentication (password) successful!
2023-03-25 13:01:45,192 [INFO] Authentication (password) successful!
2023-03-25 13:01:45,313 [INFO] Authentication (password) successful!
2023-03-25 13:01:45,342 [INFO] Authentication (password) successful!
2023-03-25 13:01:45,396 [INFO] Authentication (password) successful!
2023-03-25 13:01:45,791 [INFO] 198.18.0.121 : Connected 
2023-03-25 13:01:45,798 [INFO] 198.18.0.123 : Connected 
2023-03-25 13:01:45,952 [INFO] 198.18.0.122 : Connected 
2023-03-25 13:01:46,115 [INFO] 198.18.0.123 : Entered enable mode 
2023-03-25 13:01:46,122 [INFO] 198.18.0.121 : Entered enable mode 
2023-03-25 13:01:46,214 [INFO] 198.18.0.122 : Entered enable mode 
2023-03-25 13:01:46,294 [INFO] 198.18.0.131 : Connected 
2023-03-25 13:01:46,332 [INFO] 198.18.0.132 : Connected 
2023-03-25 13:01:46,370 [INFO] 198.18.0.132 : Entered enable mode 
2023-03-25 13:01:46,370 [INFO] 198.18.0.131 : Entered enable mode 
2023-03-25 13:01:46,634 [INFO] 198.18.0.123 : Command 'show processes cpu' sent
2023-03-25 13:01:46,658 [INFO] 198.18.0.121 : Command 'show processes cpu' sent
2023-03-25 13:01:46,675 [INFO] 198.18.0.123 : Command 'show processes cpu' parsed
2023-03-25 13:01:46,676 [INFO] 198.18.0.121 : Command 'show processes cpu' parsed
2023-03-25 13:01:46,676 [INFO] 198.18.0.123 : Output saved to out/getCPU/xe3_show processes cpu_2023-03-25 13-01-40.csv
2023-03-25 13:01:46,676 [INFO] 198.18.0.121 : Output saved to out/getCPU/xe1_show processes cpu_2023-03-25 13-01-40.csv
2023-03-25 13:01:46,676 [INFO] 198.18.0.123 : Output saved to out/getCPU/xe3_show processes cpu_summary_2023-03-25 13-01-40.csv
2023-03-25 13:01:46,676 [INFO] 198.18.0.121 : Output saved to out/getCPU/xe1_show processes cpu_summary_2023-03-25 13-01-40.csv
2023-03-25 13:01:46,759 [INFO] 198.18.0.123 : Disconnected succcessfully
2023-03-25 13:01:46,764 [INFO] 198.18.0.121 : Disconnected succcessfully
2023-03-25 13:01:47,313 [INFO] 198.18.0.132 : Command 'show processes cpu' sent
2023-03-25 13:01:47,313 [INFO] 198.18.0.131 : Command 'show processes cpu' sent
2023-03-25 13:01:47,316 [INFO] 198.18.0.131 : Command 'show processes cpu' parsed
2023-03-25 13:01:47,317 [INFO] 198.18.0.132 : Command 'show processes cpu' parsed
2023-03-25 13:01:47,317 [INFO] 198.18.0.131 : Output saved to out/getCPU/xr1_show processes cpu_2023-03-25 13-01-40.csv
2023-03-25 13:01:47,317 [INFO] 198.18.0.132 : Output saved to out/getCPU/xr2_show processes cpu_2023-03-25 13-01-40.csv
2023-03-25 13:01:47,318 [INFO] 198.18.0.131 : Output saved to out/getCPU/xr1_show processes cpu_summary_2023-03-25 13-01-40.csv
2023-03-25 13:01:47,318 [INFO] 198.18.0.132 : Output saved to out/getCPU/xr2_show processes cpu_summary_2023-03-25 13-01-40.csv
2023-03-25 13:01:47,625 [INFO] 198.18.0.132 : Disconnected succcessfully
2023-03-25 13:01:47,626 [INFO] 198.18.0.131 : Disconnected succcessfully
2023-03-25 13:01:47,673 [INFO] 198.18.0.122 : Command 'show processes cpu' sent
2023-03-25 13:01:47,677 [INFO] 198.18.0.122 : Command 'show processes cpu' parsed
2023-03-25 13:01:47,678 [INFO] 198.18.0.122 : Output saved to out/getCPU/xe2_show processes cpu_2023-03-25 13-01-40.csv
2023-03-25 13:01:47,678 [INFO] 198.18.0.122 : Output saved to out/getCPU/xe2_show processes cpu_summary_2023-03-25 13-01-40.csv
2023-03-25 13:01:47,730 [INFO] 198.18.0.122 : Disconnected succcessfully
2023-03-25 13:01:54,394 [ERROR] 198.18.0.133: Failed to connect
2023-03-25 13:04:50,216 [INFO] ---Starting the Application---
2023-03-25 13:04:50,222 [INFO] ---Initialize testbed file---
2023-03-25 13:04:50,223 [INFO] ---testbed file ready---
2023-03-25 13:04:52,281 [INFO] ---Opening Main Menu Application---
2023-03-25 13:04:55,321 [INFO] ---Get Inventory Device---
2023-03-25 13:04:55,373 [INFO] Connected (version 2.0, client Cisco-1.25)
2023-03-25 13:04:55,373 [INFO] Connected (version 2.0, client Cisco-1.25)
2023-03-25 13:04:55,375 [INFO] Connected (version 2.0, client Cisco-1.25)
2023-03-25 13:04:55,601 [INFO] Connected (version 2.0, client Cisco-2.0)
2023-03-25 13:04:55,601 [INFO] Connected (version 2.0, client Cisco-2.0)
2023-03-25 13:04:55,825 [INFO] Authentication (password) successful!
2023-03-25 13:04:56,035 [INFO] Authentication (password) successful!
2023-03-25 13:04:56,106 [INFO] Authentication (password) successful!
2023-03-25 13:04:56,367 [INFO] Authentication (password) successful!
2023-03-25 13:04:56,572 [INFO] 198.18.0.123 : Connected 
2023-03-25 13:04:56,624 [INFO] Authentication (password) successful!
2023-03-25 13:04:56,708 [INFO] 198.18.0.121 : Connected 
2023-03-25 13:04:56,820 [INFO] 198.18.0.123 : Entered enable mode 
2023-03-25 13:04:57,130 [INFO] 198.18.0.121 : Entered enable mode 
2023-03-25 13:04:57,182 [INFO] 198.18.0.131 : Connected 
2023-03-25 13:04:57,230 [INFO] 198.18.0.131 : Entered enable mode 
2023-03-25 13:04:57,362 [INFO] 198.18.0.132 : Connected 
2023-03-25 13:04:57,388 [INFO] 198.18.0.132 : Entered enable mode 
2023-03-25 13:04:57,395 [INFO] 198.18.0.121 : Command 'show inventory' sent
2023-03-25 13:04:57,447 [INFO] 198.18.0.121 : Command 'show inventory' parsed
2023-03-25 13:04:57,447 [INFO] 198.18.0.121 : Output saved to out/getInven/xe1_show inventory_2023-03-25 13-04-50.csv
2023-03-25 13:04:57,448 [INFO] 198.18.0.121 : Output saved to out/getInven/xe1_show inventory_summary_2023-03-25 13-04-50.csv
2023-03-25 13:04:57,448 [INFO] 198.18.0.121 : Output saved to out/getInven/xe1_show inventory_summary_2023-03-25 13-04-50.csv
2023-03-25 13:04:57,448 [INFO] 198.18.0.121 : Output saved to out/getInven/xe1_show inventory_summary_2023-03-25 13-04-50.csv
2023-03-25 13:04:57,485 [INFO] 198.18.0.121 : Disconnected succcessfully
2023-03-25 13:04:57,561 [INFO] 198.18.0.122 : Connected 
2023-03-25 13:04:57,769 [INFO] 198.18.0.131 : Command 'show inventory' sent
2023-03-25 13:04:57,776 [INFO] 198.18.0.131 : Command 'show inventory' parsed
2023-03-25 13:04:57,778 [INFO] 198.18.0.131 : Output saved to out/getInven/xr1_show inventory_2023-03-25 13-04-50.csv
2023-03-25 13:04:57,778 [INFO] 198.18.0.131 : Output saved to out/getInven/xr1_show inventory_summary_2023-03-25 13-04-50.csv
2023-03-25 13:04:57,778 [INFO] 198.18.0.131 : Output saved to out/getInven/xr1_show inventory_summary_2023-03-25 13-04-50.csv
2023-03-25 13:04:57,778 [INFO] 198.18.0.131 : Output saved to out/getInven/xr1_show inventory_summary_2023-03-25 13-04-50.csv
2023-03-25 13:04:57,779 [INFO] 198.18.0.131 : Output saved to out/getInven/xr1_show inventory_summary_2023-03-25 13-04-50.csv
2023-03-25 13:04:57,779 [INFO] 198.18.0.131 : Output saved to out/getInven/xr1_show inventory_summary_2023-03-25 13-04-50.csv
2023-03-25 13:04:57,779 [INFO] 198.18.0.131 : Output saved to out/getInven/xr1_show inventory_summary_2023-03-25 13-04-50.csv
2023-03-25 13:04:57,779 [INFO] 198.18.0.131 : Output saved to out/getInven/xr1_show inventory_summary_2023-03-25 13-04-50.csv
2023-03-25 13:04:57,779 [INFO] 198.18.0.131 : Output saved to out/getInven/xr1_show inventory_summary_2023-03-25 13-04-50.csv
2023-03-25 13:04:57,780 [INFO] 198.18.0.131 : Output saved to out/getInven/xr1_show inventory_summary_2023-03-25 13-04-50.csv
2023-03-25 13:04:57,780 [INFO] 198.18.0.131 : Output saved to out/getInven/xr1_show inventory_summary_2023-03-25 13-04-50.csv
2023-03-25 13:04:57,807 [INFO] 198.18.0.132 : Command 'show inventory' sent
2023-03-25 13:04:57,810 [INFO] 198.18.0.132 : Command 'show inventory' parsed
2023-03-25 13:04:57,811 [INFO] 198.18.0.132 : Output saved to out/getInven/xr2_show inventory_2023-03-25 13-04-50.csv
2023-03-25 13:04:57,811 [INFO] 198.18.0.132 : Output saved to out/getInven/xr2_show inventory_summary_2023-03-25 13-04-50.csv
2023-03-25 13:04:57,811 [INFO] 198.18.0.132 : Output saved to out/getInven/xr2_show inventory_summary_2023-03-25 13-04-50.csv
2023-03-25 13:04:57,811 [INFO] 198.18.0.132 : Output saved to out/getInven/xr2_show inventory_summary_2023-03-25 13-04-50.csv
2023-03-25 13:04:57,812 [INFO] 198.18.0.132 : Output saved to out/getInven/xr2_show inventory_summary_2023-03-25 13-04-50.csv
2023-03-25 13:04:57,812 [INFO] 198.18.0.132 : Output saved to out/getInven/xr2_show inventory_summary_2023-03-25 13-04-50.csv
2023-03-25 13:04:57,812 [INFO] 198.18.0.132 : Output saved to out/getInven/xr2_show inventory_summary_2023-03-25 13-04-50.csv
2023-03-25 13:04:57,812 [INFO] 198.18.0.132 : Output saved to out/getInven/xr2_show inventory_summary_2023-03-25 13-04-50.csv
2023-03-25 13:04:57,812 [INFO] 198.18.0.132 : Output saved to out/getInven/xr2_show inventory_summary_2023-03-25 13-04-50.csv
2023-03-25 13:04:57,812 [INFO] 198.18.0.132 : Output saved to out/getInven/xr2_show inventory_summary_2023-03-25 13-04-50.csv
2023-03-25 13:04:57,813 [INFO] 198.18.0.132 : Output saved to out/getInven/xr2_show inventory_summary_2023-03-25 13-04-50.csv
2023-03-25 13:04:57,816 [INFO] 198.18.0.131 : Disconnected succcessfully
2023-03-25 13:04:58,149 [INFO] 198.18.0.132 : Disconnected succcessfully
2023-03-25 13:04:58,776 [INFO] 198.18.0.122 : Entered enable mode 
2023-03-25 13:04:58,808 [INFO] 198.18.0.123 : Command 'show inventory' sent
2023-03-25 13:04:58,811 [INFO] 198.18.0.123 : Command 'show inventory' parsed
2023-03-25 13:04:58,812 [INFO] 198.18.0.123 : Output saved to out/getInven/xe3_show inventory_2023-03-25 13-04-50.csv
2023-03-25 13:04:58,812 [INFO] 198.18.0.123 : Output saved to out/getInven/xe3_show inventory_summary_2023-03-25 13-04-50.csv
2023-03-25 13:04:58,812 [INFO] 198.18.0.123 : Output saved to out/getInven/xe3_show inventory_summary_2023-03-25 13-04-50.csv
2023-03-25 13:04:58,813 [INFO] 198.18.0.123 : Output saved to out/getInven/xe3_show inventory_summary_2023-03-25 13-04-50.csv
2023-03-25 13:04:58,849 [INFO] 198.18.0.123 : Disconnected succcessfully
2023-03-25 13:04:58,942 [INFO] 198.18.0.122 : Command 'show inventory' sent
2023-03-25 13:04:58,944 [INFO] 198.18.0.122 : Command 'show inventory' parsed
2023-03-25 13:04:58,945 [INFO] 198.18.0.122 : Output saved to out/getInven/xe2_show inventory_2023-03-25 13-04-50.csv
2023-03-25 13:04:58,945 [INFO] 198.18.0.122 : Output saved to out/getInven/xe2_show inventory_summary_2023-03-25 13-04-50.csv
2023-03-25 13:04:58,945 [INFO] 198.18.0.122 : Output saved to out/getInven/xe2_show inventory_summary_2023-03-25 13-04-50.csv
2023-03-25 13:04:58,945 [INFO] 198.18.0.122 : Output saved to out/getInven/xe2_show inventory_summary_2023-03-25 13-04-50.csv
2023-03-25 13:04:58,971 [INFO] 198.18.0.122 : Disconnected succcessfully
2023-03-25 13:05:05,328 [ERROR] 198.18.0.133: Failed to connect
2023-03-25 13:06:08,518 [INFO] ---Starting the Application---
2023-03-25 13:06:08,524 [INFO] ---Initialize testbed file---
2023-03-25 13:06:08,525 [INFO] ---testbed file ready---
2023-03-25 13:06:10,235 [INFO] ---Opening Main Menu Application---
2023-03-25 13:06:14,787 [INFO] ---Get Inventory Device---
2023-03-25 13:06:14,849 [INFO] Connected (version 2.0, client Cisco-1.25)
2023-03-25 13:06:14,849 [INFO] Connected (version 2.0, client Cisco-1.25)
2023-03-25 13:06:14,883 [INFO] Connected (version 2.0, client Cisco-1.25)
2023-03-25 13:06:15,022 [INFO] Connected (version 2.0, client Cisco-2.0)
2023-03-25 13:06:15,110 [INFO] Connected (version 2.0, client Cisco-2.0)
2023-03-25 13:06:15,549 [INFO] Authentication (password) successful!
2023-03-25 13:06:15,632 [INFO] Authentication (password) successful!
2023-03-25 13:06:15,833 [INFO] Authentication (password) successful!
2023-03-25 13:06:16,100 [INFO] 198.18.0.123 : Connected 
2023-03-25 13:06:16,348 [INFO] 198.18.0.123 : Entered enable mode 
2023-03-25 13:06:16,365 [INFO] 198.18.0.131 : Connected 
2023-03-25 13:06:16,428 [INFO] 198.18.0.131 : Entered enable mode 
2023-03-25 13:06:16,452 [INFO] 198.18.0.132 : Connected 
2023-03-25 13:06:16,500 [INFO] 198.18.0.132 : Entered enable mode 
2023-03-25 13:06:16,852 [INFO] 198.18.0.131 : Command 'show inventory' sent
2023-03-25 13:06:16,912 [INFO] 198.18.0.131 : Command 'show inventory' parsed
2023-03-25 13:06:16,913 [INFO] 198.18.0.131 : Output saved to out/getInven/xr1_show inventory_2023-03-25_13:06.csv
2023-03-25 13:06:16,913 [INFO] 198.18.0.131 : Output saved to out/getInven/xr1_show inventory_summary_2023-03-25_13:06.csv
2023-03-25 13:06:16,913 [INFO] 198.18.0.131 : Output saved to out/getInven/xr1_show inventory_summary_2023-03-25_13:06.csv
2023-03-25 13:06:16,913 [INFO] 198.18.0.131 : Output saved to out/getInven/xr1_show inventory_summary_2023-03-25_13:06.csv
2023-03-25 13:06:16,913 [INFO] 198.18.0.131 : Output saved to out/getInven/xr1_show inventory_summary_2023-03-25_13:06.csv
2023-03-25 13:06:16,913 [INFO] 198.18.0.131 : Output saved to out/getInven/xr1_show inventory_summary_2023-03-25_13:06.csv
2023-03-25 13:06:16,913 [INFO] 198.18.0.131 : Output saved to out/getInven/xr1_show inventory_summary_2023-03-25_13:06.csv
2023-03-25 13:06:16,914 [INFO] 198.18.0.131 : Output saved to out/getInven/xr1_show inventory_summary_2023-03-25_13:06.csv
2023-03-25 13:06:16,914 [INFO] 198.18.0.131 : Output saved to out/getInven/xr1_show inventory_summary_2023-03-25_13:06.csv
2023-03-25 13:06:16,914 [INFO] 198.18.0.131 : Output saved to out/getInven/xr1_show inventory_summary_2023-03-25_13:06.csv
2023-03-25 13:06:16,914 [INFO] 198.18.0.131 : Output saved to out/getInven/xr1_show inventory_summary_2023-03-25_13:06.csv
2023-03-25 13:06:16,938 [INFO] 198.18.0.131 : Disconnected succcessfully
2023-03-25 13:06:17,038 [INFO] 198.18.0.132 : Command 'show inventory' sent
2023-03-25 13:06:17,042 [INFO] 198.18.0.132 : Command 'show inventory' parsed
2023-03-25 13:06:17,042 [INFO] 198.18.0.132 : Output saved to out/getInven/xr2_show inventory_2023-03-25_13:06.csv
2023-03-25 13:06:17,042 [INFO] 198.18.0.132 : Output saved to out/getInven/xr2_show inventory_summary_2023-03-25_13:06.csv
2023-03-25 13:06:17,043 [INFO] 198.18.0.132 : Output saved to out/getInven/xr2_show inventory_summary_2023-03-25_13:06.csv
2023-03-25 13:06:17,043 [INFO] 198.18.0.132 : Output saved to out/getInven/xr2_show inventory_summary_2023-03-25_13:06.csv
2023-03-25 13:06:17,043 [INFO] 198.18.0.132 : Output saved to out/getInven/xr2_show inventory_summary_2023-03-25_13:06.csv
2023-03-25 13:06:17,043 [INFO] 198.18.0.132 : Output saved to out/getInven/xr2_show inventory_summary_2023-03-25_13:06.csv
2023-03-25 13:06:17,043 [INFO] 198.18.0.132 : Output saved to out/getInven/xr2_show inventory_summary_2023-03-25_13:06.csv
2023-03-25 13:06:17,043 [INFO] 198.18.0.132 : Output saved to out/getInven/xr2_show inventory_summary_2023-03-25_13:06.csv
2023-03-25 13:06:17,043 [INFO] 198.18.0.132 : Output saved to out/getInven/xr2_show inventory_summary_2023-03-25_13:06.csv
2023-03-25 13:06:17,044 [INFO] 198.18.0.132 : Output saved to out/getInven/xr2_show inventory_summary_2023-03-25_13:06.csv
2023-03-25 13:06:17,044 [INFO] 198.18.0.132 : Output saved to out/getInven/xr2_show inventory_summary_2023-03-25_13:06.csv
2023-03-25 13:06:17,082 [INFO] 198.18.0.132 : Disconnected succcessfully
2023-03-25 13:06:17,640 [INFO] 198.18.0.123 : Command 'show inventory' sent
2023-03-25 13:06:17,642 [INFO] 198.18.0.123 : Command 'show inventory' parsed
2023-03-25 13:06:17,642 [INFO] 198.18.0.123 : Output saved to out/getInven/xe3_show inventory_2023-03-25_13:06.csv
2023-03-25 13:06:17,642 [INFO] 198.18.0.123 : Output saved to out/getInven/xe3_show inventory_summary_2023-03-25_13:06.csv
2023-03-25 13:06:17,642 [INFO] 198.18.0.123 : Output saved to out/getInven/xe3_show inventory_summary_2023-03-25_13:06.csv
2023-03-25 13:06:17,642 [INFO] 198.18.0.123 : Output saved to out/getInven/xe3_show inventory_summary_2023-03-25_13:06.csv
2023-03-25 13:06:17,668 [INFO] 198.18.0.123 : Disconnected succcessfully
2023-03-25 13:06:18,451 [INFO] Authentication (password) successful!
2023-03-25 13:06:18,844 [INFO] 198.18.0.121 : Connected 
2023-03-25 13:06:19,067 [INFO] 198.18.0.121 : Entered enable mode 
2023-03-25 13:06:19,198 [INFO] 198.18.0.121 : Command 'show inventory' sent
2023-03-25 13:06:19,202 [INFO] 198.18.0.121 : Command 'show inventory' parsed
2023-03-25 13:06:19,202 [INFO] 198.18.0.121 : Output saved to out/getInven/xe1_show inventory_2023-03-25_13:06.csv
2023-03-25 13:06:19,203 [INFO] 198.18.0.121 : Output saved to out/getInven/xe1_show inventory_summary_2023-03-25_13:06.csv
2023-03-25 13:06:19,204 [INFO] 198.18.0.121 : Output saved to out/getInven/xe1_show inventory_summary_2023-03-25_13:06.csv
2023-03-25 13:06:19,204 [INFO] 198.18.0.121 : Output saved to out/getInven/xe1_show inventory_summary_2023-03-25_13:06.csv
2023-03-25 13:06:19,243 [INFO] 198.18.0.121 : Disconnected succcessfully
2023-03-25 13:06:24,681 [INFO] Authentication (password) successful!
2023-03-25 13:06:24,795 [ERROR] 198.18.0.133: Failed to connect
2023-03-25 13:06:25,130 [INFO] 198.18.0.122 : Connected 
2023-03-25 13:06:26,379 [INFO] 198.18.0.122 : Entered enable mode 
2023-03-25 13:06:27,590 [INFO] 198.18.0.122 : Command 'show inventory' sent
2023-03-25 13:06:27,594 [INFO] 198.18.0.122 : Command 'show inventory' parsed
2023-03-25 13:06:27,595 [INFO] 198.18.0.122 : Output saved to out/getInven/xe2_show inventory_2023-03-25_13:06.csv
2023-03-25 13:06:27,595 [INFO] 198.18.0.122 : Output saved to out/getInven/xe2_show inventory_summary_2023-03-25_13:06.csv
2023-03-25 13:06:27,596 [INFO] 198.18.0.122 : Output saved to out/getInven/xe2_show inventory_summary_2023-03-25_13:06.csv
2023-03-25 13:06:27,596 [INFO] 198.18.0.122 : Output saved to out/getInven/xe2_show inventory_summary_2023-03-25_13:06.csv
2023-03-25 13:06:27,633 [INFO] 198.18.0.122 : Disconnected succcessfully
2023-03-25 13:06:54,711 [INFO] ---Starting the Application---
2023-03-25 13:06:54,717 [INFO] ---Initialize testbed file---
2023-03-25 13:06:54,718 [INFO] ---testbed file ready---
2023-03-25 13:06:56,236 [INFO] ---Opening Main Menu Application---
2023-03-25 13:07:00,481 [INFO] ---Get CPU Utilization---
2023-03-25 13:07:00,543 [INFO] Connected (version 2.0, client Cisco-1.25)
2023-03-25 13:07:00,544 [INFO] Connected (version 2.0, client Cisco-1.25)
2023-03-25 13:07:00,544 [INFO] Connected (version 2.0, client Cisco-1.25)
2023-03-25 13:07:00,725 [INFO] Connected (version 2.0, client Cisco-2.0)
2023-03-25 13:07:00,747 [INFO] Connected (version 2.0, client Cisco-2.0)
2023-03-25 13:07:00,982 [INFO] Authentication (password) successful!
2023-03-25 13:07:01,004 [INFO] Authentication (password) successful!
2023-03-25 13:07:01,327 [INFO] Authentication (password) successful!
2023-03-25 13:07:01,335 [INFO] 198.18.0.122 : Connected 
2023-03-25 13:07:01,340 [INFO] Authentication (password) successful!
2023-03-25 13:07:01,496 [INFO] 198.18.0.121 : Connected 
2023-03-25 13:07:01,533 [INFO] 198.18.0.122 : Entered enable mode 
2023-03-25 13:07:01,750 [INFO] 198.18.0.132 : Connected 
2023-03-25 13:07:01,763 [INFO] 198.18.0.132 : Entered enable mode 
2023-03-25 13:07:01,825 [INFO] 198.18.0.121 : Entered enable mode 
2023-03-25 13:07:02,045 [INFO] 198.18.0.131 : Connected 
2023-03-25 13:07:02,070 [INFO] 198.18.0.131 : Entered enable mode 
2023-03-25 13:07:02,189 [INFO] 198.18.0.121 : Command 'show processes cpu' sent
2023-03-25 13:07:02,240 [INFO] 198.18.0.132 : Command 'show processes cpu' sent
2023-03-25 13:07:02,246 [INFO] 198.18.0.132 : Command 'show processes cpu' parsed
2023-03-25 13:07:02,248 [INFO] 198.18.0.121 : Command 'show processes cpu' parsed
2023-03-25 13:07:02,248 [INFO] 198.18.0.121 : Output saved to out/getCPU/xe1_show processes cpu_2023-03-25_13:06.csv
2023-03-25 13:07:02,248 [INFO] 198.18.0.132 : Output saved to out/getCPU/xr2_show processes cpu_2023-03-25_13:06.csv
2023-03-25 13:07:02,248 [INFO] 198.18.0.121 : Output saved to out/getCPU/xe1_show processes cpu_summary_2023-03-25_13:06.csv
2023-03-25 13:07:02,248 [INFO] 198.18.0.132 : Output saved to out/getCPU/xr2_show processes cpu_summary_2023-03-25_13:06.csv
2023-03-25 13:07:02,273 [INFO] 198.18.0.132 : Disconnected succcessfully
2023-03-25 13:07:02,285 [INFO] 198.18.0.121 : Disconnected succcessfully
2023-03-25 13:07:02,518 [INFO] 198.18.0.131 : Command 'show processes cpu' sent
2023-03-25 13:07:02,521 [INFO] 198.18.0.131 : Command 'show processes cpu' parsed
2023-03-25 13:07:02,523 [INFO] 198.18.0.131 : Output saved to out/getCPU/xr1_show processes cpu_2023-03-25_13:06.csv
2023-03-25 13:07:02,523 [INFO] 198.18.0.131 : Output saved to out/getCPU/xr1_show processes cpu_summary_2023-03-25_13:06.csv
2023-03-25 13:07:02,549 [INFO] 198.18.0.131 : Disconnected succcessfully
2023-03-25 13:07:02,858 [INFO] 198.18.0.122 : Command 'show processes cpu' sent
2023-03-25 13:07:02,861 [INFO] 198.18.0.122 : Command 'show processes cpu' parsed
2023-03-25 13:07:02,862 [INFO] 198.18.0.122 : Output saved to out/getCPU/xe2_show processes cpu_2023-03-25_13:06.csv
2023-03-25 13:07:02,862 [INFO] 198.18.0.122 : Output saved to out/getCPU/xe2_show processes cpu_summary_2023-03-25_13:06.csv
2023-03-25 13:07:02,925 [INFO] 198.18.0.122 : Disconnected succcessfully
2023-03-25 13:07:04,430 [INFO] Authentication (password) successful!
2023-03-25 13:07:07,889 [INFO] 198.18.0.123 : Connected 
2023-03-25 13:07:09,478 [INFO] 198.18.0.123 : Entered enable mode 
2023-03-25 13:07:10,069 [INFO] 198.18.0.123 : Command 'show processes cpu' sent
2023-03-25 13:07:10,074 [INFO] 198.18.0.123 : Command 'show processes cpu' parsed
2023-03-25 13:07:10,075 [INFO] 198.18.0.123 : Output saved to out/getCPU/xe3_show processes cpu_2023-03-25_13:06.csv
2023-03-25 13:07:10,075 [INFO] 198.18.0.123 : Output saved to out/getCPU/xe3_show processes cpu_summary_2023-03-25_13:06.csv
2023-03-25 13:07:10,112 [INFO] 198.18.0.123 : Disconnected succcessfully
2023-03-25 13:07:10,489 [ERROR] 198.18.0.133: Failed to connect
2023-03-25 13:09:11,579 [INFO] ---Starting the Application---
2023-03-25 13:09:11,585 [INFO] ---Initialize testbed file---
2023-03-25 13:09:11,586 [INFO] ---testbed file ready---
2023-03-25 13:09:13,298 [INFO] ---Opening Main Menu Application---
2023-03-25 13:09:16,463 [INFO] ---Get Healty Check / Environtment Device ---
2023-03-25 13:10:32,707 [INFO] ---Starting the Application---
2023-03-25 13:10:32,713 [INFO] ---Initialize testbed file---
2023-03-25 13:10:32,714 [INFO] ---testbed file ready---
2023-03-25 13:10:34,306 [INFO] ---Opening Main Menu Application---
2023-03-25 13:10:38,740 [INFO] ---Get Healty Check / Environtment Device ---
2023-03-25 13:10:38,871 [INFO] Connected (version 1.99, client Cisco-1.25)
2023-03-25 13:10:38,919 [INFO] Connected (version 1.99, client Cisco-1.25)
2023-03-25 13:10:39,584 [INFO] Authentication (password) successful!
2023-03-25 13:10:40,103 [INFO] 10.3.123.10 : Connected 
2023-03-25 13:10:40,117 [INFO] Authentication (password) successful!
2023-03-25 13:10:40,351 [INFO] 10.3.123.10 : Entered enable mode 
2023-03-25 13:10:40,526 [INFO] 10.3.123.10 : Command 'show environment' sent
2023-03-25 13:10:40,586 [INFO] 10.3.123.10 : Command 'show environment' parsed
2023-03-25 13:10:40,586 [INFO] 10.3.123.10 : Output saved to out/getEnvi/JKT-CC-VG_show environment_2023-03-25_13:10.csv
2023-03-25 13:10:40,587 [INFO] 10.3.123.10 : Output saved to out/getEnvi/JKT-CC-VG_show environment_summary_2023-03-25_13:10.csv
2023-03-25 13:10:40,612 [INFO] 10.3.123.10 : Disconnected succcessfully
2023-03-25 13:10:40,728 [INFO] 10.22.123.10 : Connected 
2023-03-25 13:10:41,094 [INFO] 10.22.123.10 : Entered enable mode 
2023-03-25 13:10:41,386 [INFO] 10.22.123.10 : Command 'show environment' sent
2023-03-25 13:10:41,393 [INFO] 10.22.123.10 : Command 'show environment' parsed
2023-03-25 13:10:41,394 [INFO] 10.22.123.10 : Output saved to out/getEnvi/MKS-CC-VG_show environment_2023-03-25_13:10.csv
2023-03-25 13:10:41,394 [INFO] 10.22.123.10 : Output saved to out/getEnvi/MKS-CC-VG_show environment_summary_2023-03-25_13:10.csv
2023-03-25 13:10:41,458 [INFO] 10.22.123.10 : Disconnected succcessfully
2023-03-26 12:38:39,050 [INFO] ---Starting the Application---
2023-03-26 12:38:39,057 [INFO] ---Initialize testbed file---
2023-03-26 12:38:39,058 [INFO] ---testbed file ready---
2023-03-26 12:38:40,947 [INFO] ---Opening Main Menu Application---
2023-03-26 12:38:44,487 [INFO] ---Get CPU Utilization---
2023-03-26 12:38:44,546 [INFO] Connected (version 2.0, client Cisco-1.25)
2023-03-26 12:38:44,549 [INFO] Connected (version 2.0, client Cisco-1.25)
2023-03-26 12:38:44,550 [INFO] Connected (version 2.0, client Cisco-1.25)
2023-03-26 12:38:44,729 [INFO] Connected (version 2.0, client Cisco-2.0)
2023-03-26 12:38:44,734 [INFO] Connected (version 2.0, client Cisco-2.0)
2023-03-26 12:38:45,000 [INFO] Authentication (password) successful!
2023-03-26 12:38:45,002 [INFO] Authentication (password) successful!
2023-03-26 12:38:45,006 [INFO] Authentication (password) successful!
2023-03-26 12:38:45,349 [INFO] Authentication (password) successful!
2023-03-26 12:38:45,350 [INFO] Authentication (password) successful!
2023-03-26 12:38:45,377 [INFO] 198.18.0.121 : Connected 
2023-03-26 12:38:45,377 [INFO] 198.18.0.122 : Connected 
2023-03-26 12:38:45,378 [INFO] 198.18.0.123 : Connected 
2023-03-26 12:38:45,562 [INFO] 198.18.0.123 : Entered enable mode 
2023-03-26 12:38:45,577 [INFO] 198.18.0.122 : Entered enable mode 
2023-03-26 12:38:45,608 [INFO] 198.18.0.121 : Entered enable mode 
2023-03-26 12:38:45,809 [INFO] 198.18.0.132 : Connected 
2023-03-26 12:38:45,870 [INFO] 198.18.0.132 : Entered enable mode 
2023-03-26 12:38:46,063 [INFO] 198.18.0.123 : Command 'show processes cpu' sent
2023-03-26 12:38:46,116 [INFO] 198.18.0.122 : Command 'show processes cpu' sent
2023-03-26 12:38:46,121 [INFO] 198.18.0.123 : Command 'show processes cpu' parsed
2023-03-26 12:38:46,123 [INFO] 198.18.0.122 : Command 'show processes cpu' parsed
2023-03-26 12:38:46,123 [INFO] 198.18.0.123 : Output saved to out/getCPU/2023-03-26/raw_data/xe3_show processes cpu_2023-03-26_12:38.csv
2023-03-26 12:38:46,123 [INFO] 198.18.0.123 : Output appended to out/getCPU/2023-03-26/xe3_show processes cpu_summary_2023-03-26_12:38.csv
2023-03-26 12:38:46,124 [INFO] 198.18.0.122 : Output saved to out/getCPU/2023-03-26/raw_data/xe2_show processes cpu_2023-03-26_12:38.csv
2023-03-26 12:38:46,124 [INFO] 198.18.0.122 : Output appended to out/getCPU/2023-03-26/xe2_show processes cpu_summary_2023-03-26_12:38.csv
2023-03-26 12:38:46,210 [INFO] 198.18.0.121 : Command 'show processes cpu' sent
2023-03-26 12:38:46,212 [INFO] 198.18.0.121 : Command 'show processes cpu' parsed
2023-03-26 12:38:46,213 [INFO] 198.18.0.121 : Output saved to out/getCPU/2023-03-26/raw_data/xe1_show processes cpu_2023-03-26_12:38.csv
2023-03-26 12:38:46,213 [INFO] 198.18.0.121 : Output appended to out/getCPU/2023-03-26/xe1_show processes cpu_summary_2023-03-26_12:38.csv
2023-03-26 12:38:46,415 [INFO] 198.18.0.131 : Connected 
2023-03-26 12:38:46,508 [INFO] 198.18.0.121 : Command 'show processes cpu history' sent
2023-03-26 12:38:46,509 [INFO] 198.18.0.121 : Output saved to out/getCPU/2023-03-26/history/xe1_show processes cpu history_2023-03-26_12:38.txt
2023-03-26 12:38:46,577 [INFO] 198.18.0.122 : Command 'show processes cpu history' sent
2023-03-26 12:38:46,578 [INFO] 198.18.0.122 : Output saved to out/getCPU/2023-03-26/history/xe2_show processes cpu history_2023-03-26_12:38.txt
2023-03-26 12:38:46,602 [INFO] 198.18.0.131 : Entered enable mode 
2023-03-26 12:38:46,617 [INFO] 198.18.0.123 : Command 'show processes cpu history' sent
2023-03-26 12:38:46,617 [INFO] 198.18.0.123 : Output saved to out/getCPU/2023-03-26/history/xe3_show processes cpu history_2023-03-26_12:38.txt
2023-03-26 12:38:46,634 [INFO] 198.18.0.121 : Disconnected succcessfully
2023-03-26 12:38:46,644 [INFO] 198.18.0.132 : Command 'show processes cpu' sent
2023-03-26 12:38:46,646 [INFO] 198.18.0.132 : Command 'show processes cpu' parsed
2023-03-26 12:38:46,647 [INFO] 198.18.0.132 : Output saved to out/getCPU/2023-03-26/raw_data/xr2_show processes cpu_2023-03-26_12:38.csv
2023-03-26 12:38:46,647 [INFO] 198.18.0.132 : Output appended to out/getCPU/2023-03-26/xr2_show processes cpu_summary_2023-03-26_12:38.csv
2023-03-26 12:38:46,678 [INFO] 198.18.0.122 : Disconnected succcessfully
2023-03-26 12:38:46,678 [INFO] 198.18.0.123 : Disconnected succcessfully
2023-03-26 12:38:47,016 [INFO] 198.18.0.132 : Command 'show processes cpu history' sent
2023-03-26 12:38:47,017 [INFO] 198.18.0.132 : Output saved to out/getCPU/2023-03-26/history/xr2_show processes cpu history_2023-03-26_12:38.txt
2023-03-26 12:38:47,047 [INFO] 198.18.0.131 : Command 'show processes cpu' sent
2023-03-26 12:38:47,049 [INFO] 198.18.0.131 : Command 'show processes cpu' parsed
2023-03-26 12:38:47,050 [INFO] 198.18.0.131 : Output saved to out/getCPU/2023-03-26/raw_data/xr1_show processes cpu_2023-03-26_12:38.csv
2023-03-26 12:38:47,051 [INFO] 198.18.0.131 : Output appended to out/getCPU/2023-03-26/xr1_show processes cpu_summary_2023-03-26_12:38.csv
2023-03-26 12:38:47,056 [INFO] 198.18.0.132 : Disconnected succcessfully
2023-03-26 12:38:47,732 [INFO] 198.18.0.131 : Command 'show processes cpu history' sent
2023-03-26 12:38:47,733 [INFO] 198.18.0.131 : Output saved to out/getCPU/2023-03-26/history/xr1_show processes cpu history_2023-03-26_12:38.txt
2023-03-26 12:38:47,758 [INFO] 198.18.0.131 : Disconnected succcessfully
2023-03-26 12:38:54,496 [ERROR] 198.18.0.133: Failed to connect
2023-03-26 12:39:17,755 [INFO] ---Starting the Application---
2023-03-26 12:39:17,762 [INFO] ---Initialize testbed file---
2023-03-26 12:39:17,763 [INFO] ---testbed file ready---
2023-03-26 12:39:19,275 [INFO] ---Opening Main Menu Application---
2023-03-26 12:39:22,089 [INFO] ---Get Inventory Device---
2023-03-26 12:39:22,176 [INFO] Connected (version 2.0, client Cisco-1.25)
2023-03-26 12:39:22,189 [INFO] Connected (version 2.0, client Cisco-1.25)
2023-03-26 12:39:22,189 [INFO] Connected (version 2.0, client Cisco-1.25)
2023-03-26 12:39:22,345 [INFO] Connected (version 2.0, client Cisco-2.0)
2023-03-26 12:39:22,359 [INFO] Connected (version 2.0, client Cisco-2.0)
2023-03-26 12:39:22,636 [INFO] Authentication (password) successful!
2023-03-26 12:39:22,638 [INFO] Authentication (password) successful!
2023-03-26 12:39:22,859 [INFO] Authentication (password) successful!
2023-03-26 12:39:22,940 [INFO] Authentication (password) successful!
2023-03-26 12:39:22,964 [INFO] Authentication (password) successful!
2023-03-26 12:39:23,022 [INFO] 198.18.0.123 : Connected 
2023-03-26 12:39:23,023 [INFO] 198.18.0.121 : Connected 
2023-03-26 12:39:23,222 [INFO] 198.18.0.123 : Entered enable mode 
2023-03-26 12:39:23,245 [INFO] 198.18.0.121 : Entered enable mode 
2023-03-26 12:39:23,251 [INFO] 198.18.0.122 : Connected 
2023-03-26 12:39:23,351 [INFO] 198.18.0.123 : Command 'show inventory' sent
2023-03-26 12:39:23,402 [INFO] 198.18.0.123 : Command 'show inventory' parsed
2023-03-26 12:39:23,402 [INFO] 198.18.0.121 : Command 'show inventory' sent
2023-03-26 12:39:23,403 [INFO] 198.18.0.121 : Command 'show inventory' parsed
2023-03-26 12:39:23,403 [INFO] 198.18.0.123 : Output saved to out/getInven/2023-03-26/raw_data/xe3_show inventory_2023-03-26_12:39.csv
2023-03-26 12:39:23,403 [INFO] 198.18.0.123 : Output appended to out/getInven/2023-03-26/xe3_show inventory_summary_2023-03-26_12:39.csv
2023-03-26 12:39:23,403 [INFO] 198.18.0.121 : Output saved to out/getInven/2023-03-26/raw_data/xe1_show inventory_2023-03-26_12:39.csv
2023-03-26 12:39:23,404 [INFO] 198.18.0.121 : Output appended to out/getInven/2023-03-26/xe1_show inventory_summary_2023-03-26_12:39.csv
2023-03-26 12:39:23,404 [INFO] 198.18.0.123 : Output appended to out/getInven/2023-03-26/xe3_show inventory_summary_2023-03-26_12:39.csv
2023-03-26 12:39:23,404 [INFO] 198.18.0.121 : Output appended to out/getInven/2023-03-26/xe1_show inventory_summary_2023-03-26_12:39.csv
2023-03-26 12:39:23,404 [INFO] 198.18.0.123 : Output appended to out/getInven/2023-03-26/xe3_show inventory_summary_2023-03-26_12:39.csv
2023-03-26 12:39:23,404 [INFO] 198.18.0.121 : Output appended to out/getInven/2023-03-26/xe1_show inventory_summary_2023-03-26_12:39.csv
2023-03-26 12:39:23,428 [INFO] 198.18.0.121 : Disconnected succcessfully
2023-03-26 12:39:23,441 [INFO] 198.18.0.123 : Disconnected succcessfully
2023-03-26 12:39:23,500 [INFO] 198.18.0.122 : Entered enable mode 
2023-03-26 12:39:23,637 [INFO] 198.18.0.122 : Command 'show inventory' sent
2023-03-26 12:39:23,640 [INFO] 198.18.0.122 : Command 'show inventory' parsed
2023-03-26 12:39:23,641 [INFO] 198.18.0.122 : Output saved to out/getInven/2023-03-26/raw_data/xe2_show inventory_2023-03-26_12:39.csv
2023-03-26 12:39:23,641 [INFO] 198.18.0.122 : Output appended to out/getInven/2023-03-26/xe2_show inventory_summary_2023-03-26_12:39.csv
2023-03-26 12:39:23,641 [INFO] 198.18.0.122 : Output appended to out/getInven/2023-03-26/xe2_show inventory_summary_2023-03-26_12:39.csv
2023-03-26 12:39:23,641 [INFO] 198.18.0.122 : Output appended to out/getInven/2023-03-26/xe2_show inventory_summary_2023-03-26_12:39.csv
2023-03-26 12:39:23,667 [INFO] 198.18.0.122 : Disconnected succcessfully
2023-03-26 12:39:23,678 [INFO] 198.18.0.131 : Connected 
2023-03-26 12:39:23,691 [INFO] 198.18.0.132 : Connected 
2023-03-26 12:39:23,703 [INFO] 198.18.0.131 : Entered enable mode 
2023-03-26 12:39:23,714 [INFO] 198.18.0.132 : Entered enable mode 
2023-03-26 12:39:24,155 [INFO] 198.18.0.131 : Command 'show inventory' sent
2023-03-26 12:39:24,160 [INFO] 198.18.0.131 : Command 'show inventory' parsed
2023-03-26 12:39:24,162 [INFO] 198.18.0.131 : Output saved to out/getInven/2023-03-26/raw_data/xr1_show inventory_2023-03-26_12:39.csv
2023-03-26 12:39:24,162 [INFO] 198.18.0.131 : Output appended to out/getInven/2023-03-26/xr1_show inventory_summary_2023-03-26_12:39.csv
2023-03-26 12:39:24,163 [INFO] 198.18.0.131 : Output appended to out/getInven/2023-03-26/xr1_show inventory_summary_2023-03-26_12:39.csv
2023-03-26 12:39:24,163 [INFO] 198.18.0.131 : Output appended to out/getInven/2023-03-26/xr1_show inventory_summary_2023-03-26_12:39.csv
2023-03-26 12:39:24,163 [INFO] 198.18.0.131 : Output appended to out/getInven/2023-03-26/xr1_show inventory_summary_2023-03-26_12:39.csv
2023-03-26 12:39:24,164 [INFO] 198.18.0.131 : Output appended to out/getInven/2023-03-26/xr1_show inventory_summary_2023-03-26_12:39.csv
2023-03-26 12:39:24,164 [INFO] 198.18.0.131 : Output appended to out/getInven/2023-03-26/xr1_show inventory_summary_2023-03-26_12:39.csv
2023-03-26 12:39:24,164 [INFO] 198.18.0.131 : Output appended to out/getInven/2023-03-26/xr1_show inventory_summary_2023-03-26_12:39.csv
2023-03-26 12:39:24,164 [INFO] 198.18.0.131 : Output appended to out/getInven/2023-03-26/xr1_show inventory_summary_2023-03-26_12:39.csv
2023-03-26 12:39:24,164 [INFO] 198.18.0.131 : Output appended to out/getInven/2023-03-26/xr1_show inventory_summary_2023-03-26_12:39.csv
2023-03-26 12:39:24,164 [INFO] 198.18.0.131 : Output appended to out/getInven/2023-03-26/xr1_show inventory_summary_2023-03-26_12:39.csv
2023-03-26 12:39:24,186 [INFO] 198.18.0.132 : Command 'show inventory' sent
2023-03-26 12:39:24,189 [INFO] 198.18.0.132 : Command 'show inventory' parsed
2023-03-26 12:39:24,190 [INFO] 198.18.0.132 : Output saved to out/getInven/2023-03-26/raw_data/xr2_show inventory_2023-03-26_12:39.csv
2023-03-26 12:39:24,190 [INFO] 198.18.0.132 : Output appended to out/getInven/2023-03-26/xr2_show inventory_summary_2023-03-26_12:39.csv
2023-03-26 12:39:24,190 [INFO] 198.18.0.132 : Output appended to out/getInven/2023-03-26/xr2_show inventory_summary_2023-03-26_12:39.csv
2023-03-26 12:39:24,190 [INFO] 198.18.0.132 : Output appended to out/getInven/2023-03-26/xr2_show inventory_summary_2023-03-26_12:39.csv
2023-03-26 12:39:24,190 [INFO] 198.18.0.132 : Output appended to out/getInven/2023-03-26/xr2_show inventory_summary_2023-03-26_12:39.csv
2023-03-26 12:39:24,191 [INFO] 198.18.0.132 : Output appended to out/getInven/2023-03-26/xr2_show inventory_summary_2023-03-26_12:39.csv
2023-03-26 12:39:24,191 [INFO] 198.18.0.132 : Output appended to out/getInven/2023-03-26/xr2_show inventory_summary_2023-03-26_12:39.csv
2023-03-26 12:39:24,191 [INFO] 198.18.0.132 : Output appended to out/getInven/2023-03-26/xr2_show inventory_summary_2023-03-26_12:39.csv
2023-03-26 12:39:24,192 [INFO] 198.18.0.132 : Output appended to out/getInven/2023-03-26/xr2_show inventory_summary_2023-03-26_12:39.csv
2023-03-26 12:39:24,192 [INFO] 198.18.0.132 : Output appended to out/getInven/2023-03-26/xr2_show inventory_summary_2023-03-26_12:39.csv
2023-03-26 12:39:24,192 [INFO] 198.18.0.132 : Output appended to out/getInven/2023-03-26/xr2_show inventory_summary_2023-03-26_12:39.csv
2023-03-26 12:39:24,202 [INFO] 198.18.0.131 : Disconnected succcessfully
2023-03-26 12:39:24,218 [INFO] 198.18.0.132 : Disconnected succcessfully
2023-03-26 12:39:32,097 [ERROR] 198.18.0.133: Failed to connect
2023-03-26 12:41:02,591 [INFO] ---Starting the Application---
2023-03-26 12:41:02,597 [INFO] ---Initialize testbed file---
2023-03-26 12:41:02,598 [INFO] ---testbed file ready---
2023-03-26 12:41:04,086 [INFO] ---Opening Main Menu Application---
2023-03-26 12:41:12,341 [INFO] ---Get Inventory Device---
2023-03-26 12:41:12,342 [INFO] Proccesing menu: Get Inventory Device
2023-03-26 12:41:12,444 [INFO] Connected (version 2.0, client Cisco-1.25)
2023-03-26 12:41:12,447 [INFO] Connected (version 2.0, client Cisco-1.25)
2023-03-26 12:41:12,448 [INFO] ---Get CPU Utilization---
2023-03-26 12:41:12,450 [INFO] Proccesing menu: Get CPU Utils
2023-03-26 12:41:12,452 [INFO] Connected (version 2.0, client Cisco-1.25)
2023-03-26 12:41:12,607 [INFO] Connected (version 2.0, client Cisco-2.0)
2023-03-26 12:41:12,607 [INFO] Connected (version 2.0, client Cisco-2.0)
2023-03-26 12:41:12,725 [INFO] Connected (version 2.0, client Cisco-1.25)
2023-03-26 12:41:12,725 [INFO] Connected (version 2.0, client Cisco-1.25)
2023-03-26 12:41:12,727 [ERROR] Exception (client): Error reading SSH protocol banner[Errno 54] Connection reset by peer
2023-03-26 12:41:12,734 [ERROR] Traceback (most recent call last):
2023-03-26 12:41:12,735 [ERROR]   File "/Library/Frameworks/Python.framework/Versions/3.10/lib/python3.10/site-packages/paramiko/transport.py", line 2271, in _check_banner
2023-03-26 12:41:12,735 [ERROR]     buf = self.packetizer.readline(timeout)
2023-03-26 12:41:12,735 [ERROR]   File "/Library/Frameworks/Python.framework/Versions/3.10/lib/python3.10/site-packages/paramiko/packet.py", line 380, in readline
2023-03-26 12:41:12,735 [ERROR]     buf += self._read_timeout(timeout)
2023-03-26 12:41:12,735 [ERROR]   File "/Library/Frameworks/Python.framework/Versions/3.10/lib/python3.10/site-packages/paramiko/packet.py", line 607, in _read_timeout
2023-03-26 12:41:12,735 [ERROR]     x = self.__socket.recv(128)
2023-03-26 12:41:12,735 [ERROR] ConnectionResetError: [Errno 54] Connection reset by peer
2023-03-26 12:41:12,736 [ERROR] 
2023-03-26 12:41:12,736 [ERROR] During handling of the above exception, another exception occurred:
2023-03-26 12:41:12,736 [ERROR] 
2023-03-26 12:41:12,736 [ERROR] Traceback (most recent call last):
2023-03-26 12:41:12,736 [ERROR]   File "/Library/Frameworks/Python.framework/Versions/3.10/lib/python3.10/site-packages/paramiko/transport.py", line 2094, in run
2023-03-26 12:41:12,736 [ERROR]     self._check_banner()
2023-03-26 12:41:12,736 [ERROR]   File "/Library/Frameworks/Python.framework/Versions/3.10/lib/python3.10/site-packages/paramiko/transport.py", line 2275, in _check_banner
2023-03-26 12:41:12,737 [ERROR]     raise SSHException(
2023-03-26 12:41:12,737 [ERROR] paramiko.ssh_exception.SSHException: Error reading SSH protocol banner[Errno 54] Connection reset by peer
2023-03-26 12:41:12,737 [ERROR] 
2023-03-26 12:41:12,737 [ERROR] Exception (client): Error reading SSH protocol banner[Errno 54] Connection reset by peer
2023-03-26 12:41:12,738 [ERROR] 198.18.0.131: Failed to connect
2023-03-26 12:41:12,738 [INFO] Connected (version 2.0, client Cisco-1.25)
2023-03-26 12:41:12,738 [ERROR] Traceback (most recent call last):
2023-03-26 12:41:12,739 [ERROR]   File "/Library/Frameworks/Python.framework/Versions/3.10/lib/python3.10/site-packages/paramiko/transport.py", line 2271, in _check_banner
2023-03-26 12:41:12,739 [ERROR]     buf = self.packetizer.readline(timeout)
2023-03-26 12:41:12,739 [ERROR]   File "/Library/Frameworks/Python.framework/Versions/3.10/lib/python3.10/site-packages/paramiko/packet.py", line 380, in readline
2023-03-26 12:41:12,739 [ERROR]     buf += self._read_timeout(timeout)
2023-03-26 12:41:12,739 [ERROR]   File "/Library/Frameworks/Python.framework/Versions/3.10/lib/python3.10/site-packages/paramiko/packet.py", line 607, in _read_timeout
2023-03-26 12:41:12,739 [ERROR]     x = self.__socket.recv(128)
2023-03-26 12:41:12,739 [ERROR] ConnectionResetError: [Errno 54] Connection reset by peer
2023-03-26 12:41:12,740 [ERROR] 
2023-03-26 12:41:12,740 [ERROR] During handling of the above exception, another exception occurred:
2023-03-26 12:41:12,740 [ERROR] 
2023-03-26 12:41:12,740 [ERROR] Traceback (most recent call last):
2023-03-26 12:41:12,740 [ERROR]   File "/Library/Frameworks/Python.framework/Versions/3.10/lib/python3.10/site-packages/paramiko/transport.py", line 2094, in run
2023-03-26 12:41:12,740 [ERROR]     self._check_banner()
2023-03-26 12:41:12,740 [ERROR]   File "/Library/Frameworks/Python.framework/Versions/3.10/lib/python3.10/site-packages/paramiko/transport.py", line 2275, in _check_banner
2023-03-26 12:41:12,740 [ERROR]     raise SSHException(
2023-03-26 12:41:12,740 [ERROR] paramiko.ssh_exception.SSHException: Error reading SSH protocol banner[Errno 54] Connection reset by peer
2023-03-26 12:41:12,740 [ERROR] 
2023-03-26 12:41:12,740 [ERROR] 198.18.0.132: Failed to connect
2023-03-26 12:41:13,359 [INFO] Authentication (password) successful!
2023-03-26 12:41:13,445 [INFO] Authentication (password) successful!
2023-03-26 12:41:13,453 [INFO] Authentication (password) successful!
2023-03-26 12:41:13,466 [INFO] Authentication (password) successful!
2023-03-26 12:41:13,509 [INFO] Authentication (password) successful!
2023-03-26 12:41:13,528 [INFO] Authentication (password) successful!
2023-03-26 12:41:14,168 [INFO] 198.18.0.123 : Connected 
2023-03-26 12:41:14,205 [INFO] Authentication (password) successful!
2023-03-26 12:41:14,206 [INFO] 198.18.0.122 : Connected 
2023-03-26 12:41:14,282 [INFO] 198.18.0.131 : Connected 
2023-03-26 12:41:14,565 [INFO] 198.18.0.132 : Connected 
2023-03-26 12:41:14,585 [INFO] 198.18.0.131 : Entered enable mode 
2023-03-26 12:41:14,598 [INFO] 198.18.0.121 : Connected 
2023-03-26 12:41:14,673 [INFO] 198.18.0.132 : Entered enable mode 
2023-03-26 12:41:15,008 [INFO] 198.18.0.123 : Entered enable mode 
2023-03-26 12:41:15,010 [INFO] 198.18.0.122 : Entered enable mode 
2023-03-26 12:41:15,380 [INFO] 198.18.0.122 : Command 'show inventory' sent
2023-03-26 12:41:15,439 [INFO] 198.18.0.122 : Command 'show inventory' parsed
2023-03-26 12:41:15,440 [INFO] 198.18.0.122 : Output saved to out/getInven/2023-03-26/raw_data/xe2_show inventory_2023-03-26_12:41.csv
2023-03-26 12:41:15,440 [INFO] 198.18.0.122 : Output appended to out/getInven/2023-03-26/xe2_show inventory_summary_2023-03-26_12:41.csv
2023-03-26 12:41:15,440 [INFO] 198.18.0.122 : Output appended to out/getInven/2023-03-26/xe2_show inventory_summary_2023-03-26_12:41.csv
2023-03-26 12:41:15,440 [INFO] 198.18.0.122 : Output appended to out/getInven/2023-03-26/xe2_show inventory_summary_2023-03-26_12:41.csv
2023-03-26 12:41:15,449 [INFO] 198.18.0.121 : Entered enable mode 
2023-03-26 12:41:15,456 [INFO] 198.18.0.121 : Connected 
2023-03-26 12:41:15,497 [INFO] 198.18.0.131 : Command 'show inventory' sent
2023-03-26 12:41:15,499 [INFO] 198.18.0.131 : Command 'show inventory' parsed
2023-03-26 12:41:15,499 [INFO] 198.18.0.131 : Output saved to out/getInven/2023-03-26/raw_data/xr1_show inventory_2023-03-26_12:41.csv
2023-03-26 12:41:15,499 [INFO] 198.18.0.131 : Output appended to out/getInven/2023-03-26/xr1_show inventory_summary_2023-03-26_12:41.csv
2023-03-26 12:41:15,499 [INFO] 198.18.0.131 : Output appended to out/getInven/2023-03-26/xr1_show inventory_summary_2023-03-26_12:41.csv
2023-03-26 12:41:15,500 [INFO] 198.18.0.131 : Output appended to out/getInven/2023-03-26/xr1_show inventory_summary_2023-03-26_12:41.csv
2023-03-26 12:41:15,500 [INFO] 198.18.0.131 : Output appended to out/getInven/2023-03-26/xr1_show inventory_summary_2023-03-26_12:41.csv
2023-03-26 12:41:15,500 [INFO] 198.18.0.131 : Output appended to out/getInven/2023-03-26/xr1_show inventory_summary_2023-03-26_12:41.csv
2023-03-26 12:41:15,500 [INFO] 198.18.0.131 : Output appended to out/getInven/2023-03-26/xr1_show inventory_summary_2023-03-26_12:41.csv
2023-03-26 12:41:15,500 [INFO] 198.18.0.131 : Output appended to out/getInven/2023-03-26/xr1_show inventory_summary_2023-03-26_12:41.csv
2023-03-26 12:41:15,500 [INFO] 198.18.0.131 : Output appended to out/getInven/2023-03-26/xr1_show inventory_summary_2023-03-26_12:41.csv
2023-03-26 12:41:15,500 [INFO] 198.18.0.131 : Output appended to out/getInven/2023-03-26/xr1_show inventory_summary_2023-03-26_12:41.csv
2023-03-26 12:41:15,500 [INFO] 198.18.0.131 : Output appended to out/getInven/2023-03-26/xr1_show inventory_summary_2023-03-26_12:41.csv
2023-03-26 12:41:15,532 [INFO] 198.18.0.122 : Connected 
2023-03-26 12:41:15,551 [INFO] 198.18.0.122 : Disconnected succcessfully
2023-03-26 12:41:15,554 [INFO] 198.18.0.132 : Command 'show inventory' sent
2023-03-26 12:41:15,556 [INFO] 198.18.0.132 : Command 'show inventory' parsed
2023-03-26 12:41:15,556 [INFO] 198.18.0.132 : Output saved to out/getInven/2023-03-26/raw_data/xr2_show inventory_2023-03-26_12:41.csv
2023-03-26 12:41:15,556 [INFO] 198.18.0.132 : Output appended to out/getInven/2023-03-26/xr2_show inventory_summary_2023-03-26_12:41.csv
2023-03-26 12:41:15,557 [INFO] 198.18.0.132 : Output appended to out/getInven/2023-03-26/xr2_show inventory_summary_2023-03-26_12:41.csv
2023-03-26 12:41:15,557 [INFO] 198.18.0.132 : Output appended to out/getInven/2023-03-26/xr2_show inventory_summary_2023-03-26_12:41.csv
2023-03-26 12:41:15,557 [INFO] 198.18.0.132 : Output appended to out/getInven/2023-03-26/xr2_show inventory_summary_2023-03-26_12:41.csv
2023-03-26 12:41:15,557 [INFO] 198.18.0.132 : Output appended to out/getInven/2023-03-26/xr2_show inventory_summary_2023-03-26_12:41.csv
2023-03-26 12:41:15,557 [INFO] 198.18.0.132 : Output appended to out/getInven/2023-03-26/xr2_show inventory_summary_2023-03-26_12:41.csv
2023-03-26 12:41:15,557 [INFO] 198.18.0.132 : Output appended to out/getInven/2023-03-26/xr2_show inventory_summary_2023-03-26_12:41.csv
2023-03-26 12:41:15,557 [INFO] 198.18.0.132 : Output appended to out/getInven/2023-03-26/xr2_show inventory_summary_2023-03-26_12:41.csv
2023-03-26 12:41:15,557 [INFO] 198.18.0.132 : Output appended to out/getInven/2023-03-26/xr2_show inventory_summary_2023-03-26_12:41.csv
2023-03-26 12:41:15,558 [INFO] 198.18.0.132 : Output appended to out/getInven/2023-03-26/xr2_show inventory_summary_2023-03-26_12:41.csv
2023-03-26 12:41:15,723 [INFO] 198.18.0.131 : Disconnected succcessfully
2023-03-26 12:41:15,754 [INFO] 198.18.0.132 : Disconnected succcessfully
2023-03-26 12:41:16,233 [INFO] 198.18.0.121 : Entered enable mode 
2023-03-26 12:41:16,281 [INFO] 198.18.0.122 : Entered enable mode 
2023-03-26 12:41:16,373 [INFO] Authentication (password) successful!
2023-03-26 12:41:16,704 [INFO] 198.18.0.123 : Command 'show processes cpu' sent
2023-03-26 12:41:16,706 [INFO] 198.18.0.123 : Command 'show processes cpu' parsed
2023-03-26 12:41:16,706 [INFO] 198.18.0.123 : Output saved to out/getCPU/2023-03-26/raw_data/xe3_show processes cpu_2023-03-26_12:41.csv
2023-03-26 12:41:16,706 [INFO] 198.18.0.123 : Output appended to out/getCPU/2023-03-26/xe3_show processes cpu_summary_2023-03-26_12:41.csv
2023-03-26 12:41:17,081 [INFO] 198.18.0.121 : Command 'show processes cpu' sent
2023-03-26 12:41:17,082 [INFO] 198.18.0.121 : Command 'show processes cpu' parsed
2023-03-26 12:41:17,083 [INFO] 198.18.0.121 : Output saved to out/getCPU/2023-03-26/raw_data/xe1_show processes cpu_2023-03-26_12:41.csv
2023-03-26 12:41:17,083 [INFO] 198.18.0.121 : Output appended to out/getCPU/2023-03-26/xe1_show processes cpu_summary_2023-03-26_12:41.csv
2023-03-26 12:41:17,150 [INFO] 198.18.0.121 : Command 'show inventory' sent
2023-03-26 12:41:17,152 [INFO] 198.18.0.121 : Command 'show inventory' parsed
2023-03-26 12:41:17,155 [INFO] 198.18.0.121 : Output saved to out/getInven/2023-03-26/raw_data/xe1_show inventory_2023-03-26_12:41.csv
2023-03-26 12:41:17,155 [INFO] 198.18.0.121 : Output appended to out/getInven/2023-03-26/xe1_show inventory_summary_2023-03-26_12:41.csv
2023-03-26 12:41:17,156 [INFO] 198.18.0.121 : Output appended to out/getInven/2023-03-26/xe1_show inventory_summary_2023-03-26_12:41.csv
2023-03-26 12:41:17,156 [INFO] 198.18.0.121 : Output appended to out/getInven/2023-03-26/xe1_show inventory_summary_2023-03-26_12:41.csv
2023-03-26 12:41:17,217 [INFO] 198.18.0.121 : Disconnected succcessfully
2023-03-26 12:41:17,384 [INFO] 198.18.0.122 : Command 'show processes cpu' sent
2023-03-26 12:41:17,389 [INFO] 198.18.0.122 : Command 'show processes cpu' parsed
2023-03-26 12:41:17,390 [INFO] 198.18.0.122 : Output saved to out/getCPU/2023-03-26/raw_data/xe2_show processes cpu_2023-03-26_12:41.csv
2023-03-26 12:41:17,390 [INFO] 198.18.0.122 : Output appended to out/getCPU/2023-03-26/xe2_show processes cpu_summary_2023-03-26_12:41.csv
2023-03-26 12:41:17,401 [INFO] 198.18.0.123 : Command 'show processes cpu history' sent
2023-03-26 12:41:17,401 [INFO] 198.18.0.123 : Output saved to out/getCPU/2023-03-26/history/xe3_show processes cpu history_2023-03-26_12:41.txt
2023-03-26 12:41:17,414 [INFO] 198.18.0.123 : Connected 
2023-03-26 12:41:17,427 [INFO] 198.18.0.123 : Disconnected succcessfully
2023-03-26 12:41:17,440 [INFO] 198.18.0.121 : Command 'show processes cpu history' sent
2023-03-26 12:41:17,441 [INFO] 198.18.0.121 : Output saved to out/getCPU/2023-03-26/history/xe1_show processes cpu history_2023-03-26_12:41.txt
2023-03-26 12:41:17,466 [INFO] 198.18.0.121 : Disconnected succcessfully
2023-03-26 12:41:17,579 [INFO] 198.18.0.122 : Command 'show processes cpu history' sent
2023-03-26 12:41:17,580 [INFO] 198.18.0.122 : Output saved to out/getCPU/2023-03-26/history/xe2_show processes cpu history_2023-03-26_12:41.txt
2023-03-26 12:41:17,605 [INFO] 198.18.0.122 : Disconnected succcessfully
2023-03-26 12:41:18,766 [INFO] 198.18.0.123 : Entered enable mode 
2023-03-26 12:41:18,964 [INFO] 198.18.0.123 : Command 'show inventory' sent
2023-03-26 12:41:18,967 [INFO] 198.18.0.123 : Command 'show inventory' parsed
2023-03-26 12:41:18,968 [INFO] 198.18.0.123 : Output saved to out/getInven/2023-03-26/raw_data/xe3_show inventory_2023-03-26_12:41.csv
2023-03-26 12:41:18,968 [INFO] 198.18.0.123 : Output appended to out/getInven/2023-03-26/xe3_show inventory_summary_2023-03-26_12:41.csv
2023-03-26 12:41:18,969 [INFO] 198.18.0.123 : Output appended to out/getInven/2023-03-26/xe3_show inventory_summary_2023-03-26_12:41.csv
2023-03-26 12:41:18,969 [INFO] 198.18.0.123 : Output appended to out/getInven/2023-03-26/xe3_show inventory_summary_2023-03-26_12:41.csv
2023-03-26 12:41:18,991 [INFO] 198.18.0.123 : Disconnected succcessfully
2023-03-26 12:41:22,353 [ERROR] 198.18.0.133: Failed to connect
2023-03-26 12:41:22,457 [ERROR] 198.18.0.133: Failed to connect
2023-03-26 12:41:55,108 [INFO] ---Starting the Application---
2023-03-26 12:41:55,114 [INFO] ---Initialize testbed file---
2023-03-26 12:41:55,115 [INFO] ---testbed file ready---
2023-03-26 12:41:56,662 [INFO] ---Opening Main Menu Application---
2023-03-26 12:41:58,770 [INFO] ---Get Inventory Device---
2023-03-26 12:41:58,860 [INFO] Connected (version 2.0, client Cisco-1.25)
2023-03-26 12:41:58,900 [INFO] Connected (version 2.0, client Cisco-1.25)
2023-03-26 12:41:58,929 [INFO] Connected (version 2.0, client Cisco-1.25)
2023-03-26 12:41:59,101 [INFO] Connected (version 2.0, client Cisco-2.0)
2023-03-26 12:41:59,127 [INFO] Connected (version 2.0, client Cisco-2.0)
2023-03-26 12:41:59,606 [INFO] Authentication (password) successful!
2023-03-26 12:41:59,639 [INFO] Authentication (password) successful!
2023-03-26 12:41:59,754 [INFO] Authentication (password) successful!
2023-03-26 12:41:59,772 [INFO] Authentication (password) successful!
2023-03-26 12:42:00,323 [INFO] 198.18.0.122 : Connected 
2023-03-26 12:42:00,334 [INFO] 198.18.0.123 : Connected 
2023-03-26 12:42:00,663 [INFO] 198.18.0.132 : Connected 
2023-03-26 12:42:00,690 [INFO] 198.18.0.132 : Entered enable mode 
2023-03-26 12:42:01,063 [INFO] 198.18.0.131 : Connected 
2023-03-26 12:42:01,096 [INFO] 198.18.0.131 : Entered enable mode 
2023-03-26 12:42:01,181 [INFO] 198.18.0.123 : Entered enable mode 
2023-03-26 12:42:01,221 [INFO] 198.18.0.132 : Command 'show inventory' sent
2023-03-26 12:42:01,270 [INFO] 198.18.0.132 : Command 'show inventory' parsed
2023-03-26 12:42:01,270 [INFO] 198.18.0.132 : Output saved to out/getInven/2023-03-26/raw_data/xr2_show inventory_2023-03-26_12:41.csv
2023-03-26 12:42:01,270 [INFO] 198.18.0.132 : Output appended to out/getInven/2023-03-26/xr2_show inventory_summary_2023-03-26_12:41.csv
2023-03-26 12:42:01,270 [INFO] 198.18.0.132 : Output appended to out/getInven/2023-03-26/xr2_show inventory_summary_2023-03-26_12:41.csv
2023-03-26 12:42:01,270 [INFO] 198.18.0.132 : Output appended to out/getInven/2023-03-26/xr2_show inventory_summary_2023-03-26_12:41.csv
2023-03-26 12:42:01,270 [INFO] 198.18.0.132 : Output appended to out/getInven/2023-03-26/xr2_show inventory_summary_2023-03-26_12:41.csv
2023-03-26 12:42:01,270 [INFO] 198.18.0.132 : Output appended to out/getInven/2023-03-26/xr2_show inventory_summary_2023-03-26_12:41.csv
2023-03-26 12:42:01,270 [INFO] 198.18.0.132 : Output appended to out/getInven/2023-03-26/xr2_show inventory_summary_2023-03-26_12:41.csv
2023-03-26 12:42:01,271 [INFO] 198.18.0.132 : Output appended to out/getInven/2023-03-26/xr2_show inventory_summary_2023-03-26_12:41.csv
2023-03-26 12:42:01,271 [INFO] 198.18.0.132 : Output appended to out/getInven/2023-03-26/xr2_show inventory_summary_2023-03-26_12:41.csv
2023-03-26 12:42:01,271 [INFO] 198.18.0.132 : Output appended to out/getInven/2023-03-26/xr2_show inventory_summary_2023-03-26_12:41.csv
2023-03-26 12:42:01,271 [INFO] 198.18.0.132 : Output appended to out/getInven/2023-03-26/xr2_show inventory_summary_2023-03-26_12:41.csv
2023-03-26 12:42:01,300 [INFO] 198.18.0.122 : Entered enable mode 
2023-03-26 12:42:01,307 [INFO] 198.18.0.132 : Disconnected succcessfully
2023-03-26 12:42:01,408 [INFO] 198.18.0.123 : Command 'show inventory' sent
2023-03-26 12:42:01,411 [INFO] 198.18.0.123 : Command 'show inventory' parsed
2023-03-26 12:42:01,411 [INFO] 198.18.0.123 : Output saved to out/getInven/2023-03-26/raw_data/xe3_show inventory_2023-03-26_12:41.csv
2023-03-26 12:42:01,412 [INFO] 198.18.0.123 : Output appended to out/getInven/2023-03-26/xe3_show inventory_summary_2023-03-26_12:41.csv
2023-03-26 12:42:01,412 [INFO] 198.18.0.123 : Output appended to out/getInven/2023-03-26/xe3_show inventory_summary_2023-03-26_12:41.csv
2023-03-26 12:42:01,412 [INFO] 198.18.0.123 : Output appended to out/getInven/2023-03-26/xe3_show inventory_summary_2023-03-26_12:41.csv
2023-03-26 12:42:01,508 [INFO] 198.18.0.123 : Disconnected succcessfully
2023-03-26 12:42:01,535 [INFO] 198.18.0.131 : Command 'show inventory' sent
2023-03-26 12:42:01,539 [INFO] 198.18.0.131 : Command 'show inventory' parsed
2023-03-26 12:42:01,540 [INFO] 198.18.0.131 : Output saved to out/getInven/2023-03-26/raw_data/xr1_show inventory_2023-03-26_12:41.csv
2023-03-26 12:42:01,541 [INFO] 198.18.0.131 : Output appended to out/getInven/2023-03-26/xr1_show inventory_summary_2023-03-26_12:41.csv
2023-03-26 12:42:01,541 [INFO] 198.18.0.131 : Output appended to out/getInven/2023-03-26/xr1_show inventory_summary_2023-03-26_12:41.csv
2023-03-26 12:42:01,541 [INFO] 198.18.0.131 : Output appended to out/getInven/2023-03-26/xr1_show inventory_summary_2023-03-26_12:41.csv
2023-03-26 12:42:01,541 [INFO] 198.18.0.131 : Output appended to out/getInven/2023-03-26/xr1_show inventory_summary_2023-03-26_12:41.csv
2023-03-26 12:42:01,541 [INFO] 198.18.0.131 : Output appended to out/getInven/2023-03-26/xr1_show inventory_summary_2023-03-26_12:41.csv
2023-03-26 12:42:01,542 [INFO] 198.18.0.131 : Output appended to out/getInven/2023-03-26/xr1_show inventory_summary_2023-03-26_12:41.csv
2023-03-26 12:42:01,542 [INFO] 198.18.0.131 : Output appended to out/getInven/2023-03-26/xr1_show inventory_summary_2023-03-26_12:41.csv
2023-03-26 12:42:01,542 [INFO] 198.18.0.131 : Output appended to out/getInven/2023-03-26/xr1_show inventory_summary_2023-03-26_12:41.csv
2023-03-26 12:42:01,542 [INFO] 198.18.0.131 : Output appended to out/getInven/2023-03-26/xr1_show inventory_summary_2023-03-26_12:41.csv
2023-03-26 12:42:01,542 [INFO] 198.18.0.131 : Output appended to out/getInven/2023-03-26/xr1_show inventory_summary_2023-03-26_12:41.csv
2023-03-26 12:42:01,546 [INFO] 198.18.0.122 : Command 'show inventory' sent
2023-03-26 12:42:01,548 [INFO] 198.18.0.122 : Command 'show inventory' parsed
2023-03-26 12:42:01,548 [INFO] 198.18.0.122 : Output saved to out/getInven/2023-03-26/raw_data/xe2_show inventory_2023-03-26_12:41.csv
2023-03-26 12:42:01,548 [INFO] 198.18.0.122 : Output appended to out/getInven/2023-03-26/xe2_show inventory_summary_2023-03-26_12:41.csv
2023-03-26 12:42:01,549 [INFO] 198.18.0.122 : Output appended to out/getInven/2023-03-26/xe2_show inventory_summary_2023-03-26_12:41.csv
2023-03-26 12:42:01,549 [INFO] 198.18.0.122 : Output appended to out/getInven/2023-03-26/xe2_show inventory_summary_2023-03-26_12:41.csv
2023-03-26 12:42:01,635 [INFO] 198.18.0.122 : Disconnected succcessfully
2023-03-26 12:42:01,643 [INFO] 198.18.0.131 : Disconnected succcessfully
2023-03-26 12:42:02,759 [INFO] Authentication (password) successful!
2023-03-26 12:42:03,201 [INFO] 198.18.0.121 : Connected 
2023-03-26 12:42:03,436 [INFO] 198.18.0.121 : Entered enable mode 
2023-03-26 12:42:03,573 [INFO] 198.18.0.121 : Command 'show inventory' sent
2023-03-26 12:42:03,577 [INFO] 198.18.0.121 : Command 'show inventory' parsed
2023-03-26 12:42:03,578 [INFO] 198.18.0.121 : Output saved to out/getInven/2023-03-26/raw_data/xe1_show inventory_2023-03-26_12:41.csv
2023-03-26 12:42:03,579 [INFO] 198.18.0.121 : Output appended to out/getInven/2023-03-26/xe1_show inventory_summary_2023-03-26_12:41.csv
2023-03-26 12:42:03,579 [INFO] 198.18.0.121 : Output appended to out/getInven/2023-03-26/xe1_show inventory_summary_2023-03-26_12:41.csv
2023-03-26 12:42:03,580 [INFO] 198.18.0.121 : Output appended to out/getInven/2023-03-26/xe1_show inventory_summary_2023-03-26_12:41.csv
2023-03-26 12:42:03,606 [INFO] 198.18.0.121 : Disconnected succcessfully
2023-03-26 12:42:08,779 [ERROR] 198.18.0.133: Failed to connect
2023-03-26 12:42:13,604 [INFO] ---Starting the Application---
2023-03-26 12:42:13,609 [INFO] ---Initialize testbed file---
2023-03-26 12:42:13,610 [INFO] ---testbed file ready---
2023-03-26 12:42:15,776 [INFO] ---Opening Main Menu Application---
2023-03-26 12:42:19,689 [INFO] ---Get CPU Utilization---
2023-03-26 12:42:19,745 [INFO] Connected (version 2.0, client Cisco-1.25)
2023-03-26 12:42:19,750 [INFO] Connected (version 2.0, client Cisco-1.25)
2023-03-26 12:42:19,754 [INFO] Connected (version 2.0, client Cisco-1.25)
2023-03-26 12:42:19,923 [INFO] Connected (version 2.0, client Cisco-2.0)
2023-03-26 12:42:19,936 [INFO] Connected (version 2.0, client Cisco-2.0)
2023-03-26 12:42:20,391 [INFO] Authentication (password) successful!
2023-03-26 12:42:20,486 [INFO] Authentication (password) successful!
2023-03-26 12:42:20,570 [INFO] Authentication (password) successful!
2023-03-26 12:42:20,580 [INFO] Authentication (password) successful!
2023-03-26 12:42:20,794 [INFO] 198.18.0.123 : Connected 
2023-03-26 12:42:20,899 [INFO] 198.18.0.122 : Connected 
2023-03-26 12:42:20,991 [INFO] 198.18.0.123 : Entered enable mode 
2023-03-26 12:42:21,061 [INFO] 198.18.0.132 : Connected 
2023-03-26 12:42:21,110 [INFO] 198.18.0.132 : Entered enable mode 
2023-03-26 12:42:21,161 [INFO] 198.18.0.131 : Connected 
2023-03-26 12:42:21,174 [INFO] 198.18.0.131 : Entered enable mode 
2023-03-26 12:42:21,270 [INFO] 198.18.0.123 : Command 'show processes cpu' sent
2023-03-26 12:42:21,326 [INFO] 198.18.0.123 : Command 'show processes cpu' parsed
2023-03-26 12:42:21,326 [INFO] 198.18.0.123 : Output saved to out/getCPU/2023-03-26/raw_data/xe3_show processes cpu_2023-03-26_12:42.csv
2023-03-26 12:42:21,327 [INFO] 198.18.0.123 : Output appended to out/getCPU/2023-03-26/xe3_show processes cpu_summary_2023-03-26_12:42.csv
2023-03-26 12:42:21,484 [INFO] 198.18.0.132 : Command 'show processes cpu' sent
2023-03-26 12:42:21,484 [INFO] 198.18.0.123 : Command 'show processes cpu history' sent
2023-03-26 12:42:21,486 [INFO] 198.18.0.123 : Output saved to out/getCPU/2023-03-26/history/xe3_show processes cpu history_2023-03-26_12:42.txt
2023-03-26 12:42:21,487 [INFO] 198.18.0.132 : Command 'show processes cpu' parsed
2023-03-26 12:42:21,488 [INFO] 198.18.0.132 : Output saved to out/getCPU/2023-03-26/raw_data/xr2_show processes cpu_2023-03-26_12:42.csv
2023-03-26 12:42:21,488 [INFO] 198.18.0.132 : Output appended to out/getCPU/2023-03-26/xr2_show processes cpu_summary_2023-03-26_12:42.csv
2023-03-26 12:42:21,512 [INFO] 198.18.0.123 : Disconnected succcessfully
2023-03-26 12:42:21,598 [INFO] 198.18.0.131 : Command 'show processes cpu' sent
2023-03-26 12:42:21,601 [INFO] 198.18.0.131 : Command 'show processes cpu' parsed
2023-03-26 12:42:21,602 [INFO] 198.18.0.131 : Output saved to out/getCPU/2023-03-26/raw_data/xr1_show processes cpu_2023-03-26_12:42.csv
2023-03-26 12:42:21,602 [INFO] 198.18.0.131 : Output appended to out/getCPU/2023-03-26/xr1_show processes cpu_summary_2023-03-26_12:42.csv
2023-03-26 12:42:21,798 [INFO] 198.18.0.132 : Command 'show processes cpu history' sent
2023-03-26 12:42:21,800 [INFO] 198.18.0.132 : Output saved to out/getCPU/2023-03-26/history/xr2_show processes cpu history_2023-03-26_12:42.txt
2023-03-26 12:42:21,824 [INFO] 198.18.0.132 : Disconnected succcessfully
2023-03-26 12:42:21,882 [INFO] 198.18.0.131 : Command 'show processes cpu history' sent
2023-03-26 12:42:21,883 [INFO] 198.18.0.131 : Output saved to out/getCPU/2023-03-26/history/xr1_show processes cpu history_2023-03-26_12:42.txt
2023-03-26 12:42:21,908 [INFO] 198.18.0.131 : Disconnected succcessfully
2023-03-26 12:42:23,058 [INFO] 198.18.0.122 : Entered enable mode 
2023-03-26 12:42:23,168 [INFO] Authentication (password) successful!
2023-03-26 12:42:23,437 [INFO] 198.18.0.122 : Command 'show processes cpu' sent
2023-03-26 12:42:23,440 [INFO] 198.18.0.122 : Command 'show processes cpu' parsed
2023-03-26 12:42:23,441 [INFO] 198.18.0.122 : Output saved to out/getCPU/2023-03-26/raw_data/xe2_show processes cpu_2023-03-26_12:42.csv
2023-03-26 12:42:23,441 [INFO] 198.18.0.122 : Output appended to out/getCPU/2023-03-26/xe2_show processes cpu_summary_2023-03-26_12:42.csv
2023-03-26 12:42:23,533 [INFO] 198.18.0.121 : Connected 
2023-03-26 12:42:23,621 [INFO] 198.18.0.122 : Command 'show processes cpu history' sent
2023-03-26 12:42:23,622 [INFO] 198.18.0.122 : Output saved to out/getCPU/2023-03-26/history/xe2_show processes cpu history_2023-03-26_12:42.txt
2023-03-26 12:42:23,646 [INFO] 198.18.0.122 : Disconnected succcessfully
2023-03-26 12:42:23,757 [INFO] 198.18.0.121 : Entered enable mode 
2023-03-26 12:42:24,071 [INFO] 198.18.0.121 : Command 'show processes cpu' sent
2023-03-26 12:42:24,074 [INFO] 198.18.0.121 : Command 'show processes cpu' parsed
2023-03-26 12:42:24,074 [INFO] 198.18.0.121 : Output saved to out/getCPU/2023-03-26/raw_data/xe1_show processes cpu_2023-03-26_12:42.csv
2023-03-26 12:42:24,074 [INFO] 198.18.0.121 : Output appended to out/getCPU/2023-03-26/xe1_show processes cpu_summary_2023-03-26_12:42.csv
2023-03-26 12:42:24,251 [INFO] 198.18.0.121 : Command 'show processes cpu history' sent
2023-03-26 12:42:24,252 [INFO] 198.18.0.121 : Output saved to out/getCPU/2023-03-26/history/xe1_show processes cpu history_2023-03-26_12:42.txt
2023-03-26 12:42:24,289 [INFO] 198.18.0.121 : Disconnected succcessfully
2023-03-26 12:42:29,697 [ERROR] 198.18.0.133: Failed to connect
2023-03-26 12:43:04,770 [INFO] ---Starting the Application---
2023-03-26 12:43:04,776 [INFO] ---Initialize testbed file---
2023-03-26 12:43:04,777 [INFO] ---testbed file ready---
2023-03-26 12:43:05,878 [INFO] ---Opening Main Menu Application---
2023-03-26 12:43:11,116 [INFO] Proccesing menu: Get Inventory Device
2023-03-26 12:43:11,116 [INFO] ---Get Inventory Device---
2023-03-26 12:43:11,184 [INFO] Connected (version 2.0, client Cisco-1.25)
2023-03-26 12:43:11,184 [INFO] Connected (version 2.0, client Cisco-1.25)
2023-03-26 12:43:11,184 [INFO] Connected (version 2.0, client Cisco-1.25)
2023-03-26 12:43:11,227 [INFO] Proccesing menu: Get CPU Utils
2023-03-26 12:43:11,227 [INFO] ---Get CPU Utilization---
2023-03-26 12:43:11,291 [INFO] Connected (version 2.0, client Cisco-1.25)
2023-03-26 12:43:11,294 [INFO] Connected (version 2.0, client Cisco-1.25)
2023-03-26 12:43:11,299 [ERROR] Exception (client): Error reading SSH protocol banner[Errno 54] Connection reset by peer
2023-03-26 12:43:11,301 [ERROR] Exception (client): Error reading SSH protocol banner[Errno 54] Connection reset by peer
2023-03-26 12:43:11,303 [ERROR] Traceback (most recent call last):
2023-03-26 12:43:11,303 [ERROR] Traceback (most recent call last):
2023-03-26 12:43:11,304 [ERROR]   File "/Library/Frameworks/Python.framework/Versions/3.10/lib/python3.10/site-packages/paramiko/transport.py", line 2271, in _check_banner
2023-03-26 12:43:11,304 [ERROR]   File "/Library/Frameworks/Python.framework/Versions/3.10/lib/python3.10/site-packages/paramiko/transport.py", line 2271, in _check_banner
2023-03-26 12:43:11,304 [ERROR]     buf = self.packetizer.readline(timeout)
2023-03-26 12:43:11,304 [ERROR]     buf = self.packetizer.readline(timeout)
2023-03-26 12:43:11,304 [ERROR]   File "/Library/Frameworks/Python.framework/Versions/3.10/lib/python3.10/site-packages/paramiko/packet.py", line 380, in readline
2023-03-26 12:43:11,304 [ERROR]   File "/Library/Frameworks/Python.framework/Versions/3.10/lib/python3.10/site-packages/paramiko/packet.py", line 380, in readline
2023-03-26 12:43:11,304 [ERROR]     buf += self._read_timeout(timeout)
2023-03-26 12:43:11,304 [ERROR]     buf += self._read_timeout(timeout)
2023-03-26 12:43:11,305 [ERROR]   File "/Library/Frameworks/Python.framework/Versions/3.10/lib/python3.10/site-packages/paramiko/packet.py", line 607, in _read_timeout
2023-03-26 12:43:11,305 [ERROR]   File "/Library/Frameworks/Python.framework/Versions/3.10/lib/python3.10/site-packages/paramiko/packet.py", line 607, in _read_timeout
2023-03-26 12:43:11,305 [ERROR]     x = self.__socket.recv(128)
2023-03-26 12:43:11,305 [ERROR]     x = self.__socket.recv(128)
2023-03-26 12:43:11,305 [ERROR] ConnectionResetError: [Errno 54] Connection reset by peer
2023-03-26 12:43:11,305 [ERROR] ConnectionResetError: [Errno 54] Connection reset by peer
2023-03-26 12:43:11,305 [ERROR] 
2023-03-26 12:43:11,306 [ERROR] 
2023-03-26 12:43:11,306 [ERROR] During handling of the above exception, another exception occurred:
2023-03-26 12:43:11,306 [ERROR] During handling of the above exception, another exception occurred:
2023-03-26 12:43:11,306 [ERROR] 
2023-03-26 12:43:11,306 [ERROR] 
2023-03-26 12:43:11,306 [ERROR] Traceback (most recent call last):
2023-03-26 12:43:11,306 [ERROR] Traceback (most recent call last):
2023-03-26 12:43:11,306 [ERROR]   File "/Library/Frameworks/Python.framework/Versions/3.10/lib/python3.10/site-packages/paramiko/transport.py", line 2094, in run
2023-03-26 12:43:11,306 [ERROR]   File "/Library/Frameworks/Python.framework/Versions/3.10/lib/python3.10/site-packages/paramiko/transport.py", line 2094, in run
2023-03-26 12:43:11,307 [ERROR]     self._check_banner()
2023-03-26 12:43:11,307 [ERROR]     self._check_banner()
2023-03-26 12:43:11,307 [ERROR]   File "/Library/Frameworks/Python.framework/Versions/3.10/lib/python3.10/site-packages/paramiko/transport.py", line 2275, in _check_banner
2023-03-26 12:43:11,307 [ERROR]   File "/Library/Frameworks/Python.framework/Versions/3.10/lib/python3.10/site-packages/paramiko/transport.py", line 2275, in _check_banner
2023-03-26 12:43:11,307 [ERROR]     raise SSHException(
2023-03-26 12:43:11,307 [ERROR]     raise SSHException(
2023-03-26 12:43:11,307 [ERROR] paramiko.ssh_exception.SSHException: Error reading SSH protocol banner[Errno 54] Connection reset by peer
2023-03-26 12:43:11,307 [ERROR] paramiko.ssh_exception.SSHException: Error reading SSH protocol banner[Errno 54] Connection reset by peer
2023-03-26 12:43:11,307 [ERROR] 
2023-03-26 12:43:11,308 [ERROR] 
2023-03-26 12:43:11,308 [ERROR] 198.18.0.131: Failed to connect
2023-03-26 12:43:11,308 [ERROR] 198.18.0.132: Failed to connect
2023-03-26 12:43:11,344 [INFO] Connected (version 2.0, client Cisco-1.25)
2023-03-26 12:43:11,361 [INFO] Connected (version 2.0, client Cisco-2.0)
2023-03-26 12:43:11,379 [INFO] Connected (version 2.0, client Cisco-2.0)
2023-03-26 12:43:11,640 [INFO] Authentication (password) successful!
2023-03-26 12:43:11,725 [INFO] Authentication (password) successful!
2023-03-26 12:43:11,759 [INFO] Authentication (password) successful!
2023-03-26 12:43:11,859 [INFO] Authentication (password) successful!
2023-03-26 12:43:11,955 [INFO] Authentication (password) successful!
2023-03-26 12:43:11,971 [INFO] Authentication (password) successful!
2023-03-26 12:43:12,001 [INFO] Authentication (password) successful!
2023-03-26 12:43:12,041 [INFO] 198.18.0.123 : Connected 
2023-03-26 12:43:12,086 [INFO] 198.18.0.123 : Connected 
2023-03-26 12:43:12,164 [INFO] 198.18.0.121 : Connected 
2023-03-26 12:43:12,286 [INFO] 198.18.0.123 : Entered enable mode 
2023-03-26 12:43:12,329 [INFO] 198.18.0.123 : Entered enable mode 
2023-03-26 12:43:12,354 [INFO] 198.18.0.122 : Connected 
2023-03-26 12:43:12,366 [INFO] 198.18.0.131 : Connected 
2023-03-26 12:43:12,391 [INFO] 198.18.0.131 : Entered enable mode 
2023-03-26 12:43:12,398 [INFO] 198.18.0.121 : Entered enable mode 
2023-03-26 12:43:12,421 [INFO] 198.18.0.123 : Command 'show inventory' sent
2023-03-26 12:43:12,460 [INFO] 198.18.0.123 : Command 'show inventory' parsed
2023-03-26 12:43:12,460 [INFO] 198.18.0.123 : Output saved to out/getInven/2023-03-26/raw_data/xe3_show inventory_2023-03-26_12:43.csv
2023-03-26 12:43:12,460 [INFO] 198.18.0.123 : Output appended to out/getInven/2023-03-26/xe3_show inventory_summary_2023-03-26_12:43.csv
2023-03-26 12:43:12,460 [INFO] 198.18.0.123 : Output appended to out/getInven/2023-03-26/xe3_show inventory_summary_2023-03-26_12:43.csv
2023-03-26 12:43:12,461 [INFO] 198.18.0.123 : Output appended to out/getInven/2023-03-26/xe3_show inventory_summary_2023-03-26_12:43.csv
2023-03-26 12:43:12,524 [INFO] 198.18.0.123 : Disconnected succcessfully
2023-03-26 12:43:12,596 [INFO] 198.18.0.122 : Entered enable mode 
2023-03-26 12:43:12,621 [INFO] 198.18.0.121 : Command 'show inventory' sent
2023-03-26 12:43:12,623 [INFO] 198.18.0.121 : Command 'show inventory' parsed
2023-03-26 12:43:12,623 [INFO] 198.18.0.121 : Output saved to out/getInven/2023-03-26/raw_data/xe1_show inventory_2023-03-26_12:43.csv
2023-03-26 12:43:12,624 [INFO] 198.18.0.121 : Output appended to out/getInven/2023-03-26/xe1_show inventory_summary_2023-03-26_12:43.csv
2023-03-26 12:43:12,624 [INFO] 198.18.0.121 : Output appended to out/getInven/2023-03-26/xe1_show inventory_summary_2023-03-26_12:43.csv
2023-03-26 12:43:12,624 [INFO] 198.18.0.121 : Output appended to out/getInven/2023-03-26/xe1_show inventory_summary_2023-03-26_12:43.csv
2023-03-26 12:43:12,674 [INFO] 198.18.0.121 : Disconnected succcessfully
2023-03-26 12:43:12,803 [INFO] 198.18.0.123 : Command 'show processes cpu' sent
2023-03-26 12:43:12,808 [INFO] 198.18.0.123 : Command 'show processes cpu' parsed
2023-03-26 12:43:12,808 [INFO] 198.18.0.123 : Output saved to out/getCPU/2023-03-26/raw_data/xe3_show processes cpu_2023-03-26_12:43.csv
2023-03-26 12:43:12,809 [INFO] 198.18.0.123 : Output appended to out/getCPU/2023-03-26/xe3_show processes cpu_summary_2023-03-26_12:43.csv
2023-03-26 12:43:13,004 [INFO] 198.18.0.123 : Command 'show processes cpu history' sent
2023-03-26 12:43:13,004 [INFO] 198.18.0.123 : Output saved to out/getCPU/2023-03-26/history/xe3_show processes cpu history_2023-03-26_12:43.txt
2023-03-26 12:43:13,067 [INFO] 198.18.0.132 : Connected 
2023-03-26 12:43:13,081 [INFO] 198.18.0.123 : Disconnected succcessfully
2023-03-26 12:43:13,081 [INFO] 198.18.0.131 : Command 'show inventory' sent
2023-03-26 12:43:13,083 [INFO] 198.18.0.131 : Command 'show inventory' parsed
2023-03-26 12:43:13,083 [INFO] 198.18.0.131 : Output saved to out/getInven/2023-03-26/raw_data/xr1_show inventory_2023-03-26_12:43.csv
2023-03-26 12:43:13,083 [INFO] 198.18.0.131 : Output appended to out/getInven/2023-03-26/xr1_show inventory_summary_2023-03-26_12:43.csv
2023-03-26 12:43:13,083 [INFO] 198.18.0.131 : Output appended to out/getInven/2023-03-26/xr1_show inventory_summary_2023-03-26_12:43.csv
2023-03-26 12:43:13,083 [INFO] 198.18.0.131 : Output appended to out/getInven/2023-03-26/xr1_show inventory_summary_2023-03-26_12:43.csv
2023-03-26 12:43:13,084 [INFO] 198.18.0.131 : Output appended to out/getInven/2023-03-26/xr1_show inventory_summary_2023-03-26_12:43.csv
2023-03-26 12:43:13,084 [INFO] 198.18.0.131 : Output appended to out/getInven/2023-03-26/xr1_show inventory_summary_2023-03-26_12:43.csv
2023-03-26 12:43:13,084 [INFO] 198.18.0.131 : Output appended to out/getInven/2023-03-26/xr1_show inventory_summary_2023-03-26_12:43.csv
2023-03-26 12:43:13,084 [INFO] 198.18.0.131 : Output appended to out/getInven/2023-03-26/xr1_show inventory_summary_2023-03-26_12:43.csv
2023-03-26 12:43:13,084 [INFO] 198.18.0.131 : Output appended to out/getInven/2023-03-26/xr1_show inventory_summary_2023-03-26_12:43.csv
2023-03-26 12:43:13,084 [INFO] 198.18.0.131 : Output appended to out/getInven/2023-03-26/xr1_show inventory_summary_2023-03-26_12:43.csv
2023-03-26 12:43:13,084 [INFO] 198.18.0.131 : Output appended to out/getInven/2023-03-26/xr1_show inventory_summary_2023-03-26_12:43.csv
2023-03-26 12:43:13,098 [INFO] 198.18.0.122 : Command 'show processes cpu' sent
2023-03-26 12:43:13,099 [INFO] 198.18.0.122 : Command 'show processes cpu' parsed
2023-03-26 12:43:13,100 [INFO] 198.18.0.122 : Output saved to out/getCPU/2023-03-26/raw_data/xe2_show processes cpu_2023-03-26_12:43.csv
2023-03-26 12:43:13,100 [INFO] 198.18.0.122 : Output appended to out/getCPU/2023-03-26/xe2_show processes cpu_summary_2023-03-26_12:43.csv
2023-03-26 12:43:13,103 [INFO] 198.18.0.132 : Entered enable mode 
2023-03-26 12:43:13,108 [INFO] 198.18.0.131 : Disconnected succcessfully
2023-03-26 12:43:13,334 [INFO] 198.18.0.122 : Command 'show processes cpu history' sent
2023-03-26 12:43:13,335 [INFO] 198.18.0.122 : Output saved to out/getCPU/2023-03-26/history/xe2_show processes cpu history_2023-03-26_12:43.txt
2023-03-26 12:43:13,374 [INFO] 198.18.0.122 : Disconnected succcessfully
2023-03-26 12:43:13,942 [INFO] 198.18.0.132 : Command 'show inventory' sent
2023-03-26 12:43:13,944 [INFO] 198.18.0.132 : Command 'show inventory' parsed
2023-03-26 12:43:13,945 [INFO] 198.18.0.132 : Output saved to out/getInven/2023-03-26/raw_data/xr2_show inventory_2023-03-26_12:43.csv
2023-03-26 12:43:13,945 [INFO] 198.18.0.132 : Output appended to out/getInven/2023-03-26/xr2_show inventory_summary_2023-03-26_12:43.csv
2023-03-26 12:43:13,945 [INFO] 198.18.0.132 : Output appended to out/getInven/2023-03-26/xr2_show inventory_summary_2023-03-26_12:43.csv
2023-03-26 12:43:13,945 [INFO] 198.18.0.132 : Output appended to out/getInven/2023-03-26/xr2_show inventory_summary_2023-03-26_12:43.csv
2023-03-26 12:43:13,945 [INFO] 198.18.0.132 : Output appended to out/getInven/2023-03-26/xr2_show inventory_summary_2023-03-26_12:43.csv
2023-03-26 12:43:13,945 [INFO] 198.18.0.132 : Output appended to out/getInven/2023-03-26/xr2_show inventory_summary_2023-03-26_12:43.csv
2023-03-26 12:43:13,946 [INFO] 198.18.0.132 : Output appended to out/getInven/2023-03-26/xr2_show inventory_summary_2023-03-26_12:43.csv
2023-03-26 12:43:13,946 [INFO] 198.18.0.132 : Output appended to out/getInven/2023-03-26/xr2_show inventory_summary_2023-03-26_12:43.csv
2023-03-26 12:43:13,946 [INFO] 198.18.0.132 : Output appended to out/getInven/2023-03-26/xr2_show inventory_summary_2023-03-26_12:43.csv
2023-03-26 12:43:13,946 [INFO] 198.18.0.132 : Output appended to out/getInven/2023-03-26/xr2_show inventory_summary_2023-03-26_12:43.csv
2023-03-26 12:43:13,946 [INFO] 198.18.0.132 : Output appended to out/getInven/2023-03-26/xr2_show inventory_summary_2023-03-26_12:43.csv
2023-03-26 12:43:13,982 [INFO] 198.18.0.132 : Disconnected succcessfully
2023-03-26 12:43:14,769 [INFO] Authentication (password) successful!
2023-03-26 12:43:15,108 [INFO] 198.18.0.121 : Connected 
2023-03-26 12:43:15,223 [INFO] 198.18.0.122 : Connected 
2023-03-26 12:43:15,786 [INFO] 198.18.0.121 : Entered enable mode 
2023-03-26 12:43:16,068 [INFO] 198.18.0.122 : Entered enable mode 
2023-03-26 12:43:16,349 [INFO] 198.18.0.122 : Command 'show inventory' sent
2023-03-26 12:43:16,353 [INFO] 198.18.0.122 : Command 'show inventory' parsed
2023-03-26 12:43:16,354 [INFO] 198.18.0.122 : Output saved to out/getInven/2023-03-26/raw_data/xe2_show inventory_2023-03-26_12:43.csv
2023-03-26 12:43:16,354 [INFO] 198.18.0.122 : Output appended to out/getInven/2023-03-26/xe2_show inventory_summary_2023-03-26_12:43.csv
2023-03-26 12:43:16,355 [INFO] 198.18.0.122 : Output appended to out/getInven/2023-03-26/xe2_show inventory_summary_2023-03-26_12:43.csv
2023-03-26 12:43:16,355 [INFO] 198.18.0.122 : Output appended to out/getInven/2023-03-26/xe2_show inventory_summary_2023-03-26_12:43.csv
2023-03-26 12:43:16,607 [INFO] 198.18.0.122 : Disconnected succcessfully
2023-03-26 12:43:17,264 [INFO] 198.18.0.121 : Command 'show processes cpu' sent
2023-03-26 12:43:17,267 [INFO] 198.18.0.121 : Command 'show processes cpu' parsed
2023-03-26 12:43:17,267 [INFO] 198.18.0.121 : Output saved to out/getCPU/2023-03-26/raw_data/xe1_show processes cpu_2023-03-26_12:43.csv
2023-03-26 12:43:17,268 [INFO] 198.18.0.121 : Output appended to out/getCPU/2023-03-26/xe1_show processes cpu_summary_2023-03-26_12:43.csv
2023-03-26 12:43:17,491 [INFO] 198.18.0.121 : Command 'show processes cpu history' sent
2023-03-26 12:43:17,491 [INFO] 198.18.0.121 : Output saved to out/getCPU/2023-03-26/history/xe1_show processes cpu history_2023-03-26_12:43.txt
2023-03-26 12:43:17,517 [INFO] 198.18.0.121 : Disconnected succcessfully
2023-03-26 12:43:21,127 [ERROR] 198.18.0.133: Failed to connect
2023-03-26 12:43:21,237 [ERROR] 198.18.0.133: Failed to connect
2023-03-26 12:44:11,566 [INFO] ---Starting the Application---
2023-03-26 12:44:11,573 [INFO] ---Initialize testbed file---
2023-03-26 12:44:11,573 [INFO] ---testbed file ready---
2023-03-26 12:44:13,235 [INFO] ---Opening Main Menu Application---
2023-03-26 12:44:15,630 [INFO] Proccesing menu: Get Inventory Device
2023-03-26 12:44:15,629 [INFO] ---Get Inventory Device---
2023-03-26 12:44:15,692 [INFO] Connected (version 2.0, client Cisco-1.25)
2023-03-26 12:44:15,744 [INFO] Connected (version 2.0, client Cisco-1.25)
2023-03-26 12:44:15,740 [INFO] Proccesing menu: Get CPU Utils
2023-03-26 12:44:15,740 [INFO] ---Get CPU Utilization---
2023-03-26 12:44:15,747 [INFO] Connected (version 2.0, client Cisco-1.25)
2023-03-26 12:44:15,802 [ERROR] Exception (client): Error reading SSH protocol banner[Errno 54] Connection reset by peer
2023-03-26 12:44:15,806 [INFO] Connected (version 2.0, client Cisco-1.25)
2023-03-26 12:44:15,808 [ERROR] Traceback (most recent call last):
2023-03-26 12:44:15,809 [ERROR] Exception (client): Error reading SSH protocol banner[Errno 54] Connection reset by peer
2023-03-26 12:44:15,809 [ERROR]   File "/Library/Frameworks/Python.framework/Versions/3.10/lib/python3.10/site-packages/paramiko/transport.py", line 2271, in _check_banner
2023-03-26 12:44:15,810 [ERROR] Traceback (most recent call last):
2023-03-26 12:44:15,810 [ERROR]     buf = self.packetizer.readline(timeout)
2023-03-26 12:44:15,810 [ERROR]   File "/Library/Frameworks/Python.framework/Versions/3.10/lib/python3.10/site-packages/paramiko/transport.py", line 2271, in _check_banner
2023-03-26 12:44:15,811 [ERROR]   File "/Library/Frameworks/Python.framework/Versions/3.10/lib/python3.10/site-packages/paramiko/packet.py", line 380, in readline
2023-03-26 12:44:15,811 [ERROR]     buf = self.packetizer.readline(timeout)
2023-03-26 12:44:15,811 [ERROR]     buf += self._read_timeout(timeout)
2023-03-26 12:44:15,812 [ERROR]   File "/Library/Frameworks/Python.framework/Versions/3.10/lib/python3.10/site-packages/paramiko/packet.py", line 380, in readline
2023-03-26 12:44:15,812 [ERROR]   File "/Library/Frameworks/Python.framework/Versions/3.10/lib/python3.10/site-packages/paramiko/packet.py", line 607, in _read_timeout
2023-03-26 12:44:15,812 [ERROR]     x = self.__socket.recv(128)
2023-03-26 12:44:15,812 [ERROR]     buf += self._read_timeout(timeout)
2023-03-26 12:44:15,812 [ERROR] ConnectionResetError: [Errno 54] Connection reset by peer
2023-03-26 12:44:15,812 [ERROR] 
2023-03-26 12:44:15,812 [ERROR]   File "/Library/Frameworks/Python.framework/Versions/3.10/lib/python3.10/site-packages/paramiko/packet.py", line 607, in _read_timeout
2023-03-26 12:44:15,812 [ERROR] During handling of the above exception, another exception occurred:
2023-03-26 12:44:15,813 [ERROR]     x = self.__socket.recv(128)
2023-03-26 12:44:15,813 [ERROR] 
2023-03-26 12:44:15,813 [ERROR] ConnectionResetError: [Errno 54] Connection reset by peer
2023-03-26 12:44:15,813 [ERROR] Traceback (most recent call last):
2023-03-26 12:44:15,813 [ERROR] 
2023-03-26 12:44:15,813 [ERROR]   File "/Library/Frameworks/Python.framework/Versions/3.10/lib/python3.10/site-packages/paramiko/transport.py", line 2094, in run
2023-03-26 12:44:15,813 [ERROR] During handling of the above exception, another exception occurred:
2023-03-26 12:44:15,813 [ERROR]     self._check_banner()
2023-03-26 12:44:15,813 [ERROR] 
2023-03-26 12:44:15,814 [ERROR]   File "/Library/Frameworks/Python.framework/Versions/3.10/lib/python3.10/site-packages/paramiko/transport.py", line 2275, in _check_banner
2023-03-26 12:44:15,814 [ERROR]     raise SSHException(
2023-03-26 12:44:15,814 [ERROR] Traceback (most recent call last):
2023-03-26 12:44:15,814 [ERROR] paramiko.ssh_exception.SSHException: Error reading SSH protocol banner[Errno 54] Connection reset by peer
2023-03-26 12:44:15,814 [ERROR]   File "/Library/Frameworks/Python.framework/Versions/3.10/lib/python3.10/site-packages/paramiko/transport.py", line 2094, in run
2023-03-26 12:44:15,814 [ERROR] 
2023-03-26 12:44:15,814 [ERROR]     self._check_banner()
2023-03-26 12:44:15,815 [ERROR] 198.18.0.132: Failed to connect
2023-03-26 12:44:15,815 [ERROR]   File "/Library/Frameworks/Python.framework/Versions/3.10/lib/python3.10/site-packages/paramiko/transport.py", line 2275, in _check_banner
2023-03-26 12:44:15,815 [ERROR]     raise SSHException(
2023-03-26 12:44:15,815 [ERROR] paramiko.ssh_exception.SSHException: Error reading SSH protocol banner[Errno 54] Connection reset by peer
2023-03-26 12:44:15,815 [ERROR] 
2023-03-26 12:44:15,815 [ERROR] 198.18.0.131: Failed to connect
2023-03-26 12:44:15,862 [INFO] Connected (version 2.0, client Cisco-1.25)
2023-03-26 12:44:15,865 [INFO] Connected (version 2.0, client Cisco-1.25)
2023-03-26 12:44:15,917 [INFO] Connected (version 2.0, client Cisco-2.0)
2023-03-26 12:44:15,921 [INFO] Connected (version 2.0, client Cisco-2.0)
2023-03-26 12:44:16,210 [INFO] Authentication (password) successful!
2023-03-26 12:44:16,286 [INFO] Authentication (password) successful!
2023-03-26 12:44:16,289 [INFO] Authentication (password) successful!
2023-03-26 12:44:16,322 [INFO] Authentication (password) successful!
2023-03-26 12:44:16,411 [INFO] Authentication (password) successful!
2023-03-26 12:44:16,529 [INFO] Authentication (password) successful!
2023-03-26 12:44:16,563 [INFO] Authentication (password) successful!
2023-03-26 12:44:16,676 [INFO] 198.18.0.121 : Connected 
2023-03-26 12:44:16,700 [INFO] 198.18.0.122 : Connected 
2023-03-26 12:44:16,773 [INFO] 198.18.0.123 : Connected 
2023-03-26 12:44:16,985 [INFO] 198.18.0.131 : Connected 
2023-03-26 12:44:17,016 [INFO] 198.18.0.122 : Entered enable mode 
2023-03-26 12:44:17,023 [INFO] 198.18.0.131 : Entered enable mode 
2023-03-26 12:44:17,149 [INFO] 198.18.0.132 : Connected 
2023-03-26 12:44:17,149 [INFO] 198.18.0.123 : Entered enable mode 
2023-03-26 12:44:17,162 [INFO] 198.18.0.132 : Entered enable mode 
2023-03-26 12:44:17,588 [INFO] 198.18.0.132 : Command 'show inventory' sent
2023-03-26 12:44:17,644 [INFO] 198.18.0.132 : Command 'show inventory' parsed
2023-03-26 12:44:17,645 [INFO] 198.18.0.132 : Output saved to out/getInven/2023-03-26/raw_data/xr2_show inventory_2023-03-26_12:44.csv
2023-03-26 12:44:17,645 [INFO] 198.18.0.132 : Output appended to out/getInven/2023-03-26/xr2_show inventory_summary_2023-03-26_12:44.csv
2023-03-26 12:44:17,645 [INFO] 198.18.0.132 : Output appended to out/getInven/2023-03-26/xr2_show inventory_summary_2023-03-26_12:44.csv
2023-03-26 12:44:17,645 [INFO] 198.18.0.132 : Output appended to out/getInven/2023-03-26/xr2_show inventory_summary_2023-03-26_12:44.csv
2023-03-26 12:44:17,645 [INFO] 198.18.0.132 : Output appended to out/getInven/2023-03-26/xr2_show inventory_summary_2023-03-26_12:44.csv
2023-03-26 12:44:17,645 [INFO] 198.18.0.132 : Output appended to out/getInven/2023-03-26/xr2_show inventory_summary_2023-03-26_12:44.csv
2023-03-26 12:44:17,645 [INFO] 198.18.0.132 : Output appended to out/getInven/2023-03-26/xr2_show inventory_summary_2023-03-26_12:44.csv
2023-03-26 12:44:17,645 [INFO] 198.18.0.132 : Output appended to out/getInven/2023-03-26/xr2_show inventory_summary_2023-03-26_12:44.csv
2023-03-26 12:44:17,646 [INFO] 198.18.0.132 : Output appended to out/getInven/2023-03-26/xr2_show inventory_summary_2023-03-26_12:44.csv
2023-03-26 12:44:17,646 [INFO] 198.18.0.132 : Output appended to out/getInven/2023-03-26/xr2_show inventory_summary_2023-03-26_12:44.csv
2023-03-26 12:44:17,646 [INFO] 198.18.0.132 : Output appended to out/getInven/2023-03-26/xr2_show inventory_summary_2023-03-26_12:44.csv
2023-03-26 12:44:17,786 [INFO] 198.18.0.131 : Command 'show inventory' sent
2023-03-26 12:44:17,789 [INFO] 198.18.0.131 : Command 'show inventory' parsed
2023-03-26 12:44:17,790 [INFO] 198.18.0.131 : Output saved to out/getInven/2023-03-26/raw_data/xr1_show inventory_2023-03-26_12:44.csv
2023-03-26 12:44:17,790 [INFO] 198.18.0.131 : Output appended to out/getInven/2023-03-26/xr1_show inventory_summary_2023-03-26_12:44.csv
2023-03-26 12:44:17,790 [INFO] 198.18.0.131 : Output appended to out/getInven/2023-03-26/xr1_show inventory_summary_2023-03-26_12:44.csv
2023-03-26 12:44:17,791 [INFO] 198.18.0.131 : Output appended to out/getInven/2023-03-26/xr1_show inventory_summary_2023-03-26_12:44.csv
2023-03-26 12:44:17,791 [INFO] 198.18.0.131 : Output appended to out/getInven/2023-03-26/xr1_show inventory_summary_2023-03-26_12:44.csv
2023-03-26 12:44:17,791 [INFO] 198.18.0.131 : Output appended to out/getInven/2023-03-26/xr1_show inventory_summary_2023-03-26_12:44.csv
2023-03-26 12:44:17,791 [INFO] 198.18.0.131 : Output appended to out/getInven/2023-03-26/xr1_show inventory_summary_2023-03-26_12:44.csv
2023-03-26 12:44:17,791 [INFO] 198.18.0.131 : Output appended to out/getInven/2023-03-26/xr1_show inventory_summary_2023-03-26_12:44.csv
2023-03-26 12:44:17,791 [INFO] 198.18.0.131 : Output appended to out/getInven/2023-03-26/xr1_show inventory_summary_2023-03-26_12:44.csv
2023-03-26 12:44:17,791 [INFO] 198.18.0.131 : Output appended to out/getInven/2023-03-26/xr1_show inventory_summary_2023-03-26_12:44.csv
2023-03-26 12:44:17,792 [INFO] 198.18.0.131 : Output appended to out/getInven/2023-03-26/xr1_show inventory_summary_2023-03-26_12:44.csv
2023-03-26 12:44:17,792 [INFO] 198.18.0.123 : Connected 
2023-03-26 12:44:17,914 [INFO] 198.18.0.132 : Disconnected succcessfully
2023-03-26 12:44:17,938 [INFO] 198.18.0.131 : Disconnected succcessfully
2023-03-26 12:44:18,407 [INFO] 198.18.0.123 : Command 'show processes cpu' sent
2023-03-26 12:44:18,412 [INFO] 198.18.0.123 : Command 'show processes cpu' parsed
2023-03-26 12:44:18,414 [INFO] 198.18.0.123 : Output saved to out/getCPU/2023-03-26/raw_data/xe3_show processes cpu_2023-03-26_12:44.csv
2023-03-26 12:44:18,414 [INFO] 198.18.0.123 : Output appended to out/getCPU/2023-03-26/xe3_show processes cpu_summary_2023-03-26_12:44.csv
2023-03-26 12:44:18,425 [INFO] 198.18.0.123 : Entered enable mode 
2023-03-26 12:44:18,559 [INFO] 198.18.0.123 : Command 'show inventory' sent
2023-03-26 12:44:18,560 [INFO] 198.18.0.123 : Command 'show inventory' parsed
2023-03-26 12:44:18,561 [INFO] 198.18.0.123 : Output saved to out/getInven/2023-03-26/raw_data/xe3_show inventory_2023-03-26_12:44.csv
2023-03-26 12:44:18,561 [INFO] 198.18.0.123 : Output appended to out/getInven/2023-03-26/xe3_show inventory_summary_2023-03-26_12:44.csv
2023-03-26 12:44:18,561 [INFO] 198.18.0.123 : Output appended to out/getInven/2023-03-26/xe3_show inventory_summary_2023-03-26_12:44.csv
2023-03-26 12:44:18,561 [INFO] 198.18.0.123 : Output appended to out/getInven/2023-03-26/xe3_show inventory_summary_2023-03-26_12:44.csv
2023-03-26 12:44:18,580 [INFO] 198.18.0.123 : Command 'show processes cpu history' sent
2023-03-26 12:44:18,581 [INFO] 198.18.0.123 : Output saved to out/getCPU/2023-03-26/history/xe3_show processes cpu history_2023-03-26_12:44.txt
2023-03-26 12:44:18,586 [INFO] 198.18.0.123 : Disconnected succcessfully
2023-03-26 12:44:18,606 [INFO] 198.18.0.123 : Disconnected succcessfully
2023-03-26 12:44:19,657 [INFO] 198.18.0.122 : Connected 
2023-03-26 12:44:19,678 [INFO] Authentication (password) successful!
2023-03-26 12:44:19,963 [INFO] 198.18.0.122 : Entered enable mode 
2023-03-26 12:44:20,098 [INFO] 198.18.0.122 : Command 'show inventory' sent
2023-03-26 12:44:20,101 [INFO] 198.18.0.122 : Command 'show inventory' parsed
2023-03-26 12:44:20,102 [INFO] 198.18.0.122 : Output saved to out/getInven/2023-03-26/raw_data/xe2_show inventory_2023-03-26_12:44.csv
2023-03-26 12:44:20,102 [INFO] 198.18.0.122 : Output appended to out/getInven/2023-03-26/xe2_show inventory_summary_2023-03-26_12:44.csv
2023-03-26 12:44:20,103 [INFO] 198.18.0.122 : Output appended to out/getInven/2023-03-26/xe2_show inventory_summary_2023-03-26_12:44.csv
2023-03-26 12:44:20,103 [INFO] 198.18.0.122 : Output appended to out/getInven/2023-03-26/xe2_show inventory_summary_2023-03-26_12:44.csv
2023-03-26 12:44:20,127 [INFO] 198.18.0.122 : Disconnected succcessfully
2023-03-26 12:44:20,133 [INFO] 198.18.0.121 : Entered enable mode 
2023-03-26 12:44:20,168 [INFO] 198.18.0.122 : Command 'show processes cpu' sent
2023-03-26 12:44:20,170 [INFO] 198.18.0.122 : Command 'show processes cpu' parsed
2023-03-26 12:44:20,171 [INFO] 198.18.0.122 : Output saved to out/getCPU/2023-03-26/raw_data/xe2_show processes cpu_2023-03-26_12:44.csv
2023-03-26 12:44:20,172 [INFO] 198.18.0.122 : Output appended to out/getCPU/2023-03-26/xe2_show processes cpu_summary_2023-03-26_12:44.csv
2023-03-26 12:44:20,221 [INFO] 198.18.0.121 : Connected 
2023-03-26 12:44:20,307 [INFO] 198.18.0.121 : Command 'show inventory' sent
2023-03-26 12:44:20,310 [INFO] 198.18.0.121 : Command 'show inventory' parsed
2023-03-26 12:44:20,310 [INFO] 198.18.0.121 : Output saved to out/getInven/2023-03-26/raw_data/xe1_show inventory_2023-03-26_12:44.csv
2023-03-26 12:44:20,311 [INFO] 198.18.0.121 : Output appended to out/getInven/2023-03-26/xe1_show inventory_summary_2023-03-26_12:44.csv
2023-03-26 12:44:20,311 [INFO] 198.18.0.121 : Output appended to out/getInven/2023-03-26/xe1_show inventory_summary_2023-03-26_12:44.csv
2023-03-26 12:44:20,312 [INFO] 198.18.0.121 : Output appended to out/getInven/2023-03-26/xe1_show inventory_summary_2023-03-26_12:44.csv
2023-03-26 12:44:20,362 [INFO] 198.18.0.122 : Command 'show processes cpu history' sent
2023-03-26 12:44:20,362 [INFO] 198.18.0.122 : Output saved to out/getCPU/2023-03-26/history/xe2_show processes cpu history_2023-03-26_12:44.txt
2023-03-26 12:44:20,374 [INFO] 198.18.0.121 : Disconnected succcessfully
2023-03-26 12:44:20,387 [INFO] 198.18.0.122 : Disconnected succcessfully
2023-03-26 12:44:20,705 [INFO] 198.18.0.121 : Entered enable mode 
2023-03-26 12:44:21,124 [INFO] 198.18.0.121 : Command 'show processes cpu' sent
2023-03-26 12:44:21,126 [INFO] 198.18.0.121 : Command 'show processes cpu' parsed
2023-03-26 12:44:21,127 [INFO] 198.18.0.121 : Output saved to out/getCPU/2023-03-26/raw_data/xe1_show processes cpu_2023-03-26_12:44.csv
2023-03-26 12:44:21,127 [INFO] 198.18.0.121 : Output appended to out/getCPU/2023-03-26/xe1_show processes cpu_summary_2023-03-26_12:44.csv
2023-03-26 12:44:21,312 [INFO] 198.18.0.121 : Command 'show processes cpu history' sent
2023-03-26 12:44:21,312 [INFO] 198.18.0.121 : Output saved to out/getCPU/2023-03-26/history/xe1_show processes cpu history_2023-03-26_12:44.txt
2023-03-26 12:44:21,338 [INFO] 198.18.0.121 : Disconnected succcessfully
2023-03-26 12:44:25,642 [ERROR] 198.18.0.133: Failed to connect
2023-03-26 12:44:25,752 [ERROR] 198.18.0.133: Failed to connect
2023-03-26 12:46:26,993 [INFO] ---Starting the Application---
2023-03-26 12:46:26,999 [INFO] ---Initialize testbed file---
2023-03-26 12:46:27,000 [INFO] ---testbed file ready---
2023-03-26 12:46:28,848 [INFO] ---Opening Main Menu Application---
2023-03-26 12:46:31,360 [INFO] ---Get Healty Check / Environtment Device ---
2023-03-26 12:46:31,433 [INFO] Connected (version 1.99, client Cisco-1.25)
2023-03-26 12:46:31,494 [INFO] Connected (version 1.99, client Cisco-1.25)
2023-03-26 12:46:31,854 [INFO] Authentication (password) successful!
2023-03-26 12:46:32,177 [INFO] Authentication (password) successful!
2023-03-26 12:46:32,339 [INFO] 10.3.123.10 : Connected 
2023-03-26 12:46:32,551 [INFO] 10.3.123.10 : Entered enable mode 
2023-03-26 12:46:32,705 [INFO] 10.3.123.10 : Command 'show environment' sent
2023-03-26 12:46:32,765 [INFO] 10.3.123.10 : Command 'show environment' parsed
2023-03-26 12:46:32,765 [INFO] 10.3.123.10 : Output saved to out/getEnvi/2023-03-26/raw_data/JKT-CC-VG_show environment_2023-03-26_12:46.csv
2023-03-26 12:46:32,765 [INFO] 10.3.123.10 : Output appended to out/getEnvi/2023-03-26/JKT-CC-VG_show environment_summary_2023-03-26_12:46.csv
2023-03-26 12:46:32,778 [INFO] 10.3.123.10 : Disconnected succcessfully
2023-03-26 12:46:32,784 [INFO] 10.22.123.10 : Connected 
2023-03-26 12:46:33,328 [INFO] 10.22.123.10 : Entered enable mode 
2023-03-26 12:46:33,628 [INFO] 10.22.123.10 : Command 'show environment' sent
2023-03-26 12:46:33,638 [INFO] 10.22.123.10 : Command 'show environment' parsed
2023-03-26 12:46:33,639 [INFO] 10.22.123.10 : Output saved to out/getEnvi/2023-03-26/raw_data/MKS-CC-VG_show environment_2023-03-26_12:46.csv
2023-03-26 12:46:33,639 [INFO] 10.22.123.10 : Output appended to out/getEnvi/2023-03-26/MKS-CC-VG_show environment_summary_2023-03-26_12:46.csv
2023-03-26 12:46:33,728 [INFO] 10.22.123.10 : Disconnected succcessfully
2023-03-26 12:57:42,442 [INFO] ---Starting the Application---
2023-03-26 12:57:42,448 [INFO] ---Initialize testbed file---
2023-03-26 12:57:42,449 [INFO] ---testbed file ready---
2023-03-26 12:57:44,119 [INFO] ---Opening Main Menu Application---
2023-03-26 12:57:49,106 [INFO] ---Get Inventory Device---
2023-03-26 12:57:51,742 [INFO] Connected (version 2.0, client Cisco-1.25)
2023-03-26 12:57:51,743 [INFO] Connected (version 2.0, client Cisco-1.25)
2023-03-26 12:57:51,746 [INFO] Connected (version 2.0, client Cisco-1.25)
2023-03-26 12:57:51,747 [INFO] Connected (version 2.0, client Cisco-2.0)
2023-03-26 12:57:51,747 [INFO] Connected (version 2.0, client Cisco-2.0)
2023-03-26 12:57:52,491 [INFO] Authentication (password) successful!
2023-03-26 12:57:52,504 [INFO] Authentication (password) successful!
2023-03-26 12:57:52,523 [INFO] Authentication (password) successful!
2023-03-26 12:57:52,646 [INFO] Authentication (password) successful!
2023-03-26 12:57:52,649 [INFO] Authentication (password) successful!
2023-03-26 12:57:53,721 [INFO] 198.18.0.123 : Connected 
2023-03-26 12:57:53,733 [INFO] 198.18.0.121 : Connected 
2023-03-26 12:57:53,733 [INFO] 198.18.0.122 : Connected 
2023-03-26 12:57:54,212 [INFO] 198.18.0.131 : Connected 
2023-03-26 12:57:54,219 [INFO] 198.18.0.132 : Connected 
2023-03-26 12:57:54,386 [INFO] 198.18.0.131 : Entered enable mode 
2023-03-26 12:57:54,439 [INFO] 198.18.0.132 : Entered enable mode 
2023-03-26 12:57:55,284 [INFO] 198.18.0.123 : Entered enable mode 
2023-03-26 12:57:55,445 [INFO] 198.18.0.122 : Entered enable mode 
2023-03-26 12:57:55,469 [INFO] 198.18.0.121 : Entered enable mode 
2023-03-26 12:57:55,671 [INFO] 198.18.0.122 : Command 'show inventory' sent
2023-03-26 12:57:55,730 [INFO] 198.18.0.122 : Command 'show inventory' parsed
2023-03-26 12:57:55,730 [INFO] 198.18.0.122 : Output saved to out/getInven/2023-03-26/raw_data/xe2_show inventory_2023-03-26_12:57.csv
2023-03-26 12:57:55,731 [INFO] 198.18.0.122 : Output appended to out/getInven/2023-03-26/xe2_show inventory_summary_2023-03-26_12:57.csv
2023-03-26 12:57:55,731 [INFO] 198.18.0.122 : Output appended to out/getInven/2023-03-26/xe2_show inventory_summary_2023-03-26_12:57.csv
2023-03-26 12:57:55,731 [INFO] 198.18.0.122 : Output appended to out/getInven/2023-03-26/xe2_show inventory_summary_2023-03-26_12:57.csv
2023-03-26 12:57:55,769 [INFO] 198.18.0.121 : Command 'show inventory' sent
2023-03-26 12:57:55,769 [INFO] 198.18.0.122 : Disconnected succcessfully
2023-03-26 12:57:55,770 [INFO] 198.18.0.121 : Command 'show inventory' parsed
2023-03-26 12:57:55,771 [INFO] 198.18.0.121 : Output saved to out/getInven/2023-03-26/raw_data/xe1_show inventory_2023-03-26_12:57.csv
2023-03-26 12:57:55,771 [INFO] 198.18.0.121 : Output appended to out/getInven/2023-03-26/xe1_show inventory_summary_2023-03-26_12:57.csv
2023-03-26 12:57:55,771 [INFO] 198.18.0.121 : Output appended to out/getInven/2023-03-26/xe1_show inventory_summary_2023-03-26_12:57.csv
2023-03-26 12:57:55,771 [INFO] 198.18.0.121 : Output appended to out/getInven/2023-03-26/xe1_show inventory_summary_2023-03-26_12:57.csv
2023-03-26 12:57:55,823 [INFO] 198.18.0.123 : Command 'show inventory' sent
2023-03-26 12:57:55,824 [INFO] 198.18.0.123 : Command 'show inventory' parsed
2023-03-26 12:57:55,825 [INFO] 198.18.0.123 : Output saved to out/getInven/2023-03-26/raw_data/xe3_show inventory_2023-03-26_12:57.csv
2023-03-26 12:57:55,825 [INFO] 198.18.0.123 : Output appended to out/getInven/2023-03-26/xe3_show inventory_summary_2023-03-26_12:57.csv
2023-03-26 12:57:55,825 [INFO] 198.18.0.123 : Output appended to out/getInven/2023-03-26/xe3_show inventory_summary_2023-03-26_12:57.csv
2023-03-26 12:57:55,825 [INFO] 198.18.0.123 : Output appended to out/getInven/2023-03-26/xe3_show inventory_summary_2023-03-26_12:57.csv
2023-03-26 12:57:55,882 [INFO] 198.18.0.121 : Disconnected succcessfully
2023-03-26 12:57:55,950 [INFO] 198.18.0.123 : Disconnected succcessfully
2023-03-26 12:57:56,002 [INFO] 198.18.0.132 : Command 'show inventory' sent
2023-03-26 12:57:56,007 [INFO] 198.18.0.132 : Command 'show inventory' parsed
2023-03-26 12:57:56,008 [INFO] 198.18.0.132 : Output saved to out/getInven/2023-03-26/raw_data/xr2_show inventory_2023-03-26_12:57.csv
2023-03-26 12:57:56,008 [INFO] 198.18.0.132 : Output appended to out/getInven/2023-03-26/xr2_show inventory_summary_2023-03-26_12:57.csv
2023-03-26 12:57:56,009 [INFO] 198.18.0.132 : Output appended to out/getInven/2023-03-26/xr2_show inventory_summary_2023-03-26_12:57.csv
2023-03-26 12:57:56,009 [INFO] 198.18.0.132 : Output appended to out/getInven/2023-03-26/xr2_show inventory_summary_2023-03-26_12:57.csv
2023-03-26 12:57:56,010 [INFO] 198.18.0.132 : Output appended to out/getInven/2023-03-26/xr2_show inventory_summary_2023-03-26_12:57.csv
2023-03-26 12:57:56,010 [INFO] 198.18.0.132 : Output appended to out/getInven/2023-03-26/xr2_show inventory_summary_2023-03-26_12:57.csv
2023-03-26 12:57:56,010 [INFO] 198.18.0.132 : Output appended to out/getInven/2023-03-26/xr2_show inventory_summary_2023-03-26_12:57.csv
2023-03-26 12:57:56,010 [INFO] 198.18.0.132 : Output appended to out/getInven/2023-03-26/xr2_show inventory_summary_2023-03-26_12:57.csv
2023-03-26 12:57:56,010 [INFO] 198.18.0.132 : Output appended to out/getInven/2023-03-26/xr2_show inventory_summary_2023-03-26_12:57.csv
2023-03-26 12:57:56,011 [INFO] 198.18.0.132 : Output appended to out/getInven/2023-03-26/xr2_show inventory_summary_2023-03-26_12:57.csv
2023-03-26 12:57:56,011 [INFO] 198.18.0.132 : Output appended to out/getInven/2023-03-26/xr2_show inventory_summary_2023-03-26_12:57.csv
2023-03-26 12:57:56,061 [INFO] 198.18.0.132 : Disconnected succcessfully
2023-03-26 12:57:56,607 [INFO] 198.18.0.131 : Command 'show inventory' sent
2023-03-26 12:57:56,612 [INFO] 198.18.0.131 : Command 'show inventory' parsed
2023-03-26 12:57:56,614 [INFO] 198.18.0.131 : Output saved to out/getInven/2023-03-26/raw_data/xr1_show inventory_2023-03-26_12:57.csv
2023-03-26 12:57:56,614 [INFO] 198.18.0.131 : Output appended to out/getInven/2023-03-26/xr1_show inventory_summary_2023-03-26_12:57.csv
2023-03-26 12:57:56,614 [INFO] 198.18.0.131 : Output appended to out/getInven/2023-03-26/xr1_show inventory_summary_2023-03-26_12:57.csv
2023-03-26 12:57:56,614 [INFO] 198.18.0.131 : Output appended to out/getInven/2023-03-26/xr1_show inventory_summary_2023-03-26_12:57.csv
2023-03-26 12:57:56,615 [INFO] 198.18.0.131 : Output appended to out/getInven/2023-03-26/xr1_show inventory_summary_2023-03-26_12:57.csv
2023-03-26 12:57:56,615 [INFO] 198.18.0.131 : Output appended to out/getInven/2023-03-26/xr1_show inventory_summary_2023-03-26_12:57.csv
2023-03-26 12:57:56,616 [INFO] 198.18.0.131 : Output appended to out/getInven/2023-03-26/xr1_show inventory_summary_2023-03-26_12:57.csv
2023-03-26 12:57:56,616 [INFO] 198.18.0.131 : Output appended to out/getInven/2023-03-26/xr1_show inventory_summary_2023-03-26_12:57.csv
2023-03-26 12:57:56,616 [INFO] 198.18.0.131 : Output appended to out/getInven/2023-03-26/xr1_show inventory_summary_2023-03-26_12:57.csv
2023-03-26 12:57:56,616 [INFO] 198.18.0.131 : Output appended to out/getInven/2023-03-26/xr1_show inventory_summary_2023-03-26_12:57.csv
2023-03-26 12:57:56,616 [INFO] 198.18.0.131 : Output appended to out/getInven/2023-03-26/xr1_show inventory_summary_2023-03-26_12:57.csv
2023-03-26 12:57:56,751 [INFO] 198.18.0.131 : Disconnected succcessfully
2023-03-26 12:57:59,115 [ERROR] 198.18.0.133: Failed to connect
2023-03-26 12:58:54,936 [INFO] ---Starting the Application---
2023-03-26 12:58:54,942 [INFO] ---Initialize testbed file---
2023-03-26 12:58:54,943 [INFO] ---testbed file ready---
2023-03-26 12:58:57,082 [INFO] ---Opening Main Menu Application---
2023-03-26 12:58:59,654 [INFO] ---Get CPU Utilization---
2023-03-26 12:58:59,766 [INFO] Connected (version 2.0, client Cisco-1.25)
2023-03-26 12:58:59,768 [INFO] Connected (version 2.0, client Cisco-1.25)
2023-03-26 12:58:59,772 [INFO] Connected (version 2.0, client Cisco-1.25)
2023-03-26 12:58:59,893 [INFO] Connected (version 2.0, client Cisco-2.0)
2023-03-26 12:58:59,957 [INFO] Connected (version 2.0, client Cisco-2.0)
2023-03-26 12:59:00,492 [INFO] Authentication (password) successful!
2023-03-26 12:59:00,547 [INFO] Authentication (password) successful!
2023-03-26 12:59:00,607 [INFO] Authentication (password) successful!
2023-03-26 12:59:00,663 [INFO] Authentication (password) successful!
2023-03-26 12:59:00,726 [INFO] Authentication (password) successful!
2023-03-26 12:59:00,889 [INFO] 198.18.0.123 : Connected 
2023-03-26 12:59:01,015 [INFO] 198.18.0.122 : Connected 
2023-03-26 12:59:01,124 [INFO] 198.18.0.121 : Connected 
2023-03-26 12:59:01,126 [INFO] 198.18.0.123 : Entered enable mode 
2023-03-26 12:59:01,150 [INFO] 198.18.0.131 : Connected 
2023-03-26 12:59:01,194 [INFO] 198.18.0.132 : Connected 
2023-03-26 12:59:01,207 [INFO] 198.18.0.132 : Entered enable mode 
2023-03-26 12:59:01,212 [INFO] 198.18.0.131 : Entered enable mode 
2023-03-26 12:59:01,268 [INFO] 198.18.0.122 : Entered enable mode 
2023-03-26 12:59:01,390 [INFO] 198.18.0.121 : Entered enable mode 
2023-03-26 12:59:01,465 [INFO] 198.18.0.123 : Command 'show processes cpu' sent
2023-03-26 12:59:01,521 [INFO] 198.18.0.123 : Command 'show processes cpu' parsed
2023-03-26 12:59:01,521 [INFO] 198.18.0.123 : Output saved to out/getCPU/2023-03-26/raw_data/xe3_show processes cpu_2023-03-26_12:58.csv
2023-03-26 12:59:01,522 [INFO] 198.18.0.123 : Output appended to out/getCPU/2023-03-26/xe3_show processes cpu_summary_2023-03-26_12:58.csv
2023-03-26 12:59:01,579 [INFO] 198.18.0.131 : Command 'show processes cpu' sent
2023-03-26 12:59:01,581 [INFO] 198.18.0.131 : Command 'show processes cpu' parsed
2023-03-26 12:59:01,581 [INFO] 198.18.0.131 : Output saved to out/getCPU/2023-03-26/raw_data/xr1_show processes cpu_2023-03-26_12:58.csv
2023-03-26 12:59:01,581 [INFO] 198.18.0.131 : Output appended to out/getCPU/2023-03-26/xr1_show processes cpu_summary_2023-03-26_12:58.csv
2023-03-26 12:59:01,721 [INFO] 198.18.0.132 : Command 'show processes cpu' sent
2023-03-26 12:59:01,724 [INFO] 198.18.0.132 : Command 'show processes cpu' parsed
2023-03-26 12:59:01,725 [INFO] 198.18.0.132 : Output saved to out/getCPU/2023-03-26/raw_data/xr2_show processes cpu_2023-03-26_12:58.csv
2023-03-26 12:59:01,725 [INFO] 198.18.0.132 : Output appended to out/getCPU/2023-03-26/xr2_show processes cpu_summary_2023-03-26_12:58.csv
2023-03-26 12:59:01,805 [INFO] 198.18.0.122 : Command 'show processes cpu' sent
2023-03-26 12:59:01,809 [INFO] 198.18.0.122 : Command 'show processes cpu' parsed
2023-03-26 12:59:01,810 [INFO] 198.18.0.122 : Output saved to out/getCPU/2023-03-26/raw_data/xe2_show processes cpu_2023-03-26_12:58.csv
2023-03-26 12:59:01,810 [INFO] 198.18.0.122 : Output appended to out/getCPU/2023-03-26/xe2_show processes cpu_summary_2023-03-26_12:58.csv
2023-03-26 12:59:01,901 [INFO] 198.18.0.123 : Command 'show processes cpu history' sent
2023-03-26 12:59:01,902 [INFO] 198.18.0.123 : Output saved to out/getCPU/2023-03-26/history/xe3_show processes cpu history_2023-03-26_12:58.txt
2023-03-26 12:59:02,029 [INFO] 198.18.0.123 : Disconnected succcessfully
2023-03-26 12:59:02,030 [INFO] 198.18.0.131 : Command 'show processes cpu history' sent
2023-03-26 12:59:02,033 [INFO] 198.18.0.131 : Output saved to out/getCPU/2023-03-26/history/xr1_show processes cpu history_2023-03-26_12:58.txt
2023-03-26 12:59:02,061 [INFO] 198.18.0.121 : Command 'show processes cpu' sent
2023-03-26 12:59:02,064 [INFO] 198.18.0.121 : Command 'show processes cpu' parsed
2023-03-26 12:59:02,064 [INFO] 198.18.0.121 : Output saved to out/getCPU/2023-03-26/raw_data/xe1_show processes cpu_2023-03-26_12:58.csv
2023-03-26 12:59:02,064 [INFO] 198.18.0.121 : Output appended to out/getCPU/2023-03-26/xe1_show processes cpu_summary_2023-03-26_12:58.csv
2023-03-26 12:59:02,116 [INFO] 198.18.0.132 : Command 'show processes cpu history' sent
2023-03-26 12:59:02,116 [INFO] 198.18.0.132 : Output saved to out/getCPU/2023-03-26/history/xr2_show processes cpu history_2023-03-26_12:58.txt
2023-03-26 12:59:02,120 [INFO] 198.18.0.131 : Disconnected succcessfully
2023-03-26 12:59:02,141 [INFO] 198.18.0.132 : Disconnected succcessfully
2023-03-26 12:59:02,189 [INFO] 198.18.0.122 : Command 'show processes cpu history' sent
2023-03-26 12:59:02,189 [INFO] 198.18.0.122 : Output saved to out/getCPU/2023-03-26/history/xe2_show processes cpu history_2023-03-26_12:58.txt
2023-03-26 12:59:02,227 [INFO] 198.18.0.122 : Disconnected succcessfully
2023-03-26 12:59:02,483 [INFO] 198.18.0.121 : Command 'show processes cpu history' sent
2023-03-26 12:59:02,484 [INFO] 198.18.0.121 : Output saved to out/getCPU/2023-03-26/history/xe1_show processes cpu history_2023-03-26_12:58.txt
2023-03-26 12:59:02,653 [INFO] 198.18.0.121 : Disconnected succcessfully
2023-03-26 12:59:09,664 [ERROR] 198.18.0.133: Failed to connect
2023-03-26 13:00:07,410 [INFO] ---Starting the Application---
2023-03-26 13:00:07,417 [INFO] ---Initialize testbed file---
2023-03-26 13:00:07,417 [INFO] ---testbed file ready---
2023-03-26 13:00:09,847 [INFO] ---Opening Main Menu Application---
2023-03-26 13:00:11,562 [INFO] ---Get Healty Check / Environtment Device ---
2023-03-26 13:00:11,932 [INFO] Connected (version 1.99, client Cisco-1.25)
2023-03-26 13:00:11,939 [INFO] Connected (version 1.99, client Cisco-1.25)
2023-03-26 13:00:13,210 [INFO] Authentication (password) successful!
2023-03-26 13:00:13,373 [INFO] Authentication (password) successful!
2023-03-26 13:00:14,041 [INFO] 10.3.123.10 : Connected 
2023-03-26 13:00:14,178 [INFO] 10.22.123.10 : Connected 
2023-03-26 13:00:14,249 [INFO] 10.3.123.10 : Entered enable mode 
2023-03-26 13:00:14,607 [INFO] 10.3.123.10 : Command 'show environment' sent
2023-03-26 13:00:14,665 [INFO] 10.3.123.10 : Command 'show environment' parsed
2023-03-26 13:00:14,665 [INFO] 10.3.123.10 : Output saved to out/getEnvi/2023-03-26/raw_data/JKT-CC-VG_show environment_2023-03-26_13:00.csv
2023-03-26 13:00:14,665 [INFO] 10.3.123.10 : Output appended to out/getEnvi/2023-03-26/JKT-CC-VG_show environment_summary_2023-03-26_13:00.csv
2023-03-26 13:00:14,753 [INFO] 10.3.123.10 : Disconnected succcessfully
2023-03-26 13:00:15,377 [INFO] 10.22.123.10 : Entered enable mode 
2023-03-26 13:00:15,727 [INFO] 10.22.123.10 : Command 'show environment' sent
2023-03-26 13:00:15,734 [INFO] 10.22.123.10 : Command 'show environment' parsed
2023-03-26 13:00:15,735 [INFO] 10.22.123.10 : Output saved to out/getEnvi/2023-03-26/raw_data/MKS-CC-VG_show environment_2023-03-26_13:00.csv
2023-03-26 13:00:15,735 [INFO] 10.22.123.10 : Output appended to out/getEnvi/2023-03-26/MKS-CC-VG_show environment_summary_2023-03-26_13:00.csv
2023-03-26 13:00:15,809 [INFO] 10.22.123.10 : Disconnected succcessfully
2023-03-27 10:48:19,809 [INFO] ---Starting the Application---
2023-03-27 10:48:19,816 [INFO] ---Initialize testbed file---
2023-03-27 10:48:19,817 [INFO] ---testbed file ready---
2023-03-27 10:48:21,549 [INFO] ---Opening Main Menu Application---
2023-03-27 10:48:24,217 [INFO] ---Get Inventory Device---
2023-03-27 10:48:24,288 [INFO] Connected (version 2.0, client Cisco-1.25)
2023-03-27 10:48:24,302 [INFO] Connected (version 2.0, client Cisco-1.25)
2023-03-27 10:48:24,302 [INFO] Connected (version 2.0, client Cisco-1.25)
2023-03-27 10:48:24,452 [INFO] Connected (version 2.0, client Cisco-2.0)
2023-03-27 10:48:24,496 [INFO] Connected (version 2.0, client Cisco-2.0)
2023-03-27 10:48:24,761 [INFO] Authentication (password) successful!
2023-03-27 10:48:24,805 [INFO] Authentication (password) successful!
2023-03-27 10:48:24,974 [INFO] Authentication (password) successful!
2023-03-27 10:48:25,068 [INFO] Authentication (password) successful!
2023-03-27 10:48:25,158 [INFO] 198.18.0.121 : Connected 
2023-03-27 10:48:25,178 [INFO] Authentication (password) successful!
2023-03-27 10:48:25,194 [INFO] 198.18.0.123 : Connected 
2023-03-27 10:48:25,356 [INFO] 198.18.0.122 : Connected 
2023-03-27 10:48:25,467 [INFO] 198.18.0.121 : Entered enable mode 
2023-03-27 10:48:25,521 [INFO] 198.18.0.132 : Connected 
2023-03-27 10:48:25,547 [INFO] 198.18.0.132 : Entered enable mode 
2023-03-27 10:48:25,566 [INFO] 198.18.0.122 : Entered enable mode 
2023-03-27 10:48:25,623 [INFO] 198.18.0.121 : Command 'show inventory' sent
2023-03-27 10:48:25,673 [INFO] 198.18.0.131 : Connected 
2023-03-27 10:48:25,675 [INFO] 198.18.0.121 : Command 'show inventory' parsed
2023-03-27 10:48:25,676 [INFO] 198.18.0.121 : Output saved to out/getInven/2023-03-27/raw_data/xe1_show inventory_2023-03-27_10-48.csv
2023-03-27 10:48:25,676 [INFO] 198.18.0.121 : Output appended to out/getInven/2023-03-27/xe1_show inventory_summary_2023-03-27_10-48.csv
2023-03-27 10:48:25,676 [INFO] 198.18.0.121 : Output appended to out/getInven/2023-03-27/xe1_show inventory_summary_2023-03-27_10-48.csv
2023-03-27 10:48:25,676 [INFO] 198.18.0.121 : Output appended to out/getInven/2023-03-27/xe1_show inventory_summary_2023-03-27_10-48.csv
2023-03-27 10:48:25,711 [INFO] 198.18.0.122 : Command 'show inventory' sent
2023-03-27 10:48:25,712 [INFO] 198.18.0.122 : Command 'show inventory' parsed
2023-03-27 10:48:25,712 [INFO] 198.18.0.121 : Disconnected succcessfully
2023-03-27 10:48:25,713 [INFO] 198.18.0.122 : Output saved to out/getInven/2023-03-27/raw_data/xe2_show inventory_2023-03-27_10-48.csv
2023-03-27 10:48:25,713 [INFO] 198.18.0.122 : Output appended to out/getInven/2023-03-27/xe2_show inventory_summary_2023-03-27_10-48.csv
2023-03-27 10:48:25,713 [INFO] 198.18.0.122 : Output appended to out/getInven/2023-03-27/xe2_show inventory_summary_2023-03-27_10-48.csv
2023-03-27 10:48:25,713 [INFO] 198.18.0.122 : Output appended to out/getInven/2023-03-27/xe2_show inventory_summary_2023-03-27_10-48.csv
2023-03-27 10:48:25,731 [INFO] 198.18.0.131 : Entered enable mode 
2023-03-27 10:48:25,750 [INFO] 198.18.0.122 : Disconnected succcessfully
2023-03-27 10:48:25,960 [INFO] 198.18.0.132 : Command 'show inventory' sent
2023-03-27 10:48:25,966 [INFO] 198.18.0.132 : Command 'show inventory' parsed
2023-03-27 10:48:25,968 [INFO] 198.18.0.132 : Output saved to out/getInven/2023-03-27/raw_data/xr2_show inventory_2023-03-27_10-48.csv
2023-03-27 10:48:25,969 [INFO] 198.18.0.132 : Output appended to out/getInven/2023-03-27/xr2_show inventory_summary_2023-03-27_10-48.csv
2023-03-27 10:48:25,969 [INFO] 198.18.0.132 : Output appended to out/getInven/2023-03-27/xr2_show inventory_summary_2023-03-27_10-48.csv
2023-03-27 10:48:25,970 [INFO] 198.18.0.132 : Output appended to out/getInven/2023-03-27/xr2_show inventory_summary_2023-03-27_10-48.csv
2023-03-27 10:48:25,970 [INFO] 198.18.0.132 : Output appended to out/getInven/2023-03-27/xr2_show inventory_summary_2023-03-27_10-48.csv
2023-03-27 10:48:25,970 [INFO] 198.18.0.132 : Output appended to out/getInven/2023-03-27/xr2_show inventory_summary_2023-03-27_10-48.csv
2023-03-27 10:48:25,971 [INFO] 198.18.0.132 : Output appended to out/getInven/2023-03-27/xr2_show inventory_summary_2023-03-27_10-48.csv
2023-03-27 10:48:25,971 [INFO] 198.18.0.132 : Output appended to out/getInven/2023-03-27/xr2_show inventory_summary_2023-03-27_10-48.csv
2023-03-27 10:48:25,971 [INFO] 198.18.0.132 : Output appended to out/getInven/2023-03-27/xr2_show inventory_summary_2023-03-27_10-48.csv
2023-03-27 10:48:25,971 [INFO] 198.18.0.132 : Output appended to out/getInven/2023-03-27/xr2_show inventory_summary_2023-03-27_10-48.csv
2023-03-27 10:48:25,971 [INFO] 198.18.0.132 : Output appended to out/getInven/2023-03-27/xr2_show inventory_summary_2023-03-27_10-48.csv
2023-03-27 10:48:26,010 [INFO] 198.18.0.132 : Disconnected succcessfully
2023-03-27 10:48:26,184 [INFO] 198.18.0.131 : Command 'show inventory' sent
2023-03-27 10:48:26,186 [INFO] 198.18.0.131 : Command 'show inventory' parsed
2023-03-27 10:48:26,186 [INFO] 198.18.0.131 : Output saved to out/getInven/2023-03-27/raw_data/xr1_show inventory_2023-03-27_10-48.csv
2023-03-27 10:48:26,186 [INFO] 198.18.0.131 : Output appended to out/getInven/2023-03-27/xr1_show inventory_summary_2023-03-27_10-48.csv
2023-03-27 10:48:26,187 [INFO] 198.18.0.131 : Output appended to out/getInven/2023-03-27/xr1_show inventory_summary_2023-03-27_10-48.csv
2023-03-27 10:48:26,187 [INFO] 198.18.0.131 : Output appended to out/getInven/2023-03-27/xr1_show inventory_summary_2023-03-27_10-48.csv
2023-03-27 10:48:26,187 [INFO] 198.18.0.131 : Output appended to out/getInven/2023-03-27/xr1_show inventory_summary_2023-03-27_10-48.csv
2023-03-27 10:48:26,187 [INFO] 198.18.0.131 : Output appended to out/getInven/2023-03-27/xr1_show inventory_summary_2023-03-27_10-48.csv
2023-03-27 10:48:26,187 [INFO] 198.18.0.131 : Output appended to out/getInven/2023-03-27/xr1_show inventory_summary_2023-03-27_10-48.csv
2023-03-27 10:48:26,187 [INFO] 198.18.0.131 : Output appended to out/getInven/2023-03-27/xr1_show inventory_summary_2023-03-27_10-48.csv
2023-03-27 10:48:26,187 [INFO] 198.18.0.131 : Output appended to out/getInven/2023-03-27/xr1_show inventory_summary_2023-03-27_10-48.csv
2023-03-27 10:48:26,187 [INFO] 198.18.0.131 : Output appended to out/getInven/2023-03-27/xr1_show inventory_summary_2023-03-27_10-48.csv
2023-03-27 10:48:26,188 [INFO] 198.18.0.131 : Output appended to out/getInven/2023-03-27/xr1_show inventory_summary_2023-03-27_10-48.csv
2023-03-27 10:48:26,224 [INFO] 198.18.0.131 : Disconnected succcessfully
2023-03-27 10:48:26,434 [INFO] 198.18.0.123 : Entered enable mode 
2023-03-27 10:48:26,561 [INFO] 198.18.0.123 : Command 'show inventory' sent
2023-03-27 10:48:26,568 [INFO] 198.18.0.123 : Command 'show inventory' parsed
2023-03-27 10:48:26,572 [INFO] 198.18.0.123 : Output saved to out/getInven/2023-03-27/raw_data/xe3_show inventory_2023-03-27_10-48.csv
2023-03-27 10:48:26,576 [INFO] 198.18.0.123 : Output appended to out/getInven/2023-03-27/xe3_show inventory_summary_2023-03-27_10-48.csv
2023-03-27 10:48:26,577 [INFO] 198.18.0.123 : Output appended to out/getInven/2023-03-27/xe3_show inventory_summary_2023-03-27_10-48.csv
2023-03-27 10:48:26,577 [INFO] 198.18.0.123 : Output appended to out/getInven/2023-03-27/xe3_show inventory_summary_2023-03-27_10-48.csv
2023-03-27 10:48:26,603 [INFO] 198.18.0.123 : Disconnected succcessfully
2023-03-27 10:48:34,227 [ERROR] 198.18.0.133: Failed to connect
2023-03-27 10:48:37,737 [INFO] ---Starting the Application---
2023-03-27 10:48:37,743 [INFO] ---Initialize testbed file---
2023-03-27 10:48:37,744 [INFO] ---testbed file ready---
2023-03-27 10:48:39,475 [INFO] ---Opening Main Menu Application---
2023-03-27 10:48:42,213 [INFO] ---Get CPU Utilization---
2023-03-27 10:48:42,267 [INFO] Connected (version 2.0, client Cisco-1.25)
2023-03-27 10:48:42,267 [INFO] Connected (version 2.0, client Cisco-1.25)
2023-03-27 10:48:42,267 [INFO] Connected (version 2.0, client Cisco-1.25)
2023-03-27 10:48:42,438 [INFO] Connected (version 2.0, client Cisco-2.0)
2023-03-27 10:48:42,437 [INFO] Connected (version 2.0, client Cisco-2.0)
2023-03-27 10:48:42,716 [INFO] Authentication (password) successful!
2023-03-27 10:48:42,719 [INFO] Authentication (password) successful!
2023-03-27 10:48:42,720 [INFO] Authentication (password) successful!
2023-03-27 10:48:43,121 [INFO] Authentication (password) successful!
2023-03-27 10:48:43,127 [INFO] Authentication (password) successful!
2023-03-27 10:48:43,172 [INFO] 198.18.0.121 : Connected 
2023-03-27 10:48:43,172 [INFO] 198.18.0.122 : Connected 
2023-03-27 10:48:43,173 [INFO] 198.18.0.123 : Connected 
2023-03-27 10:48:43,429 [INFO] 198.18.0.121 : Entered enable mode 
2023-03-27 10:48:43,492 [INFO] 198.18.0.123 : Entered enable mode 
2023-03-27 10:48:43,492 [INFO] 198.18.0.122 : Entered enable mode 
2023-03-27 10:48:43,566 [INFO] 198.18.0.132 : Connected 
2023-03-27 10:48:43,639 [INFO] 198.18.0.132 : Entered enable mode 
2023-03-27 10:48:43,801 [INFO] 198.18.0.121 : Command 'show processes cpu' sent
2023-03-27 10:48:43,839 [INFO] 198.18.0.121 : Command 'show processes cpu' parsed
2023-03-27 10:48:43,839 [INFO] 198.18.0.121 : Output saved to out/getCPU/2023-03-27/raw_data/xe1_show processes cpu_2023-03-27_10-48.csv
2023-03-27 10:48:43,839 [INFO] 198.18.0.121 : Output appended to out/getCPU/2023-03-27/xe1_show processes cpu_summary_2023-03-27_10-48.csv
2023-03-27 10:48:43,843 [INFO] 198.18.0.131 : Connected 
2023-03-27 10:48:43,874 [INFO] 198.18.0.123 : Command 'show processes cpu' sent
2023-03-27 10:48:43,876 [INFO] 198.18.0.123 : Command 'show processes cpu' parsed
2023-03-27 10:48:43,877 [INFO] 198.18.0.123 : Output saved to out/getCPU/2023-03-27/raw_data/xe3_show processes cpu_2023-03-27_10-48.csv
2023-03-27 10:48:43,877 [INFO] 198.18.0.123 : Output appended to out/getCPU/2023-03-27/xe3_show processes cpu_summary_2023-03-27_10-48.csv
2023-03-27 10:48:43,881 [INFO] 198.18.0.122 : Command 'show processes cpu' sent
2023-03-27 10:48:43,882 [INFO] 198.18.0.122 : Command 'show processes cpu' parsed
2023-03-27 10:48:43,883 [INFO] 198.18.0.122 : Output saved to out/getCPU/2023-03-27/raw_data/xe2_show processes cpu_2023-03-27_10-48.csv
2023-03-27 10:48:43,883 [INFO] 198.18.0.122 : Output appended to out/getCPU/2023-03-27/xe2_show processes cpu_summary_2023-03-27_10-48.csv
2023-03-27 10:48:43,894 [INFO] 198.18.0.131 : Entered enable mode 
2023-03-27 10:48:44,123 [INFO] 198.18.0.122 : Command 'show processes cpu history' sent
2023-03-27 10:48:44,124 [INFO] 198.18.0.122 : Output saved to out/getCPU/2023-03-27/history/xe2_show processes cpu history_2023-03-27_10-48.txt
2023-03-27 10:48:44,136 [INFO] 198.18.0.123 : Command 'show processes cpu history' sent
2023-03-27 10:48:44,137 [INFO] 198.18.0.123 : Output saved to out/getCPU/2023-03-27/history/xe3_show processes cpu history_2023-03-27_10-48.txt
2023-03-27 10:48:44,150 [INFO] 198.18.0.132 : Command 'show processes cpu' sent
2023-03-27 10:48:44,151 [INFO] 198.18.0.122 : Disconnected succcessfully
2023-03-27 10:48:44,152 [INFO] 198.18.0.132 : Command 'show processes cpu' parsed
2023-03-27 10:48:44,153 [INFO] 198.18.0.132 : Output saved to out/getCPU/2023-03-27/raw_data/xr2_show processes cpu_2023-03-27_10-48.csv
2023-03-27 10:48:44,153 [INFO] 198.18.0.132 : Output appended to out/getCPU/2023-03-27/xr2_show processes cpu_summary_2023-03-27_10-48.csv
2023-03-27 10:48:44,156 [INFO] 198.18.0.121 : Command 'show processes cpu history' sent
2023-03-27 10:48:44,156 [INFO] 198.18.0.121 : Output saved to out/getCPU/2023-03-27/history/xe1_show processes cpu history_2023-03-27_10-48.txt
2023-03-27 10:48:44,175 [INFO] 198.18.0.123 : Disconnected succcessfully
2023-03-27 10:48:44,180 [INFO] 198.18.0.121 : Disconnected succcessfully
2023-03-27 10:48:44,384 [INFO] 198.18.0.131 : Command 'show processes cpu' sent
2023-03-27 10:48:44,386 [INFO] 198.18.0.131 : Command 'show processes cpu' parsed
2023-03-27 10:48:44,387 [INFO] 198.18.0.131 : Output saved to out/getCPU/2023-03-27/raw_data/xr1_show processes cpu_2023-03-27_10-48.csv
2023-03-27 10:48:44,387 [INFO] 198.18.0.131 : Output appended to out/getCPU/2023-03-27/xr1_show processes cpu_summary_2023-03-27_10-48.csv
2023-03-27 10:48:44,448 [INFO] 198.18.0.132 : Command 'show processes cpu history' sent
2023-03-27 10:48:44,449 [INFO] 198.18.0.132 : Output saved to out/getCPU/2023-03-27/history/xr2_show processes cpu history_2023-03-27_10-48.txt
2023-03-27 10:48:44,487 [INFO] 198.18.0.132 : Disconnected succcessfully
2023-03-27 10:48:44,571 [INFO] 198.18.0.131 : Command 'show processes cpu history' sent
2023-03-27 10:48:44,572 [INFO] 198.18.0.131 : Output saved to out/getCPU/2023-03-27/history/xr1_show processes cpu history_2023-03-27_10-48.txt
2023-03-27 10:48:44,597 [INFO] 198.18.0.131 : Disconnected succcessfully
2023-03-27 10:48:52,221 [ERROR] 198.18.0.133: Failed to connect
2023-03-27 11:13:31,075 [INFO] ---Starting the Application---
2023-03-27 11:13:31,081 [INFO] ---Initialize testbed file---
2023-03-27 11:13:31,082 [INFO] ---testbed file ready---
2023-03-27 11:13:33,152 [INFO] ---Opening Main Menu Application---
2023-03-27 11:13:35,482 [INFO] ---Get Inventory Device---
2023-03-27 11:13:35,539 [INFO] Connected (version 2.0, client Cisco-1.25)
2023-03-27 11:13:35,540 [INFO] Connected (version 2.0, client Cisco-1.25)
2023-03-27 11:13:35,540 [INFO] Connected (version 2.0, client Cisco-1.25)
2023-03-27 11:13:35,706 [INFO] Connected (version 2.0, client Cisco-2.0)
2023-03-27 11:13:35,717 [INFO] Connected (version 2.0, client Cisco-2.0)
2023-03-27 11:13:35,997 [INFO] Authentication (password) successful!
2023-03-27 11:13:36,002 [INFO] Authentication (password) successful!
2023-03-27 11:13:36,158 [INFO] Authentication (password) successful!
2023-03-27 11:13:36,332 [INFO] Authentication (password) successful!
2023-03-27 11:13:36,355 [INFO] Authentication (password) successful!
2023-03-27 11:13:36,386 [INFO] 198.18.0.122 : Connected 
2023-03-27 11:13:36,386 [INFO] 198.18.0.123 : Connected 
2023-03-27 11:13:36,569 [INFO] 198.18.0.121 : Connected 
2023-03-27 11:13:36,607 [INFO] 198.18.0.123 : Entered enable mode 
2023-03-27 11:13:36,657 [INFO] 198.18.0.122 : Entered enable mode 
2023-03-27 11:13:36,755 [INFO] 198.18.0.123 : Command 'show inventory' sent
2023-03-27 11:13:36,782 [INFO] 198.18.0.123 : Command 'show inventory' parsed
2023-03-27 11:13:36,782 [INFO] 198.18.0.122 : Command 'show inventory' sent
2023-03-27 11:13:36,783 [INFO] 198.18.0.123 : Output saved to out/getInven/2023-03-27/raw_data/xe3_show inventory_2023-03-27_11-13.csv
2023-03-27 11:13:36,783 [INFO] 198.18.0.122 : Command 'show inventory' parsed
2023-03-27 11:13:36,783 [INFO] 198.18.0.123 : Output appended to out/getInven/2023-03-27/xe3_show inventory_summary_2023-03-27_11-13.csv
2023-03-27 11:13:36,784 [INFO] 198.18.0.123 : Output appended to out/getInven/2023-03-27/xe3_show inventory_summary_2023-03-27_11-13.csv
2023-03-27 11:13:36,784 [INFO] 198.18.0.122 : Output saved to out/getInven/2023-03-27/raw_data/xe2_show inventory_2023-03-27_11-13.csv
2023-03-27 11:13:36,784 [INFO] 198.18.0.122 : Output appended to out/getInven/2023-03-27/xe2_show inventory_summary_2023-03-27_11-13.csv
2023-03-27 11:13:36,784 [INFO] 198.18.0.123 : Output appended to out/getInven/2023-03-27/xe3_show inventory_summary_2023-03-27_11-13.csv
2023-03-27 11:13:36,784 [INFO] 198.18.0.122 : Output appended to out/getInven/2023-03-27/xe2_show inventory_summary_2023-03-27_11-13.csv
2023-03-27 11:13:36,784 [INFO] 198.18.0.122 : Output appended to out/getInven/2023-03-27/xe2_show inventory_summary_2023-03-27_11-13.csv
2023-03-27 11:13:36,808 [INFO] 198.18.0.132 : Connected 
2023-03-27 11:13:36,808 [INFO] 198.18.0.122 : Disconnected succcessfully
2023-03-27 11:13:36,809 [INFO] 198.18.0.123 : Disconnected succcessfully
2023-03-27 11:13:36,821 [INFO] 198.18.0.132 : Entered enable mode 
2023-03-27 11:13:37,424 [INFO] 198.18.0.131 : Connected 
2023-03-27 11:13:37,425 [INFO] 198.18.0.132 : Command 'show inventory' sent
2023-03-27 11:13:37,429 [INFO] 198.18.0.132 : Command 'show inventory' parsed
2023-03-27 11:13:37,430 [INFO] 198.18.0.132 : Output saved to out/getInven/2023-03-27/raw_data/xr2_show inventory_2023-03-27_11-13.csv
2023-03-27 11:13:37,430 [INFO] 198.18.0.132 : Output appended to out/getInven/2023-03-27/xr2_show inventory_summary_2023-03-27_11-13.csv
2023-03-27 11:13:37,430 [INFO] 198.18.0.132 : Output appended to out/getInven/2023-03-27/xr2_show inventory_summary_2023-03-27_11-13.csv
2023-03-27 11:13:37,430 [INFO] 198.18.0.132 : Output appended to out/getInven/2023-03-27/xr2_show inventory_summary_2023-03-27_11-13.csv
2023-03-27 11:13:37,431 [INFO] 198.18.0.132 : Output appended to out/getInven/2023-03-27/xr2_show inventory_summary_2023-03-27_11-13.csv
2023-03-27 11:13:37,431 [INFO] 198.18.0.132 : Output appended to out/getInven/2023-03-27/xr2_show inventory_summary_2023-03-27_11-13.csv
2023-03-27 11:13:37,431 [INFO] 198.18.0.132 : Output appended to out/getInven/2023-03-27/xr2_show inventory_summary_2023-03-27_11-13.csv
2023-03-27 11:13:37,431 [INFO] 198.18.0.132 : Output appended to out/getInven/2023-03-27/xr2_show inventory_summary_2023-03-27_11-13.csv
2023-03-27 11:13:37,431 [INFO] 198.18.0.132 : Output appended to out/getInven/2023-03-27/xr2_show inventory_summary_2023-03-27_11-13.csv
2023-03-27 11:13:37,431 [INFO] 198.18.0.132 : Output appended to out/getInven/2023-03-27/xr2_show inventory_summary_2023-03-27_11-13.csv
2023-03-27 11:13:37,432 [INFO] 198.18.0.132 : Output appended to out/getInven/2023-03-27/xr2_show inventory_summary_2023-03-27_11-13.csv
2023-03-27 11:13:37,448 [INFO] 198.18.0.131 : Entered enable mode 
2023-03-27 11:13:37,468 [INFO] 198.18.0.132 : Disconnected succcessfully
2023-03-27 11:13:37,852 [INFO] 198.18.0.121 : Entered enable mode 
2023-03-27 11:13:37,882 [INFO] 198.18.0.131 : Command 'show inventory' sent
2023-03-27 11:13:37,885 [INFO] 198.18.0.131 : Command 'show inventory' parsed
2023-03-27 11:13:37,885 [INFO] 198.18.0.131 : Output saved to out/getInven/2023-03-27/raw_data/xr1_show inventory_2023-03-27_11-13.csv
2023-03-27 11:13:37,885 [INFO] 198.18.0.131 : Output appended to out/getInven/2023-03-27/xr1_show inventory_summary_2023-03-27_11-13.csv
2023-03-27 11:13:37,886 [INFO] 198.18.0.131 : Output appended to out/getInven/2023-03-27/xr1_show inventory_summary_2023-03-27_11-13.csv
2023-03-27 11:13:37,886 [INFO] 198.18.0.131 : Output appended to out/getInven/2023-03-27/xr1_show inventory_summary_2023-03-27_11-13.csv
2023-03-27 11:13:37,886 [INFO] 198.18.0.131 : Output appended to out/getInven/2023-03-27/xr1_show inventory_summary_2023-03-27_11-13.csv
2023-03-27 11:13:37,886 [INFO] 198.18.0.131 : Output appended to out/getInven/2023-03-27/xr1_show inventory_summary_2023-03-27_11-13.csv
2023-03-27 11:13:37,886 [INFO] 198.18.0.131 : Output appended to out/getInven/2023-03-27/xr1_show inventory_summary_2023-03-27_11-13.csv
2023-03-27 11:13:37,886 [INFO] 198.18.0.131 : Output appended to out/getInven/2023-03-27/xr1_show inventory_summary_2023-03-27_11-13.csv
2023-03-27 11:13:37,887 [INFO] 198.18.0.131 : Output appended to out/getInven/2023-03-27/xr1_show inventory_summary_2023-03-27_11-13.csv
2023-03-27 11:13:37,887 [INFO] 198.18.0.131 : Output appended to out/getInven/2023-03-27/xr1_show inventory_summary_2023-03-27_11-13.csv
2023-03-27 11:13:37,887 [INFO] 198.18.0.131 : Output appended to out/getInven/2023-03-27/xr1_show inventory_summary_2023-03-27_11-13.csv
2023-03-27 11:13:37,913 [INFO] 198.18.0.131 : Disconnected succcessfully
2023-03-27 11:13:37,988 [INFO] 198.18.0.121 : Command 'show inventory' sent
2023-03-27 11:13:37,990 [INFO] 198.18.0.121 : Command 'show inventory' parsed
2023-03-27 11:13:37,991 [INFO] 198.18.0.121 : Output saved to out/getInven/2023-03-27/raw_data/xe1_show inventory_2023-03-27_11-13.csv
2023-03-27 11:13:37,991 [INFO] 198.18.0.121 : Output appended to out/getInven/2023-03-27/xe1_show inventory_summary_2023-03-27_11-13.csv
2023-03-27 11:13:37,991 [INFO] 198.18.0.121 : Output appended to out/getInven/2023-03-27/xe1_show inventory_summary_2023-03-27_11-13.csv
2023-03-27 11:13:37,991 [INFO] 198.18.0.121 : Output appended to out/getInven/2023-03-27/xe1_show inventory_summary_2023-03-27_11-13.csv
2023-03-27 11:13:38,066 [INFO] 198.18.0.121 : Disconnected succcessfully
2023-03-27 11:13:45,491 [ERROR] 198.18.0.133: Failed to connect
2023-03-27 11:13:54,538 [INFO] ---Starting the Application---
2023-03-27 11:13:54,544 [INFO] ---Initialize testbed file---
2023-03-27 11:13:54,544 [INFO] ---testbed file ready---
2023-03-27 11:13:56,291 [INFO] ---Opening Main Menu Application---
2023-03-27 11:13:58,600 [INFO] ---Get CPU Utilization---
2023-03-27 11:13:58,655 [INFO] Connected (version 2.0, client Cisco-1.25)
2023-03-27 11:13:58,655 [INFO] Connected (version 2.0, client Cisco-1.25)
2023-03-27 11:13:58,656 [INFO] Connected (version 2.0, client Cisco-1.25)
2023-03-27 11:13:58,838 [INFO] Connected (version 2.0, client Cisco-2.0)
2023-03-27 11:13:58,842 [INFO] Connected (version 2.0, client Cisco-2.0)
2023-03-27 11:13:59,305 [INFO] Authentication (password) successful!
2023-03-27 11:13:59,312 [INFO] Authentication (password) successful!
2023-03-27 11:13:59,318 [INFO] Authentication (password) successful!
2023-03-27 11:13:59,444 [INFO] Authentication (password) successful!
2023-03-27 11:13:59,482 [INFO] Authentication (password) successful!
2023-03-27 11:13:59,685 [INFO] 198.18.0.122 : Connected 
2023-03-27 11:13:59,698 [INFO] 198.18.0.123 : Connected 
2023-03-27 11:13:59,710 [INFO] 198.18.0.121 : Connected 
2023-03-27 11:13:59,895 [INFO] 198.18.0.122 : Entered enable mode 
2023-03-27 11:13:59,920 [INFO] 198.18.0.121 : Entered enable mode 
2023-03-27 11:13:59,930 [INFO] 198.18.0.131 : Connected 
2023-03-27 11:13:59,943 [INFO] 198.18.0.131 : Entered enable mode 
2023-03-27 11:14:00,000 [INFO] 198.18.0.132 : Connected 
2023-03-27 11:14:00,077 [INFO] 198.18.0.123 : Entered enable mode 
2023-03-27 11:14:00,083 [INFO] 198.18.0.132 : Entered enable mode 
2023-03-27 11:14:00,285 [INFO] 198.18.0.122 : Command 'show processes cpu' sent
2023-03-27 11:14:00,342 [INFO] 198.18.0.122 : Command 'show processes cpu' parsed
2023-03-27 11:14:00,342 [INFO] 198.18.0.122 : Output saved to out/getCPU/2023-03-27/raw_data/xe2_show processes cpu_2023-03-27_11-13.csv
2023-03-27 11:14:00,342 [INFO] 198.18.0.122 : Output appended to out/getCPU/2023-03-27/xe2_show processes cpu_summary_2023-03-27_11-13.csv
2023-03-27 11:14:00,355 [INFO] 198.18.0.121 : Command 'show processes cpu' sent
2023-03-27 11:14:00,357 [INFO] 198.18.0.121 : Command 'show processes cpu' parsed
2023-03-27 11:14:00,357 [INFO] 198.18.0.121 : Output saved to out/getCPU/2023-03-27/raw_data/xe1_show processes cpu_2023-03-27_11-13.csv
2023-03-27 11:14:00,357 [INFO] 198.18.0.121 : Output appended to out/getCPU/2023-03-27/xe1_show processes cpu_summary_2023-03-27_11-13.csv
2023-03-27 11:14:00,437 [INFO] 198.18.0.132 : Command 'show processes cpu' sent
2023-03-27 11:14:00,438 [INFO] 198.18.0.132 : Command 'show processes cpu' parsed
2023-03-27 11:14:00,439 [INFO] 198.18.0.132 : Output saved to out/getCPU/2023-03-27/raw_data/xr2_show processes cpu_2023-03-27_11-13.csv
2023-03-27 11:14:00,439 [INFO] 198.18.0.132 : Output appended to out/getCPU/2023-03-27/xr2_show processes cpu_summary_2023-03-27_11-13.csv
2023-03-27 11:14:00,482 [INFO] 198.18.0.131 : Command 'show processes cpu' sent
2023-03-27 11:14:00,483 [INFO] 198.18.0.131 : Command 'show processes cpu' parsed
2023-03-27 11:14:00,484 [INFO] 198.18.0.131 : Output saved to out/getCPU/2023-03-27/raw_data/xr1_show processes cpu_2023-03-27_11-13.csv
2023-03-27 11:14:00,484 [INFO] 198.18.0.131 : Output appended to out/getCPU/2023-03-27/xr1_show processes cpu_summary_2023-03-27_11-13.csv
2023-03-27 11:14:00,497 [INFO] 198.18.0.122 : Command 'show processes cpu history' sent
2023-03-27 11:14:00,497 [INFO] 198.18.0.122 : Output saved to out/getCPU/2023-03-27/history/xe2_show processes cpu history_2023-03-27_11-13.txt
2023-03-27 11:14:00,535 [INFO] 198.18.0.122 : Disconnected succcessfully
2023-03-27 11:14:00,543 [INFO] 198.18.0.123 : Command 'show processes cpu' sent
2023-03-27 11:14:00,545 [INFO] 198.18.0.123 : Command 'show processes cpu' parsed
2023-03-27 11:14:00,546 [INFO] 198.18.0.123 : Output saved to out/getCPU/2023-03-27/raw_data/xe3_show processes cpu_2023-03-27_11-13.csv
2023-03-27 11:14:00,546 [INFO] 198.18.0.123 : Output appended to out/getCPU/2023-03-27/xe3_show processes cpu_summary_2023-03-27_11-13.csv
2023-03-27 11:14:00,576 [INFO] 198.18.0.121 : Command 'show processes cpu history' sent
2023-03-27 11:14:00,576 [INFO] 198.18.0.121 : Output saved to out/getCPU/2023-03-27/history/xe1_show processes cpu history_2023-03-27_11-13.txt
2023-03-27 11:14:00,602 [INFO] 198.18.0.121 : Disconnected succcessfully
2023-03-27 11:14:00,704 [INFO] 198.18.0.123 : Command 'show processes cpu history' sent
2023-03-27 11:14:00,705 [INFO] 198.18.0.123 : Output saved to out/getCPU/2023-03-27/history/xe3_show processes cpu history_2023-03-27_11-13.txt
2023-03-27 11:14:00,741 [INFO] 198.18.0.123 : Disconnected succcessfully
2023-03-27 11:14:00,776 [INFO] 198.18.0.131 : Command 'show processes cpu history' sent
2023-03-27 11:14:00,776 [INFO] 198.18.0.131 : Output saved to out/getCPU/2023-03-27/history/xr1_show processes cpu history_2023-03-27_11-13.txt
2023-03-27 11:14:00,783 [INFO] 198.18.0.132 : Command 'show processes cpu history' sent
2023-03-27 11:14:00,784 [INFO] 198.18.0.132 : Output saved to out/getCPU/2023-03-27/history/xr2_show processes cpu history_2023-03-27_11-13.txt
2023-03-27 11:14:00,802 [INFO] 198.18.0.131 : Disconnected succcessfully
2023-03-27 11:14:00,808 [INFO] 198.18.0.132 : Disconnected succcessfully
2023-03-27 11:14:08,608 [ERROR] 198.18.0.133: Failed to connect
2023-03-27 13:41:16,233 [INFO] ---Starting the Application---
2023-03-27 13:41:16,241 [INFO] ---Initialize testbed file---
2023-03-27 13:41:16,241 [INFO] ---testbed file ready---
2023-03-27 13:41:30,070 [INFO] ---Opening Main Menu Application---
2023-03-27 13:41:41,176 [INFO] ---Get Inventory Device---
2023-03-27 13:41:51,139 [INFO] ---Starting the Application---
2023-03-27 13:41:51,145 [INFO] ---Initialize testbed file---
2023-03-27 13:41:51,146 [INFO] ---testbed file ready---
2023-03-27 13:41:52,624 [INFO] ---Opening Main Menu Application---
2023-03-27 13:41:54,324 [INFO] ---Get Inventory Device---
2023-03-27 13:41:54,388 [INFO] Connected (version 2.0, client Cisco-1.25)
2023-03-27 13:41:54,388 [INFO] Connected (version 2.0, client Cisco-1.25)
2023-03-27 13:41:54,388 [INFO] Connected (version 2.0, client Cisco-1.25)
2023-03-27 13:41:54,653 [INFO] Connected (version 2.0, client Cisco-2.0)
2023-03-27 13:41:54,653 [INFO] Connected (version 2.0, client Cisco-2.0)
2023-03-27 13:41:54,887 [INFO] Authentication (password) successful!
2023-03-27 13:41:54,982 [INFO] Authentication (password) successful!
2023-03-27 13:41:55,205 [INFO] Authentication (password) successful!
2023-03-27 13:41:55,242 [INFO] 198.18.0.123 : Connected 
2023-03-27 13:41:55,246 [INFO] Authentication (password) successful!
2023-03-27 13:41:55,268 [INFO] Authentication (password) successful!
2023-03-27 13:41:55,410 [INFO] 198.18.0.122 : Connected 
2023-03-27 13:41:55,583 [INFO] 198.18.0.121 : Connected 
2023-03-27 13:41:55,676 [INFO] 198.18.0.132 : Connected 
2023-03-27 13:41:55,690 [INFO] 198.18.0.132 : Entered enable mode 
2023-03-27 13:41:55,739 [INFO] 198.18.0.131 : Connected 
2023-03-27 13:41:55,739 [INFO] 198.18.0.122 : Entered enable mode 
2023-03-27 13:41:55,790 [INFO] 198.18.0.131 : Entered enable mode 
2023-03-27 13:41:55,873 [INFO] 198.18.0.122 : Command 'show inventory' sent
2023-03-27 13:41:55,926 [INFO] 198.18.0.122 : Command 'show inventory' parsed
2023-03-27 13:41:55,926 [INFO] 198.18.0.122 : Output saved to out/getInven/2023-03-27/raw_data/xe2_show inventory_2023-03-27_13-41.csv
2023-03-27 13:41:55,927 [INFO] 198.18.0.122 : Output appended to out/getInven/2023-03-27/xe2_show inventory_summary_2023-03-27_13-41.csv
2023-03-27 13:41:55,927 [INFO] 198.18.0.122 : Output appended to out/getInven/2023-03-27/xe2_show inventory_summary_2023-03-27_13-41.csv
2023-03-27 13:41:55,927 [INFO] 198.18.0.122 : Output appended to out/getInven/2023-03-27/xe2_show inventory_summary_2023-03-27_13-41.csv
2023-03-27 13:41:55,964 [INFO] 198.18.0.122 : Disconnected succcessfully
2023-03-27 13:41:56,280 [INFO] 198.18.0.131 : Command 'show inventory' sent
2023-03-27 13:41:56,280 [INFO] 198.18.0.132 : Command 'show inventory' sent
2023-03-27 13:41:56,286 [INFO] 198.18.0.131 : Command 'show inventory' parsed
2023-03-27 13:41:56,289 [INFO] 198.18.0.132 : Command 'show inventory' parsed
2023-03-27 13:41:56,290 [INFO] 198.18.0.132 : Output saved to out/getInven/2023-03-27/raw_data/xr2_show inventory_2023-03-27_13-41.csv
2023-03-27 13:41:56,290 [INFO] 198.18.0.131 : Output saved to out/getInven/2023-03-27/raw_data/xr1_show inventory_2023-03-27_13-41.csv
2023-03-27 13:41:56,290 [INFO] 198.18.0.132 : Output appended to out/getInven/2023-03-27/xr2_show inventory_summary_2023-03-27_13-41.csv
2023-03-27 13:41:56,290 [INFO] 198.18.0.131 : Output appended to out/getInven/2023-03-27/xr1_show inventory_summary_2023-03-27_13-41.csv
2023-03-27 13:41:56,291 [INFO] 198.18.0.132 : Output appended to out/getInven/2023-03-27/xr2_show inventory_summary_2023-03-27_13-41.csv
2023-03-27 13:41:56,291 [INFO] 198.18.0.131 : Output appended to out/getInven/2023-03-27/xr1_show inventory_summary_2023-03-27_13-41.csv
2023-03-27 13:41:56,291 [INFO] 198.18.0.132 : Output appended to out/getInven/2023-03-27/xr2_show inventory_summary_2023-03-27_13-41.csv
2023-03-27 13:41:56,291 [INFO] 198.18.0.131 : Output appended to out/getInven/2023-03-27/xr1_show inventory_summary_2023-03-27_13-41.csv
2023-03-27 13:41:56,291 [INFO] 198.18.0.132 : Output appended to out/getInven/2023-03-27/xr2_show inventory_summary_2023-03-27_13-41.csv
2023-03-27 13:41:56,292 [INFO] 198.18.0.131 : Output appended to out/getInven/2023-03-27/xr1_show inventory_summary_2023-03-27_13-41.csv
2023-03-27 13:41:56,292 [INFO] 198.18.0.132 : Output appended to out/getInven/2023-03-27/xr2_show inventory_summary_2023-03-27_13-41.csv
2023-03-27 13:41:56,292 [INFO] 198.18.0.131 : Output appended to out/getInven/2023-03-27/xr1_show inventory_summary_2023-03-27_13-41.csv
2023-03-27 13:41:56,292 [INFO] 198.18.0.131 : Output appended to out/getInven/2023-03-27/xr1_show inventory_summary_2023-03-27_13-41.csv
2023-03-27 13:41:56,293 [INFO] 198.18.0.132 : Output appended to out/getInven/2023-03-27/xr2_show inventory_summary_2023-03-27_13-41.csv
2023-03-27 13:41:56,293 [INFO] 198.18.0.131 : Output appended to out/getInven/2023-03-27/xr1_show inventory_summary_2023-03-27_13-41.csv
2023-03-27 13:41:56,293 [INFO] 198.18.0.132 : Output appended to out/getInven/2023-03-27/xr2_show inventory_summary_2023-03-27_13-41.csv
2023-03-27 13:41:56,293 [INFO] 198.18.0.132 : Output appended to out/getInven/2023-03-27/xr2_show inventory_summary_2023-03-27_13-41.csv
2023-03-27 13:41:56,293 [INFO] 198.18.0.131 : Output appended to out/getInven/2023-03-27/xr1_show inventory_summary_2023-03-27_13-41.csv
2023-03-27 13:41:56,294 [INFO] 198.18.0.132 : Output appended to out/getInven/2023-03-27/xr2_show inventory_summary_2023-03-27_13-41.csv
2023-03-27 13:41:56,294 [INFO] 198.18.0.132 : Output appended to out/getInven/2023-03-27/xr2_show inventory_summary_2023-03-27_13-41.csv
2023-03-27 13:41:56,295 [INFO] 198.18.0.131 : Output appended to out/getInven/2023-03-27/xr1_show inventory_summary_2023-03-27_13-41.csv
2023-03-27 13:41:56,296 [INFO] 198.18.0.131 : Output appended to out/getInven/2023-03-27/xr1_show inventory_summary_2023-03-27_13-41.csv
2023-03-27 13:41:56,319 [INFO] 198.18.0.131 : Disconnected succcessfully
2023-03-27 13:41:56,320 [INFO] 198.18.0.132 : Disconnected succcessfully
2023-03-27 13:41:56,469 [INFO] 198.18.0.123 : Entered enable mode 
2023-03-27 13:41:56,643 [INFO] 198.18.0.123 : Command 'show inventory' sent
2023-03-27 13:41:56,646 [INFO] 198.18.0.123 : Command 'show inventory' parsed
2023-03-27 13:41:56,648 [INFO] 198.18.0.123 : Output saved to out/getInven/2023-03-27/raw_data/xe3_show inventory_2023-03-27_13-41.csv
2023-03-27 13:41:56,649 [INFO] 198.18.0.123 : Output appended to out/getInven/2023-03-27/xe3_show inventory_summary_2023-03-27_13-41.csv
2023-03-27 13:41:56,649 [INFO] 198.18.0.123 : Output appended to out/getInven/2023-03-27/xe3_show inventory_summary_2023-03-27_13-41.csv
2023-03-27 13:41:56,650 [INFO] 198.18.0.123 : Output appended to out/getInven/2023-03-27/xe3_show inventory_summary_2023-03-27_13-41.csv
2023-03-27 13:41:56,687 [INFO] 198.18.0.123 : Disconnected succcessfully
2023-03-27 13:41:56,796 [INFO] 198.18.0.121 : Entered enable mode 
2023-03-27 13:41:56,992 [INFO] 198.18.0.121 : Command 'show inventory' sent
2023-03-27 13:41:56,995 [INFO] 198.18.0.121 : Command 'show inventory' parsed
2023-03-27 13:41:56,996 [INFO] 198.18.0.121 : Output saved to out/getInven/2023-03-27/raw_data/xe1_show inventory_2023-03-27_13-41.csv
2023-03-27 13:41:56,997 [INFO] 198.18.0.121 : Output appended to out/getInven/2023-03-27/xe1_show inventory_summary_2023-03-27_13-41.csv
2023-03-27 13:41:56,997 [INFO] 198.18.0.121 : Output appended to out/getInven/2023-03-27/xe1_show inventory_summary_2023-03-27_13-41.csv
2023-03-27 13:41:56,997 [INFO] 198.18.0.121 : Output appended to out/getInven/2023-03-27/xe1_show inventory_summary_2023-03-27_13-41.csv
2023-03-27 13:41:57,023 [INFO] 198.18.0.121 : Disconnected succcessfully
2023-03-27 13:42:04,343 [ERROR] 198.18.0.133: Failed to connect
2023-03-27 13:42:13,045 [INFO] ---Starting the Application---
2023-03-27 13:42:13,051 [INFO] ---Initialize testbed file---
2023-03-27 13:42:13,052 [INFO] ---testbed file ready---
2023-03-27 13:42:14,816 [INFO] ---Opening Main Menu Application---
2023-03-27 13:42:20,566 [INFO] ---Get Inventory Device---
2023-03-27 13:42:20,635 [INFO] Connected (version 2.0, client Cisco-1.25)
2023-03-27 13:42:20,664 [INFO] Connected (version 2.0, client Cisco-1.25)
2023-03-27 13:42:20,664 [INFO] Connected (version 2.0, client Cisco-1.25)
2023-03-27 13:42:20,810 [INFO] Connected (version 2.0, client Cisco-2.0)
2023-03-27 13:42:20,834 [INFO] Connected (version 2.0, client Cisco-2.0)
2023-03-27 13:42:21,089 [INFO] Authentication (password) successful!
2023-03-27 13:42:21,109 [INFO] Authentication (password) successful!
2023-03-27 13:42:21,199 [INFO] Authentication (password) successful!
2023-03-27 13:42:21,544 [INFO] Authentication (password) successful!
2023-03-27 13:42:21,549 [INFO] Authentication (password) successful!
2023-03-27 13:42:21,577 [INFO] 198.18.0.121 : Connected 
2023-03-27 13:42:21,577 [INFO] 198.18.0.122 : Connected 
2023-03-27 13:42:21,628 [INFO] 198.18.0.123 : Connected 
2023-03-27 13:42:21,828 [INFO] 198.18.0.122 : Entered enable mode 
2023-03-27 13:42:21,982 [INFO] 198.18.0.132 : Connected 
2023-03-27 13:42:22,005 [INFO] 198.18.0.121 : Entered enable mode 
2023-03-27 13:42:22,007 [INFO] 198.18.0.122 : Command 'show inventory' sent
2023-03-27 13:42:22,041 [INFO] 198.18.0.131 : Connected 
2023-03-27 13:42:22,055 [INFO] 198.18.0.122 : Command 'show inventory' parsed
2023-03-27 13:42:22,056 [INFO] 198.18.0.122 : Output saved to out/getInven/2023-03-27/raw_data/xe2_show inventory_2023-03-27_13-42.csv
2023-03-27 13:42:22,056 [INFO] 198.18.0.122 : Output appended to out/getInven/2023-03-27/xe2_show inventory_summary_2023-03-27_13-42.csv
2023-03-27 13:42:22,056 [INFO] 198.18.0.122 : Output appended to out/getInven/2023-03-27/xe2_show inventory_summary_2023-03-27_13-42.csv
2023-03-27 13:42:22,056 [INFO] 198.18.0.122 : Output appended to out/getInven/2023-03-27/xe2_show inventory_summary_2023-03-27_13-42.csv
2023-03-27 13:42:22,066 [INFO] 198.18.0.131 : Entered enable mode 
2023-03-27 13:42:22,066 [INFO] 198.18.0.132 : Entered enable mode 
2023-03-27 13:42:22,105 [INFO] 198.18.0.122 : Disconnected succcessfully
2023-03-27 13:42:22,147 [INFO] 198.18.0.121 : Command 'show inventory' sent
2023-03-27 13:42:22,148 [INFO] 198.18.0.121 : Command 'show inventory' parsed
2023-03-27 13:42:22,149 [INFO] 198.18.0.121 : Output saved to out/getInven/2023-03-27/raw_data/xe1_show inventory_2023-03-27_13-42.csv
2023-03-27 13:42:22,149 [INFO] 198.18.0.121 : Output appended to out/getInven/2023-03-27/xe1_show inventory_summary_2023-03-27_13-42.csv
2023-03-27 13:42:22,149 [INFO] 198.18.0.121 : Output appended to out/getInven/2023-03-27/xe1_show inventory_summary_2023-03-27_13-42.csv
2023-03-27 13:42:22,149 [INFO] 198.18.0.121 : Output appended to out/getInven/2023-03-27/xe1_show inventory_summary_2023-03-27_13-42.csv
2023-03-27 13:42:22,198 [INFO] 198.18.0.121 : Disconnected succcessfully
2023-03-27 13:42:22,582 [INFO] 198.18.0.132 : Command 'show inventory' sent
2023-03-27 13:42:22,584 [INFO] 198.18.0.132 : Command 'show inventory' parsed
2023-03-27 13:42:22,584 [INFO] 198.18.0.132 : Output saved to out/getInven/2023-03-27/raw_data/xr2_show inventory_2023-03-27_13-42.csv
2023-03-27 13:42:22,584 [INFO] 198.18.0.132 : Output appended to out/getInven/2023-03-27/xr2_show inventory_summary_2023-03-27_13-42.csv
2023-03-27 13:42:22,584 [INFO] 198.18.0.132 : Output appended to out/getInven/2023-03-27/xr2_show inventory_summary_2023-03-27_13-42.csv
2023-03-27 13:42:22,585 [INFO] 198.18.0.132 : Output appended to out/getInven/2023-03-27/xr2_show inventory_summary_2023-03-27_13-42.csv
2023-03-27 13:42:22,585 [INFO] 198.18.0.132 : Output appended to out/getInven/2023-03-27/xr2_show inventory_summary_2023-03-27_13-42.csv
2023-03-27 13:42:22,585 [INFO] 198.18.0.132 : Output appended to out/getInven/2023-03-27/xr2_show inventory_summary_2023-03-27_13-42.csv
2023-03-27 13:42:22,585 [INFO] 198.18.0.132 : Output appended to out/getInven/2023-03-27/xr2_show inventory_summary_2023-03-27_13-42.csv
2023-03-27 13:42:22,585 [INFO] 198.18.0.132 : Output appended to out/getInven/2023-03-27/xr2_show inventory_summary_2023-03-27_13-42.csv
2023-03-27 13:42:22,585 [INFO] 198.18.0.132 : Output appended to out/getInven/2023-03-27/xr2_show inventory_summary_2023-03-27_13-42.csv
2023-03-27 13:42:22,585 [INFO] 198.18.0.132 : Output appended to out/getInven/2023-03-27/xr2_show inventory_summary_2023-03-27_13-42.csv
2023-03-27 13:42:22,585 [INFO] 198.18.0.132 : Output appended to out/getInven/2023-03-27/xr2_show inventory_summary_2023-03-27_13-42.csv
2023-03-27 13:42:22,622 [INFO] 198.18.0.132 : Disconnected succcessfully
2023-03-27 13:42:22,639 [INFO] 198.18.0.131 : Command 'show inventory' sent
2023-03-27 13:42:22,640 [INFO] 198.18.0.131 : Command 'show inventory' parsed
2023-03-27 13:42:22,641 [INFO] 198.18.0.131 : Output saved to out/getInven/2023-03-27/raw_data/xr1_show inventory_2023-03-27_13-42.csv
2023-03-27 13:42:22,641 [INFO] 198.18.0.131 : Output appended to out/getInven/2023-03-27/xr1_show inventory_summary_2023-03-27_13-42.csv
2023-03-27 13:42:22,641 [INFO] 198.18.0.131 : Output appended to out/getInven/2023-03-27/xr1_show inventory_summary_2023-03-27_13-42.csv
2023-03-27 13:42:22,641 [INFO] 198.18.0.131 : Output appended to out/getInven/2023-03-27/xr1_show inventory_summary_2023-03-27_13-42.csv
2023-03-27 13:42:22,641 [INFO] 198.18.0.131 : Output appended to out/getInven/2023-03-27/xr1_show inventory_summary_2023-03-27_13-42.csv
2023-03-27 13:42:22,641 [INFO] 198.18.0.131 : Output appended to out/getInven/2023-03-27/xr1_show inventory_summary_2023-03-27_13-42.csv
2023-03-27 13:42:22,641 [INFO] 198.18.0.131 : Output appended to out/getInven/2023-03-27/xr1_show inventory_summary_2023-03-27_13-42.csv
2023-03-27 13:42:22,641 [INFO] 198.18.0.131 : Output appended to out/getInven/2023-03-27/xr1_show inventory_summary_2023-03-27_13-42.csv
2023-03-27 13:42:22,642 [INFO] 198.18.0.131 : Output appended to out/getInven/2023-03-27/xr1_show inventory_summary_2023-03-27_13-42.csv
2023-03-27 13:42:22,642 [INFO] 198.18.0.131 : Output appended to out/getInven/2023-03-27/xr1_show inventory_summary_2023-03-27_13-42.csv
2023-03-27 13:42:22,642 [INFO] 198.18.0.131 : Output appended to out/getInven/2023-03-27/xr1_show inventory_summary_2023-03-27_13-42.csv
2023-03-27 13:42:22,691 [INFO] 198.18.0.131 : Disconnected succcessfully
2023-03-27 13:42:22,812 [INFO] 198.18.0.123 : Entered enable mode 
2023-03-27 13:42:23,061 [INFO] 198.18.0.123 : Command 'show inventory' sent
2023-03-27 13:42:23,065 [INFO] 198.18.0.123 : Command 'show inventory' parsed
2023-03-27 13:42:23,067 [INFO] 198.18.0.123 : Output saved to out/getInven/2023-03-27/raw_data/xe3_show inventory_2023-03-27_13-42.csv
2023-03-27 13:42:23,067 [INFO] 198.18.0.123 : Output appended to out/getInven/2023-03-27/xe3_show inventory_summary_2023-03-27_13-42.csv
2023-03-27 13:42:23,068 [INFO] 198.18.0.123 : Output appended to out/getInven/2023-03-27/xe3_show inventory_summary_2023-03-27_13-42.csv
2023-03-27 13:42:23,069 [INFO] 198.18.0.123 : Output appended to out/getInven/2023-03-27/xe3_show inventory_summary_2023-03-27_13-42.csv
2023-03-27 13:42:23,095 [INFO] 198.18.0.123 : Disconnected succcessfully
2023-03-27 13:42:30,585 [ERROR] 198.18.0.133: Failed to connect
2023-03-27 13:43:05,174 [INFO] ---Starting the Application---
2023-03-27 13:43:05,180 [INFO] ---Initialize testbed file---
2023-03-27 13:43:05,181 [INFO] ---testbed file ready---
2023-03-27 13:43:06,689 [INFO] ---Opening Main Menu Application---
2023-03-27 13:43:09,518 [INFO] ---Get CPU Utilization---
2023-03-27 13:43:09,576 [INFO] Connected (version 2.0, client Cisco-1.25)
2023-03-27 13:43:09,576 [INFO] Connected (version 2.0, client Cisco-1.25)
2023-03-27 13:43:09,577 [INFO] Connected (version 2.0, client Cisco-1.25)
2023-03-27 13:43:09,752 [INFO] Connected (version 2.0, client Cisco-2.0)
2023-03-27 13:43:09,820 [INFO] Connected (version 2.0, client Cisco-2.0)
2023-03-27 13:43:10,273 [INFO] Authentication (password) successful!
2023-03-27 13:43:10,352 [INFO] Authentication (password) successful!
2023-03-27 13:43:10,354 [INFO] Authentication (password) successful!
2023-03-27 13:43:10,357 [INFO] Authentication (password) successful!
2023-03-27 13:43:10,459 [INFO] Authentication (password) successful!
2023-03-27 13:43:10,726 [INFO] 198.18.0.123 : Connected 
2023-03-27 13:43:10,750 [INFO] 198.18.0.121 : Connected 
2023-03-27 13:43:10,756 [INFO] 198.18.0.122 : Connected 
2023-03-27 13:43:10,913 [INFO] 198.18.0.132 : Connected 
2023-03-27 13:43:10,936 [INFO] 198.18.0.132 : Entered enable mode 
2023-03-27 13:43:10,938 [INFO] 198.18.0.123 : Entered enable mode 
2023-03-27 13:43:10,985 [INFO] 198.18.0.121 : Entered enable mode 
2023-03-27 13:43:11,041 [INFO] 198.18.0.122 : Entered enable mode 
2023-03-27 13:43:11,069 [INFO] 198.18.0.131 : Connected 
2023-03-27 13:43:11,117 [INFO] 198.18.0.131 : Entered enable mode 
2023-03-27 13:43:11,466 [INFO] 198.18.0.132 : Command 'show processes cpu' sent
2023-03-27 13:43:11,518 [INFO] 198.18.0.123 : Command 'show processes cpu' sent
2023-03-27 13:43:11,519 [INFO] 198.18.0.132 : Command 'show processes cpu' parsed
2023-03-27 13:43:11,521 [INFO] 198.18.0.123 : Command 'show processes cpu' parsed
2023-03-27 13:43:11,521 [INFO] 198.18.0.132 : Output saved to out/getCPU/2023-03-27/raw_data/xr2_show processes cpu_2023-03-27_13-43.csv
2023-03-27 13:43:11,522 [INFO] 198.18.0.123 : Output saved to out/getCPU/2023-03-27/raw_data/xe3_show processes cpu_2023-03-27_13-43.csv
2023-03-27 13:43:11,522 [INFO] 198.18.0.132 : Output appended to out/getCPU/2023-03-27/xr2_show processes cpu_summary_2023-03-27_13-43.csv
2023-03-27 13:43:11,522 [INFO] 198.18.0.123 : Output appended to out/getCPU/2023-03-27/xe3_show processes cpu_summary_2023-03-27_13-43.csv
2023-03-27 13:43:11,535 [INFO] 198.18.0.121 : Command 'show processes cpu' sent
2023-03-27 13:43:11,537 [INFO] 198.18.0.121 : Command 'show processes cpu' parsed
2023-03-27 13:43:11,537 [INFO] 198.18.0.121 : Output saved to out/getCPU/2023-03-27/raw_data/xe1_show processes cpu_2023-03-27_13-43.csv
2023-03-27 13:43:11,537 [INFO] 198.18.0.121 : Output appended to out/getCPU/2023-03-27/xe1_show processes cpu_summary_2023-03-27_13-43.csv
2023-03-27 13:43:11,556 [INFO] 198.18.0.131 : Command 'show processes cpu' sent
2023-03-27 13:43:11,556 [INFO] 198.18.0.131 : Command 'show processes cpu' parsed
2023-03-27 13:43:11,557 [INFO] 198.18.0.131 : Output saved to out/getCPU/2023-03-27/raw_data/xr1_show processes cpu_2023-03-27_13-43.csv
2023-03-27 13:43:11,557 [INFO] 198.18.0.131 : Output appended to out/getCPU/2023-03-27/xr1_show processes cpu_summary_2023-03-27_13-43.csv
2023-03-27 13:43:11,578 [INFO] 198.18.0.122 : Command 'show processes cpu' sent
2023-03-27 13:43:11,579 [INFO] 198.18.0.122 : Command 'show processes cpu' parsed
2023-03-27 13:43:11,580 [INFO] 198.18.0.122 : Output saved to out/getCPU/2023-03-27/raw_data/xe2_show processes cpu_2023-03-27_13-43.csv
2023-03-27 13:43:11,580 [INFO] 198.18.0.122 : Output appended to out/getCPU/2023-03-27/xe2_show processes cpu_summary_2023-03-27_13-43.csv
2023-03-27 13:43:11,688 [INFO] 198.18.0.123 : Command 'show processes cpu history' sent
2023-03-27 13:43:11,688 [INFO] 198.18.0.123 : Output saved to out/getCPU/2023-03-27/history/xe3_show processes cpu history_2023-03-27_13-43.txt
2023-03-27 13:43:11,714 [INFO] 198.18.0.123 : Disconnected succcessfully
2023-03-27 13:43:11,737 [INFO] 198.18.0.131 : Command 'show processes cpu history' sent
2023-03-27 13:43:11,737 [INFO] 198.18.0.131 : Output saved to out/getCPU/2023-03-27/history/xr1_show processes cpu history_2023-03-27_13-43.txt
2023-03-27 13:43:11,767 [INFO] 198.18.0.122 : Command 'show processes cpu history' sent
2023-03-27 13:43:11,767 [INFO] 198.18.0.122 : Output saved to out/getCPU/2023-03-27/history/xe2_show processes cpu history_2023-03-27_13-43.txt
2023-03-27 13:43:11,773 [INFO] 198.18.0.131 : Disconnected succcessfully
2023-03-27 13:43:11,793 [INFO] 198.18.0.122 : Disconnected succcessfully
2023-03-27 13:43:11,971 [INFO] 198.18.0.121 : Command 'show processes cpu history' sent
2023-03-27 13:43:11,972 [INFO] 198.18.0.121 : Output saved to out/getCPU/2023-03-27/history/xe1_show processes cpu history_2023-03-27_13-43.txt
2023-03-27 13:43:12,010 [INFO] 198.18.0.121 : Disconnected succcessfully
2023-03-27 13:43:19,529 [ERROR] 198.18.0.133: Failed to connect
2023-03-28 11:11:55,380 [INFO] ---Starting the Application---
2023-03-28 11:11:55,387 [INFO] ---Initialize testbed file---
2023-03-28 11:11:55,388 [INFO] ---testbed file ready---
2023-03-28 11:12:09,426 [INFO] ---Opening Main Menu Application---
2023-03-28 11:12:22,855 [INFO] ---Get Inventory Device---
2023-03-28 11:12:23,187 [INFO] Connected (version 2.0, client Cisco-2.0)
2023-03-28 11:12:23,217 [INFO] Connected (version 2.0, client Cisco-1.25)
2023-03-28 11:12:23,219 [INFO] Connected (version 2.0, client Cisco-1.25)
2023-03-28 11:12:23,221 [INFO] Connected (version 2.0, client Cisco-1.25)
2023-03-28 11:12:23,244 [INFO] Connected (version 2.0, client Cisco-2.0)
2023-03-28 11:12:23,819 [INFO] Authentication (password) successful!
2023-03-28 11:12:23,861 [INFO] Authentication (password) successful!
2023-03-28 11:12:23,885 [INFO] Authentication (password) successful!
2023-03-28 11:12:23,923 [INFO] Authentication (password) successful!
2023-03-28 11:12:23,932 [INFO] Authentication (password) successful!
2023-03-28 11:12:24,307 [INFO] 198.18.0.121 : Connected 
2023-03-28 11:12:24,373 [INFO] 198.18.0.131 : Connected 
2023-03-28 11:12:24,392 [INFO] 198.18.0.122 : Connected 
2023-03-28 11:12:24,417 [INFO] 198.18.0.123 : Connected 
2023-03-28 11:12:24,436 [INFO] 198.18.0.131 : Entered enable mode 
2023-03-28 11:12:24,552 [INFO] 198.18.0.121 : Entered enable mode 
2023-03-28 11:12:24,601 [INFO] 198.18.0.132 : Connected 
2023-03-28 11:12:24,649 [INFO] 198.18.0.132 : Entered enable mode 
2023-03-28 11:12:24,651 [INFO] 198.18.0.122 : Entered enable mode 
2023-03-28 11:12:24,662 [INFO] 198.18.0.123 : Entered enable mode 
2023-03-28 11:12:24,799 [INFO] 198.18.0.121 : Command 'show inventory' sent
2023-03-28 11:12:24,848 [INFO] 198.18.0.121 : Command 'show inventory' parsed
2023-03-28 11:12:24,848 [INFO] 198.18.0.121 : Output saved to out/getInven/2023-03-28/raw_data/xe1_show inventory_2023-03-28_11-11.csv
2023-03-28 11:12:24,849 [INFO] 198.18.0.121 : Output appended to out/getInven/2023-03-28/xe1_show inventory_summary_2023-03-28_11-11.csv
2023-03-28 11:12:24,849 [INFO] 198.18.0.121 : Output appended to out/getInven/2023-03-28/xe1_show inventory_summary_2023-03-28_11-11.csv
2023-03-28 11:12:24,849 [INFO] 198.18.0.121 : Output appended to out/getInven/2023-03-28/xe1_show inventory_summary_2023-03-28_11-11.csv
2023-03-28 11:12:24,868 [INFO] 198.18.0.131 : Command 'show inventory' sent
2023-03-28 11:12:24,869 [INFO] 198.18.0.131 : Command 'show inventory' parsed
2023-03-28 11:12:24,869 [INFO] 198.18.0.131 : Output saved to out/getInven/2023-03-28/raw_data/xr1_show inventory_2023-03-28_11-11.csv
2023-03-28 11:12:24,870 [INFO] 198.18.0.131 : Output appended to out/getInven/2023-03-28/xr1_show inventory_summary_2023-03-28_11-11.csv
2023-03-28 11:12:24,870 [INFO] 198.18.0.131 : Output appended to out/getInven/2023-03-28/xr1_show inventory_summary_2023-03-28_11-11.csv
2023-03-28 11:12:24,870 [INFO] 198.18.0.131 : Output appended to out/getInven/2023-03-28/xr1_show inventory_summary_2023-03-28_11-11.csv
2023-03-28 11:12:24,870 [INFO] 198.18.0.131 : Output appended to out/getInven/2023-03-28/xr1_show inventory_summary_2023-03-28_11-11.csv
2023-03-28 11:12:24,870 [INFO] 198.18.0.131 : Output appended to out/getInven/2023-03-28/xr1_show inventory_summary_2023-03-28_11-11.csv
2023-03-28 11:12:24,870 [INFO] 198.18.0.131 : Output appended to out/getInven/2023-03-28/xr1_show inventory_summary_2023-03-28_11-11.csv
2023-03-28 11:12:24,870 [INFO] 198.18.0.131 : Output appended to out/getInven/2023-03-28/xr1_show inventory_summary_2023-03-28_11-11.csv
2023-03-28 11:12:24,870 [INFO] 198.18.0.131 : Output appended to out/getInven/2023-03-28/xr1_show inventory_summary_2023-03-28_11-11.csv
2023-03-28 11:12:24,870 [INFO] 198.18.0.131 : Output appended to out/getInven/2023-03-28/xr1_show inventory_summary_2023-03-28_11-11.csv
2023-03-28 11:12:24,870 [INFO] 198.18.0.131 : Output appended to out/getInven/2023-03-28/xr1_show inventory_summary_2023-03-28_11-11.csv
2023-03-28 11:12:24,885 [INFO] 198.18.0.122 : Command 'show inventory' sent
2023-03-28 11:12:24,886 [INFO] 198.18.0.122 : Command 'show inventory' parsed
2023-03-28 11:12:24,886 [INFO] 198.18.0.122 : Output saved to out/getInven/2023-03-28/raw_data/xe2_show inventory_2023-03-28_11-11.csv
2023-03-28 11:12:24,886 [INFO] 198.18.0.122 : Output appended to out/getInven/2023-03-28/xe2_show inventory_summary_2023-03-28_11-11.csv
2023-03-28 11:12:24,886 [INFO] 198.18.0.122 : Output appended to out/getInven/2023-03-28/xe2_show inventory_summary_2023-03-28_11-11.csv
2023-03-28 11:12:24,886 [INFO] 198.18.0.122 : Output appended to out/getInven/2023-03-28/xe2_show inventory_summary_2023-03-28_11-11.csv
2023-03-28 11:12:24,895 [INFO] 198.18.0.131 : Disconnected succcessfully
2023-03-28 11:12:24,898 [INFO] 198.18.0.123 : Command 'show inventory' sent
2023-03-28 11:12:24,898 [INFO] 198.18.0.121 : Disconnected succcessfully
2023-03-28 11:12:24,899 [INFO] 198.18.0.123 : Command 'show inventory' parsed
2023-03-28 11:12:24,899 [INFO] 198.18.0.123 : Output saved to out/getInven/2023-03-28/raw_data/xe3_show inventory_2023-03-28_11-11.csv
2023-03-28 11:12:24,899 [INFO] 198.18.0.123 : Output appended to out/getInven/2023-03-28/xe3_show inventory_summary_2023-03-28_11-11.csv
2023-03-28 11:12:24,899 [INFO] 198.18.0.123 : Output appended to out/getInven/2023-03-28/xe3_show inventory_summary_2023-03-28_11-11.csv
2023-03-28 11:12:24,899 [INFO] 198.18.0.123 : Output appended to out/getInven/2023-03-28/xe3_show inventory_summary_2023-03-28_11-11.csv
2023-03-28 11:12:24,923 [INFO] 198.18.0.122 : Disconnected succcessfully
2023-03-28 11:12:24,937 [INFO] 198.18.0.123 : Disconnected succcessfully
2023-03-28 11:12:25,234 [INFO] 198.18.0.132 : Command 'show inventory' sent
2023-03-28 11:12:25,239 [INFO] 198.18.0.132 : Command 'show inventory' parsed
2023-03-28 11:12:25,240 [INFO] 198.18.0.132 : Output saved to out/getInven/2023-03-28/raw_data/xr2_show inventory_2023-03-28_11-11.csv
2023-03-28 11:12:25,241 [INFO] 198.18.0.132 : Output appended to out/getInven/2023-03-28/xr2_show inventory_summary_2023-03-28_11-11.csv
2023-03-28 11:12:25,242 [INFO] 198.18.0.132 : Output appended to out/getInven/2023-03-28/xr2_show inventory_summary_2023-03-28_11-11.csv
2023-03-28 11:12:25,242 [INFO] 198.18.0.132 : Output appended to out/getInven/2023-03-28/xr2_show inventory_summary_2023-03-28_11-11.csv
2023-03-28 11:12:25,243 [INFO] 198.18.0.132 : Output appended to out/getInven/2023-03-28/xr2_show inventory_summary_2023-03-28_11-11.csv
2023-03-28 11:12:25,243 [INFO] 198.18.0.132 : Output appended to out/getInven/2023-03-28/xr2_show inventory_summary_2023-03-28_11-11.csv
2023-03-28 11:12:25,243 [INFO] 198.18.0.132 : Output appended to out/getInven/2023-03-28/xr2_show inventory_summary_2023-03-28_11-11.csv
2023-03-28 11:12:25,243 [INFO] 198.18.0.132 : Output appended to out/getInven/2023-03-28/xr2_show inventory_summary_2023-03-28_11-11.csv
2023-03-28 11:12:25,244 [INFO] 198.18.0.132 : Output appended to out/getInven/2023-03-28/xr2_show inventory_summary_2023-03-28_11-11.csv
2023-03-28 11:12:25,244 [INFO] 198.18.0.132 : Output appended to out/getInven/2023-03-28/xr2_show inventory_summary_2023-03-28_11-11.csv
2023-03-28 11:12:25,244 [INFO] 198.18.0.132 : Output appended to out/getInven/2023-03-28/xr2_show inventory_summary_2023-03-28_11-11.csv
2023-03-28 11:12:25,282 [INFO] 198.18.0.132 : Disconnected succcessfully
2023-03-28 11:12:32,870 [ERROR] 198.18.0.133: Failed to connect
